{"meta": {"format": 3, "version": "7.13.5", "timestamp": "2026-04-05T23:58:46.331578", "branch_coverage": false, "show_contexts": false}, "files": {"app/__init__.py": {"executed_lines": [], "summary": {"covered_lines": 0, "num_statements": 0, "percent_covered": 100.0, "percent_covered_display": "100.00", "missing_lines": 0, "excluded_lines": 0, "percent_statements_covered": 100.0, "percent_statements_covered_display": "100.00"}, "missing_lines": [], "excluded_lines": [], "functions": {"": {"executed_lines": [], "summary": {"covered_lines": 0, "num_statements": 0, "percent_covered": 100.0, "percent_covered_display": "100.00", "missing_lines": 0, "excluded_lines": 0, "percent_statements_covered": 100.0, "percent_statements_covered_display": "100.00"}, "missing_lines": [], "excluded_lines": [], "start_line": 1}}, "classes": {"": {"executed_lines": [], "summary": {"covered_lines": 0, "num_statements": 0, "percent_covered": 100.0, "percent_covered_display": "100.00", "missing_lines": 0, "excluded_lines": 0, "percent_statements_covered": 100.0, "percent_statements_covered_display": "100.00"}, "missing_lines": [], "excluded_lines": [], "start_line": 1}}}, "app/api/__init__.py": {"executed_lines": [], "summary": {"covered_lines": 0, "num_statements": 0, "percent_covered": 100.0, "percent_covered_display": "100.00", "missing_lines": 0, "excluded_lines": 0, "percent_statements_covered": 100.0, "percent_statements_covered_display": "100.00"}, "missing_lines": [], "excluded_lines": [], "functions": {"": {"executed_lines": [], "summary": {"covered_lines": 0, "num_statements": 0, "percent_covered": 100.0, "percent_covered_display": "100.00", "missing_lines": 0, "excluded_lines": 0, "percent_statements_covered": 100.0, "percent_statements_covered_display": "100.00"}, "missing_lines": [], "excluded_lines": [], "start_line": 1}}, "classes": {"": {"executed_lines": [], "summary": {"covered_lines": 0, "num_statements": 0, "percent_covered": 100.0, "percent_covered_display": "100.00", "missing_lines": 0, "excluded_lines": 0, "percent_statements_covered": 100.0, "percent_statements_covered_display": "100.00"}, "missing_lines": [], "excluded_lines": [], "start_line": 1}}}, "app/api/approval/__init__.py": {"executed_lines": [11, 13, 16, 19], "summary": {"covered_lines": 4, "num_statements": 4, "percent_covered": 100.0, "percent_covered_display": "100.00", "missing_lines": 0, "excluded_lines": 0, "percent_statements_covered": 100.0, "percent_statements_covered_display": "100.00"}, "missing_lines": [], "excluded_lines": [], "functions": {"": {"executed_lines": [11, 13, 16, 19], "summary": {"covered_lines": 4, "num_statements": 4, "percent_covered": 100.0, "percent_covered_display": "100.00", "missing_lines": 0, "excluded_lines": 0, "percent_statements_covered": 100.0, "percent_statements_covered_display": "100.00"}, "missing_lines": [], "excluded_lines": [], "start_line": 1}}, "classes": {"": {"executed_lines": [11, 13, 16, 19], "summary": {"covered_lines": 4, "num_statements": 4, "percent_covered": 100.0, "percent_covered_display": "100.00", "missing_lines": 0, "excluded_lines": 0, "percent_statements_covered": 100.0, "percent_statements_covered_display": "100.00"}, "missing_lines": [], "excluded_lines": [], "start_line": 1}}}, "app/api/monitor.py": {"executed_lines": [4, 5, 6, 7, 8, 9, 10, 14, 15, 19, 21, 26, 28, 29, 30, 31, 32, 33, 34, 35, 38, 40, 41, 42, 43, 44, 45, 46, 47, 48, 51, 53, 54, 55, 56, 57, 58, 59, 60, 61, 64, 66, 67, 68, 69, 74, 75, 102, 103, 134, 135, 173, 174, 214, 215, 254, 255, 282, 283, 303, 304, 334, 335, 367, 368, 396, 397, 437, 438, 472, 473, 502, 503, 556, 557, 665, 666, 703, 704], "summary": {"covered_lines": 79, "num_statements": 222, "percent_covered": 35.585585585585584, "percent_covered_display": "35.59", "missing_lines": 143, "excluded_lines": 0, "percent_statements_covered": 35.585585585585584, "percent_statements_covered_display": "35.59"}, "missing_lines": [81, 85, 86, 89, 90, 91, 92, 95, 96, 97, 99, 109, 110, 113, 117, 118, 120, 125, 127, 129, 142, 143, 144, 145, 146, 152, 157, 158, 159, 164, 165, 166, 170, 183, 188, 190, 197, 200, 201, 202, 203, 205, 207, 220, 231, 240, 241, 243, 245, 247, 248, 249, 251, 261, 262, 266, 267, 269, 273, 275, 277, 288, 292, 293, 294, 300, 310, 311, 315, 316, 317, 318, 320, 325, 327, 329, 340, 353, 355, 374, 385, 386, 387, 388, 390, 392, 393, 403, 404, 407, 415, 423, 443, 457, 459, 479, 491, 492, 493, 494, 496, 498, 499, 509, 510, 513, 523, 536, 563, 644, 648, 649, 650, 651, 652, 653, 654, 657, 658, 659, 660, 662, 672, 674, 675, 676, 687, 688, 689, 691, 697, 698, 709, 710, 713, 719, 726, 727, 728, 729, 730, 731, 733], "excluded_lines": [], "functions": {"get_global_monitor_switches": {"executed_lines": [], "summary": {"covered_lines": 0, "num_statements": 11, "percent_covered": 0.0, "percent_covered_display": "0.00", "missing_lines": 11, "excluded_lines": 0, "percent_statements_covered": 0.0, "percent_statements_covered_display": "0.00"}, "missing_lines": [81, 85, 86, 89, 90, 91, 92, 95, 96, 97, 99], "excluded_lines": [], "start_line": 75}, "update_global_monitor_switch": {"executed_lines": [], "summary": {"covered_lines": 0, "num_statements": 9, "percent_covered": 0.0, "percent_covered_display": "0.00", "missing_lines": 9, "excluded_lines": 0, "percent_statements_covered": 0.0, "percent_statements_covered_display": "0.00"}, "missing_lines": [109, 110, 113, 117, 118, 120, 125, 127, 129], "excluded_lines": [], "start_line": 103}, "get_instance_monitor_switches": {"executed_lines": [], "summary": {"covered_lines": 0, "num_statements": 13, "percent_covered": 0.0, "percent_covered_display": "0.00", "missing_lines": 13, "excluded_lines": 0, "percent_statements_covered": 0.0, "percent_statements_covered_display": "0.00"}, "missing_lines": [142, 143, 144, 145, 146, 152, 157, 158, 159, 164, 165, 166, 170], "excluded_lines": [], "start_line": 135}, "update_instance_monitor_switch": {"executed_lines": [], "summary": {"covered_lines": 0, "num_statements": 10, "percent_covered": 0.0, "percent_covered_display": "0.00", "missing_lines": 10, "excluded_lines": 0, "percent_statements_covered": 0.0, "percent_statements_covered_display": "0.00"}, "missing_lines": [183, 188, 190, 197, 200, 201, 202, 203, 205, 207], "excluded_lines": [], "start_line": 174}, "get_monitor_config": {"executed_lines": [], "summary": {"covered_lines": 0, "num_statements": 10, "percent_covered": 0.0, "percent_covered_display": "0.00", "missing_lines": 10, "excluded_lines": 0, "percent_statements_covered": 0.0, "percent_statements_covered_display": "0.00"}, "missing_lines": [220, 231, 240, 241, 243, 245, 247, 248, 249, 251], "excluded_lines": [], "start_line": 215}, "update_monitor_config": {"executed_lines": [], "summary": {"covered_lines": 0, "num_statements": 8, "percent_covered": 0.0, "percent_covered_display": "0.00", "missing_lines": 8, "excluded_lines": 0, "percent_statements_covered": 0.0, "percent_statements_covered_display": "0.00"}, "missing_lines": [261, 262, 266, 267, 269, 273, 275, 277], "excluded_lines": [], "start_line": 255}, "get_alert_rules": {"executed_lines": [], "summary": {"covered_lines": 0, "num_statements": 5, "percent_covered": 0.0, "percent_covered_display": "0.00", "missing_lines": 5, "excluded_lines": 0, "percent_statements_covered": 0.0, "percent_statements_covered_display": "0.00"}, "missing_lines": [288, 292, 293, 294, 300], "excluded_lines": [], "start_line": 283}, "update_alert_rules": {"executed_lines": [], "summary": {"covered_lines": 0, "num_statements": 10, "percent_covered": 0.0, "percent_covered_display": "0.00", "missing_lines": 10, "excluded_lines": 0, "percent_statements_covered": 0.0, "percent_statements_covered_display": "0.00"}, "missing_lines": [310, 311, 315, 316, 317, 318, 320, 325, 327, 329], "excluded_lines": [], "start_line": 304}, "get_slow_query_config": {"executed_lines": [], "summary": {"covered_lines": 0, "num_statements": 3, "percent_covered": 0.0, "percent_covered_display": "0.00", "missing_lines": 3, "excluded_lines": 0, "percent_statements_covered": 0.0, "percent_statements_covered_display": "0.00"}, "missing_lines": [340, 353, 355], "excluded_lines": [], "start_line": 335}, "update_slow_query_config": {"executed_lines": [], "summary": {"covered_lines": 0, "num_statements": 8, "percent_covered": 0.0, "percent_covered_display": "0.00", "missing_lines": 8, "excluded_lines": 0, "percent_statements_covered": 0.0, "percent_statements_covered_display": "0.00"}, "missing_lines": [374, 385, 386, 387, 388, 390, 392, 393], "excluded_lines": [], "start_line": 368}, "get_slow_query_statistics": {"executed_lines": [], "summary": {"covered_lines": 0, "num_statements": 5, "percent_covered": 0.0, "percent_covered_display": "0.00", "missing_lines": 5, "excluded_lines": 0, "percent_statements_covered": 0.0, "percent_statements_covered_display": "0.00"}, "missing_lines": [403, 404, 407, 415, 423], "excluded_lines": [], "start_line": 397}, "get_high_cpu_config": {"executed_lines": [], "summary": {"covered_lines": 0, "num_statements": 3, "percent_covered": 0.0, "percent_covered_display": "0.00", "missing_lines": 3, "excluded_lines": 0, "percent_statements_covered": 0.0, "percent_statements_covered_display": "0.00"}, "missing_lines": [443, 457, 459], "excluded_lines": [], "start_line": 438}, "update_high_cpu_config": {"executed_lines": [], "summary": {"covered_lines": 0, "num_statements": 8, "percent_covered": 0.0, "percent_covered_display": "0.00", "missing_lines": 8, "excluded_lines": 0, "percent_statements_covered": 0.0, "percent_statements_covered_display": "0.00"}, "missing_lines": [479, 491, 492, 493, 494, 496, 498, 499], "excluded_lines": [], "start_line": 473}, "get_high_cpu_statistics": {"executed_lines": [], "summary": {"covered_lines": 0, "num_statements": 5, "percent_covered": 0.0, "percent_covered_display": "0.00", "missing_lines": 5, "excluded_lines": 0, "percent_statements_covered": 0.0, "percent_statements_covered_display": "0.00"}, "missing_lines": [509, 510, 513, 523, 536], "excluded_lines": [], "start_line": 503}, "get_alert_rules_detail": {"executed_lines": [], "summary": {"covered_lines": 0, "num_statements": 14, "percent_covered": 0.0, "percent_covered_display": "0.00", "missing_lines": 14, "excluded_lines": 0, "percent_statements_covered": 0.0, "percent_statements_covered_display": "0.00"}, "missing_lines": [563, 644, 648, 649, 650, 651, 652, 653, 654, 657, 658, 659, 660, 662], "excluded_lines": [], "start_line": 557}, "update_alert_rules_detail": {"executed_lines": [], "summary": {"covered_lines": 0, "num_statements": 10, "percent_covered": 0.0, "percent_covered_display": "0.00", "missing_lines": 10, "excluded_lines": 0, "percent_statements_covered": 0.0, "percent_statements_covered_display": "0.00"}, "missing_lines": [672, 674, 675, 676, 687, 688, 689, 691, 697, 698], "excluded_lines": [], "start_line": 666}, "get_monitor_overview": {"executed_lines": [], "summary": {"covered_lines": 0, "num_statements": 11, "percent_covered": 0.0, "percent_covered_display": "0.00", "missing_lines": 11, "excluded_lines": 0, "percent_statements_covered": 0.0, "percent_statements_covered_display": "0.00"}, "missing_lines": [709, 710, 713, 719, 726, 727, 728, 729, 730, 731, 733], "excluded_lines": [], "start_line": 704}, "": {"executed_lines": [4, 5, 6, 7, 8, 9, 10, 14, 15, 19, 21, 26, 28, 29, 30, 31, 32, 33, 34, 35, 38, 40, 41, 42, 43, 44, 45, 46, 47, 48, 51, 53, 54, 55, 56, 57, 58, 59, 60, 61, 64, 66, 67, 68, 69, 74, 75, 102, 103, 134, 135, 173, 174, 214, 215, 254, 255, 282, 283, 303, 304, 334, 335, 367, 368, 396, 397, 437, 438, 472, 473, 502, 503, 556, 557, 665, 666, 703, 704], "summary": {"covered_lines": 79, "num_statements": 79, "percent_covered": 100.0, "percent_covered_display": "100.00", "missing_lines": 0, "excluded_lines": 0, "percent_statements_covered": 100.0, "percent_statements_covered_display": "100.00"}, "missing_lines": [], "excluded_lines": [], "start_line": 1}}, "classes": {"SlowQueryConfig": {"executed_lines": [], "summary": {"covered_lines": 0, "num_statements": 0, "percent_covered": 100.0, "percent_covered_display": "100.00", "missing_lines": 0, "excluded_lines": 0, "percent_statements_covered": 100.0, "percent_statements_covered_display": "100.00"}, "missing_lines": [], "excluded_lines": [], "start_line": 26}, "HighCPUSQLConfig": {"executed_lines": [], "summary": {"covered_lines": 0, "num_statements": 0, "percent_covered": 100.0, "percent_covered_display": "100.00", "missing_lines": 0, "excluded_lines": 0, "percent_statements_covered": 100.0, "percent_statements_covered_display": "100.00"}, "missing_lines": [], "excluded_lines": [], "start_line": 38}, "AlertRuleConfig": {"executed_lines": [], "summary": {"covered_lines": 0, "num_statements": 0, "percent_covered": 100.0, "percent_covered_display": "100.00", "missing_lines": 0, "excluded_lines": 0, "percent_statements_covered": 100.0, "percent_statements_covered_display": "100.00"}, "missing_lines": [], "excluded_lines": [], "start_line": 51}, "MonitorOverview": {"executed_lines": [], "summary": {"covered_lines": 0, "num_statements": 0, "percent_covered": 100.0, "percent_covered_display": "100.00", "missing_lines": 0, "excluded_lines": 0, "percent_statements_covered": 100.0, "percent_statements_covered_display": "100.00"}, "missing_lines": [], "excluded_lines": [], "start_line": 64}, "": {"executed_lines": [4, 5, 6, 7, 8, 9, 10, 14, 15, 19, 21, 26, 28, 29, 30, 31, 32, 33, 34, 35, 38, 40, 41, 42, 43, 44, 45, 46, 47, 48, 51, 53, 54, 55, 56, 57, 58, 59, 60, 61, 64, 66, 67, 68, 69, 74, 75, 102, 103, 134, 135, 173, 174, 214, 215, 254, 255, 282, 283, 303, 304, 334, 335, 367, 368, 396, 397, 437, 438, 472, 473, 502, 503, 556, 557, 665, 666, 703, 704], "summary": {"covered_lines": 79, "num_statements": 222, "percent_covered": 35.585585585585584, "percent_covered_display": "35.59", "missing_lines": 143, "excluded_lines": 0, "percent_statements_covered": 35.585585585585584, "percent_statements_covered_display": "35.59"}, "missing_lines": [81, 85, 86, 89, 90, 91, 92, 95, 96, 97, 99, 109, 110, 113, 117, 118, 120, 125, 127, 129, 142, 143, 144, 145, 146, 152, 157, 158, 159, 164, 165, 166, 170, 183, 188, 190, 197, 200, 201, 202, 203, 205, 207, 220, 231, 240, 241, 243, 245, 247, 248, 249, 251, 261, 262, 266, 267, 269, 273, 275, 277, 288, 292, 293, 294, 300, 310, 311, 315, 316, 317, 318, 320, 325, 327, 329, 340, 353, 355, 374, 385, 386, 387, 388, 390, 392, 393, 403, 404, 407, 415, 423, 443, 457, 459, 479, 491, 492, 493, 494, 496, 498, 499, 509, 510, 513, 523, 536, 563, 644, 648, 649, 650, 651, 652, 653, 654, 657, 658, 659, 660, 662, 672, 674, 675, 676, 687, 688, 689, 691, 697, 698, 709, 710, 713, 719, 726, 727, 728, 729, 730, 731, 733], "excluded_lines": [], "start_line": 1}}}, "app/api/monitor_ext.py": {"executed_lines": [4, 5, 6, 7, 8, 9, 11, 12, 13, 14, 15, 17, 22, 24, 25, 26, 27, 28, 29, 30, 31, 32, 33, 34, 36, 37, 40, 42, 43, 44, 45, 46, 47, 48, 49, 50, 51, 52, 53, 55, 56, 59, 61, 62, 63, 64, 65, 66, 67, 68, 69, 70, 71, 72, 73, 75, 76, 81, 82, 136, 137, 202, 203, 248, 249, 325, 326, 374, 375, 456, 457], "summary": {"covered_lines": 71, "num_statements": 172, "percent_covered": 41.27906976744186, "percent_covered_display": "41.28", "missing_lines": 101, "excluded_lines": 0, "percent_statements_covered": 41.27906976744186, "percent_statements_covered_display": "41.28"}, "missing_lines": [90, 92, 93, 95, 97, 102, 109, 110, 112, 113, 114, 133, 143, 144, 145, 147, 148, 150, 152, 161, 162, 164, 167, 182, 183, 185, 196, 197, 212, 214, 215, 216, 217, 219, 220, 223, 224, 226, 227, 228, 245, 256, 257, 258, 260, 261, 263, 265, 281, 291, 292, 293, 303, 304, 312, 314, 319, 320, 335, 337, 338, 339, 340, 342, 343, 346, 347, 349, 350, 351, 371, 382, 383, 384, 386, 387, 389, 391, 408, 418, 419, 420, 434, 435, 445, 447, 452, 453, 464, 465, 466, 468, 470, 480, 486, 487, 488, 489, 491, 492, 493], "excluded_lines": [], "functions": {"list_replication_status": {"executed_lines": [], "summary": {"covered_lines": 0, "num_statements": 12, "percent_covered": 0.0, "percent_covered_display": "0.00", "missing_lines": 12, "excluded_lines": 0, "percent_statements_covered": 0.0, "percent_statements_covered_display": "0.00"}, "missing_lines": [90, 92, 93, 95, 97, 102, 109, 110, 112, 113, 114, 133], "excluded_lines": [], "start_line": 82}, "check_replication_status": {"executed_lines": [], "summary": {"covered_lines": 0, "num_statements": 16, "percent_covered": 0.0, "percent_covered_display": "0.00", "missing_lines": 16, "excluded_lines": 0, "percent_statements_covered": 0.0, "percent_statements_covered_display": "0.00"}, "missing_lines": [143, 144, 145, 147, 148, 150, 152, 161, 162, 164, 167, 182, 183, 185, 196, 197], "excluded_lines": [], "start_line": 137}, "list_lock_waits": {"executed_lines": [], "summary": {"covered_lines": 0, "num_statements": 13, "percent_covered": 0.0, "percent_covered_display": "0.00", "missing_lines": 13, "excluded_lines": 0, "percent_statements_covered": 0.0, "percent_statements_covered_display": "0.00"}, "missing_lines": [212, 214, 215, 216, 217, 219, 220, 223, 224, 226, 227, 228, 245], "excluded_lines": [], "start_line": 203}, "check_lock_waits": {"executed_lines": [], "summary": {"covered_lines": 0, "num_statements": 17, "percent_covered": 0.0, "percent_covered_display": "0.00", "missing_lines": 17, "excluded_lines": 0, "percent_statements_covered": 0.0, "percent_statements_covered_display": "0.00"}, "missing_lines": [256, 257, 258, 260, 261, 263, 265, 281, 291, 292, 293, 303, 304, 312, 314, 319, 320], "excluded_lines": [], "start_line": 249}, "list_long_transactions": {"executed_lines": [], "summary": {"covered_lines": 0, "num_statements": 13, "percent_covered": 0.0, "percent_covered_display": "0.00", "missing_lines": 13, "excluded_lines": 0, "percent_statements_covered": 0.0, "percent_statements_covered_display": "0.00"}, "missing_lines": [335, 337, 338, 339, 340, 342, 343, 346, 347, 349, 350, 351, 371], "excluded_lines": [], "start_line": 326}, "check_long_transactions": {"executed_lines": [], "summary": {"covered_lines": 0, "num_statements": 17, "percent_covered": 0.0, "percent_covered_display": "0.00", "missing_lines": 17, "excluded_lines": 0, "percent_statements_covered": 0.0, "percent_statements_covered_display": "0.00"}, "missing_lines": [382, 383, 384, 386, 387, 389, 391, 408, 418, 419, 420, 434, 435, 445, 447, 452, 453], "excluded_lines": [], "start_line": 375}, "kill_transaction": {"executed_lines": [], "summary": {"covered_lines": 0, "num_statements": 13, "percent_covered": 0.0, "percent_covered_display": "0.00", "missing_lines": 13, "excluded_lines": 0, "percent_statements_covered": 0.0, "percent_statements_covered_display": "0.00"}, "missing_lines": [464, 465, 466, 468, 470, 480, 486, 487, 488, 489, 491, 492, 493], "excluded_lines": [], "start_line": 457}, "": {"executed_lines": [4, 5, 6, 7, 8, 9, 11, 12, 13, 14, 15, 17, 22, 24, 25, 26, 27, 28, 29, 30, 31, 32, 33, 34, 36, 37, 40, 42, 43, 44, 45, 46, 47, 48, 49, 50, 51, 52, 53, 55, 56, 59, 61, 62, 63, 64, 65, 66, 67, 68, 69, 70, 71, 72, 73, 75, 76, 81, 82, 136, 137, 202, 203, 248, 249, 325, 326, 374, 375, 456, 457], "summary": {"covered_lines": 71, "num_statements": 71, "percent_covered": 100.0, "percent_covered_display": "100.00", "missing_lines": 0, "excluded_lines": 0, "percent_statements_covered": 100.0, "percent_statements_covered_display": "100.00"}, "missing_lines": [], "excluded_lines": [], "start_line": 1}}, "classes": {"ReplicationStatusResponse": {"executed_lines": [], "summary": {"covered_lines": 0, "num_statements": 0, "percent_covered": 100.0, "percent_covered_display": "100.00", "missing_lines": 0, "excluded_lines": 0, "percent_statements_covered": 100.0, "percent_statements_covered_display": "100.00"}, "missing_lines": [], "excluded_lines": [], "start_line": 22}, "ReplicationStatusResponse.Config": {"executed_lines": [], "summary": {"covered_lines": 0, "num_statements": 0, "percent_covered": 100.0, "percent_covered_display": "100.00", "missing_lines": 0, "excluded_lines": 0, "percent_statements_covered": 100.0, "percent_statements_covered_display": "100.00"}, "missing_lines": [], "excluded_lines": [], "start_line": 36}, "LockWaitResponse": {"executed_lines": [], "summary": {"covered_lines": 0, "num_statements": 0, "percent_covered": 100.0, "percent_covered_display": "100.00", "missing_lines": 0, "excluded_lines": 0, "percent_statements_covered": 100.0, "percent_statements_covered_display": "100.00"}, "missing_lines": [], "excluded_lines": [], "start_line": 40}, "LockWaitResponse.Config": {"executed_lines": [], "summary": {"covered_lines": 0, "num_statements": 0, "percent_covered": 100.0, "percent_covered_display": "100.00", "missing_lines": 0, "excluded_lines": 0, "percent_statements_covered": 100.0, "percent_statements_covered_display": "100.00"}, "missing_lines": [], "excluded_lines": [], "start_line": 55}, "LongTransactionResponse": {"executed_lines": [], "summary": {"covered_lines": 0, "num_statements": 0, "percent_covered": 100.0, "percent_covered_display": "100.00", "missing_lines": 0, "excluded_lines": 0, "percent_statements_covered": 100.0, "percent_statements_covered_display": "100.00"}, "missing_lines": [], "excluded_lines": [], "start_line": 59}, "LongTransactionResponse.Config": {"executed_lines": [], "summary": {"covered_lines": 0, "num_statements": 0, "percent_covered": 100.0, "percent_covered_display": "100.00", "missing_lines": 0, "excluded_lines": 0, "percent_statements_covered": 100.0, "percent_statements_covered_display": "100.00"}, "missing_lines": [], "excluded_lines": [], "start_line": 75}, "": {"executed_lines": [4, 5, 6, 7, 8, 9, 11, 12, 13, 14, 15, 17, 22, 24, 25, 26, 27, 28, 29, 30, 31, 32, 33, 34, 36, 37, 40, 42, 43, 44, 45, 46, 47, 48, 49, 50, 51, 52, 53, 55, 56, 59, 61, 62, 63, 64, 65, 66, 67, 68, 69, 70, 71, 72, 73, 75, 76, 81, 82, 136, 137, 202, 203, 248, 249, 325, 326, 374, 375, 456, 457], "summary": {"covered_lines": 71, "num_statements": 172, "percent_covered": 41.27906976744186, "percent_covered_display": "41.28", "missing_lines": 101, "excluded_lines": 0, "percent_statements_covered": 41.27906976744186, "percent_statements_covered_display": "41.28"}, "missing_lines": [90, 92, 93, 95, 97, 102, 109, 110, 112, 113, 114, 133, 143, 144, 145, 147, 148, 150, 152, 161, 162, 164, 167, 182, 183, 185, 196, 197, 212, 214, 215, 216, 217, 219, 220, 223, 224, 226, 227, 228, 245, 256, 257, 258, 260, 261, 263, 265, 281, 291, 292, 293, 303, 304, 312, 314, 319, 320, 335, 337, 338, 339, 340, 342, 343, 346, 347, 349, 350, 351, 371, 382, 383, 384, 386, 387, 389, 391, 408, 418, 419, 420, 434, 435, 445, 447, 452, 453, 464, 465, 466, 468, 470, 480, 486, 487, 488, 489, 491, 492, 493], "excluded_lines": [], "start_line": 1}}}, "app/api/notification.py": {"executed_lines": [4, 5, 6, 7, 8, 9, 10, 11, 12, 13, 14, 15, 16, 17, 18, 19, 20, 22, 27, 29, 30, 31, 32, 33, 34, 36, 37, 38, 39, 40, 41, 44, 46, 47, 48, 49, 50, 51, 52, 53, 54, 55, 56, 57, 60, 62, 63, 64, 65, 66, 67, 72, 87, 95, 105, 106, 112, 114, 117, 119, 120, 136, 142, 143, 181, 182], "summary": {"covered_lines": 66, "num_statements": 90, "percent_covered": 73.33333333333333, "percent_covered_display": "73.33", "missing_lines": 24, "excluded_lines": 0, "percent_statements_covered": 73.33333333333333, "percent_statements_covered_display": "73.33"}, "missing_lines": [74, 75, 76, 81, 82, 115, 121, 122, 150, 151, 152, 155, 164, 165, 167, 175, 176, 178, 188, 189, 190, 192, 193, 195], "excluded_lines": [], "functions": {"generate_dingtalk_sign": {"executed_lines": [], "summary": {"covered_lines": 0, "num_statements": 5, "percent_covered": 0.0, "percent_covered_display": "0.00", "missing_lines": 5, "excluded_lines": 0, "percent_statements_covered": 0.0, "percent_statements_covered_display": "0.00"}, "missing_lines": [74, 75, 76, 81, 82], "excluded_lines": [], "start_line": 72}, "list_bindings": {"executed_lines": [112, 114, 117, 119, 120, 136], "summary": {"covered_lines": 6, "num_statements": 9, "percent_covered": 66.66666666666667, "percent_covered_display": "66.67", "missing_lines": 3, "excluded_lines": 0, "percent_statements_covered": 66.66666666666667, "percent_statements_covered_display": "66.67"}, "missing_lines": [115, 121, 122], "excluded_lines": [], "start_line": 106}, "create_binding": {"executed_lines": [], "summary": {"covered_lines": 0, "num_statements": 10, "percent_covered": 0.0, "percent_covered_display": "0.00", "missing_lines": 10, "excluded_lines": 0, "percent_statements_covered": 0.0, "percent_statements_covered_display": "0.00"}, "missing_lines": [150, 151, 152, 155, 164, 165, 167, 175, 176, 178], "excluded_lines": [], "start_line": 143}, "delete_binding": {"executed_lines": [], "summary": {"covered_lines": 0, "num_statements": 6, "percent_covered": 0.0, "percent_covered_display": "0.00", "missing_lines": 6, "excluded_lines": 0, "percent_statements_covered": 0.0, "percent_statements_covered_display": "0.00"}, "missing_lines": [188, 189, 190, 192, 193, 195], "excluded_lines": [], "start_line": 182}, "": {"executed_lines": [4, 5, 6, 7, 8, 9, 10, 11, 12, 13, 14, 15, 16, 17, 18, 19, 20, 22, 27, 29, 30, 31, 32, 33, 34, 36, 37, 38, 39, 40, 41, 44, 46, 47, 48, 49, 50, 51, 52, 53, 54, 55, 56, 57, 60, 62, 63, 64, 65, 66, 67, 72, 87, 95, 105, 106, 142, 143, 181, 182], "summary": {"covered_lines": 60, "num_statements": 60, "percent_covered": 100.0, "percent_covered_display": "100.00", "missing_lines": 0, "excluded_lines": 0, "percent_statements_covered": 100.0, "percent_statements_covered_display": "100.00"}, "missing_lines": [], "excluded_lines": [], "start_line": 1}}, "classes": {"ChannelCreate": {"executed_lines": [], "summary": {"covered_lines": 0, "num_statements": 0, "percent_covered": 100.0, "percent_covered_display": "100.00", "missing_lines": 0, "excluded_lines": 0, "percent_statements_covered": 100.0, "percent_statements_covered_display": "100.00"}, "missing_lines": [], "excluded_lines": [], "start_line": 27}, "ChannelUpdate": {"executed_lines": [], "summary": {"covered_lines": 0, "num_statements": 0, "percent_covered": 100.0, "percent_covered_display": "100.00", "missing_lines": 0, "excluded_lines": 0, "percent_statements_covered": 100.0, "percent_statements_covered_display": "100.00"}, "missing_lines": [], "excluded_lines": [], "start_line": 44}, "BindingCreate": {"executed_lines": [], "summary": {"covered_lines": 0, "num_statements": 0, "percent_covered": 100.0, "percent_covered_display": "100.00", "missing_lines": 0, "excluded_lines": 0, "percent_statements_covered": 100.0, "percent_statements_covered_display": "100.00"}, "missing_lines": [], "excluded_lines": [], "start_line": 60}, "": {"executed_lines": [4, 5, 6, 7, 8, 9, 10, 11, 12, 13, 14, 15, 16, 17, 18, 19, 20, 22, 27, 29, 30, 31, 32, 33, 34, 36, 37, 38, 39, 40, 41, 44, 46, 47, 48, 49, 50, 51, 52, 53, 54, 55, 56, 57, 60, 62, 63, 64, 65, 66, 67, 72, 87, 95, 105, 106, 112, 114, 117, 119, 120, 136, 142, 143, 181, 182], "summary": {"covered_lines": 66, "num_statements": 90, "percent_covered": 73.33333333333333, "percent_covered_display": "73.33", "missing_lines": 24, "excluded_lines": 0, "percent_statements_covered": 73.33333333333333, "percent_statements_covered_display": "73.33"}, "missing_lines": [74, 75, 76, 81, 82, 115, 121, 122, 150, 151, 152, 155, 164, 165, 167, 175, 176, 178, 188, 189, 190, 192, 193, 195], "excluded_lines": [], "start_line": 1}}}, "app/api/notification_logs.py": {"executed_lines": [2, 3, 4, 5, 6, 8, 9, 10, 13, 18, 20, 21, 24, 25, 26, 27, 28, 29, 30, 31, 32, 33, 34, 35, 36, 37, 38, 39, 40, 42, 45, 47, 48, 49, 50, 53, 54, 57, 58, 61, 62, 63, 64, 65, 66, 67, 70, 71, 76, 77, 90, 93, 97, 101, 105, 112, 120, 127, 130, 135, 147, 148, 201, 202, 223, 224, 241, 242], "summary": {"covered_lines": 68, "num_statements": 108, "percent_covered": 62.96296296296296, "percent_covered_display": "62.96", "missing_lines": 40, "excluded_lines": 0, "percent_statements_covered": 62.96296296296296, "percent_statements_covered_display": "62.96"}, "missing_lines": [94, 98, 102, 106, 107, 108, 109, 110, 113, 114, 115, 116, 117, 121, 155, 157, 160, 161, 162, 163, 166, 167, 174, 177, 185, 187, 208, 210, 211, 216, 230, 232, 233, 235, 236, 238, 248, 250, 254, 256], "excluded_lines": [], "functions": {"list_notification_logs": {"executed_lines": [90, 93, 97, 101, 105, 112, 120, 127, 130, 135], "summary": {"covered_lines": 10, "num_statements": 24, "percent_covered": 41.666666666666664, "percent_covered_display": "41.67", "missing_lines": 14, "excluded_lines": 0, "percent_statements_covered": 41.666666666666664, "percent_statements_covered_display": "41.67"}, "missing_lines": [94, 98, 102, 106, 107, 108, 109, 110, 113, 114, 115, 116, 117, 121], "excluded_lines": [], "start_line": 77}, "get_notification_stats": {"executed_lines": [], "summary": {"covered_lines": 0, "num_statements": 12, "percent_covered": 0.0, "percent_covered_display": "0.00", "missing_lines": 12, "excluded_lines": 0, "percent_statements_covered": 0.0, "percent_statements_covered_display": "0.00"}, "missing_lines": [155, 157, 160, 161, 162, 163, 166, 167, 174, 177, 185, 187], "excluded_lines": [], "start_line": 148}, "get_notification_log": {"executed_lines": [], "summary": {"covered_lines": 0, "num_statements": 4, "percent_covered": 0.0, "percent_covered_display": "0.00", "missing_lines": 4, "excluded_lines": 0, "percent_statements_covered": 0.0, "percent_statements_covered_display": "0.00"}, "missing_lines": [208, 210, 211, 216], "excluded_lines": [], "start_line": 202}, "delete_notification_log": {"executed_lines": [], "summary": {"covered_lines": 0, "num_statements": 6, "percent_covered": 0.0, "percent_covered_display": "0.00", "missing_lines": 6, "excluded_lines": 0, "percent_statements_covered": 0.0, "percent_statements_covered_display": "0.00"}, "missing_lines": [230, 232, 233, 235, 236, 238], "excluded_lines": [], "start_line": 224}, "clear_notification_logs": {"executed_lines": [], "summary": {"covered_lines": 0, "num_statements": 4, "percent_covered": 0.0, "percent_covered_display": "0.00", "missing_lines": 4, "excluded_lines": 0, "percent_statements_covered": 0.0, "percent_statements_covered_display": "0.00"}, "missing_lines": [248, 250, 254, 256], "excluded_lines": [], "start_line": 242}, "": {"executed_lines": [2, 3, 4, 5, 6, 8, 9, 10, 13, 18, 20, 21, 24, 25, 26, 27, 28, 29, 30, 31, 32, 33, 34, 35, 36, 37, 38, 39, 40, 42, 45, 47, 48, 49, 50, 53, 54, 57, 58, 61, 62, 63, 64, 65, 66, 67, 70, 71, 76, 77, 147, 148, 201, 202, 223, 224, 241, 242], "summary": {"covered_lines": 58, "num_statements": 58, "percent_covered": 100.0, "percent_covered_display": "100.00", "missing_lines": 0, "excluded_lines": 0, "percent_statements_covered": 100.0, "percent_statements_covered_display": "100.00"}, "missing_lines": [], "excluded_lines": [], "start_line": 1}}, "classes": {"BaseResponse": {"executed_lines": [], "summary": {"covered_lines": 0, "num_statements": 0, "percent_covered": 100.0, "percent_covered_display": "100.00", "missing_lines": 0, "excluded_lines": 0, "percent_statements_covered": 100.0, "percent_statements_covered_display": "100.00"}, "missing_lines": [], "excluded_lines": [], "start_line": 18}, "NotificationLogResponse": {"executed_lines": [], "summary": {"covered_lines": 0, "num_statements": 0, "percent_covered": 100.0, "percent_covered_display": "100.00", "missing_lines": 0, "excluded_lines": 0, "percent_statements_covered": 100.0, "percent_statements_covered_display": "100.00"}, "missing_lines": [], "excluded_lines": [], "start_line": 24}, "PaginationData": {"executed_lines": [], "summary": {"covered_lines": 0, "num_statements": 0, "percent_covered": 100.0, "percent_covered_display": "100.00", "missing_lines": 0, "excluded_lines": 0, "percent_statements_covered": 100.0, "percent_statements_covered_display": "100.00"}, "missing_lines": [], "excluded_lines": [], "start_line": 45}, "NotificationLogListResponse": {"executed_lines": [], "summary": {"covered_lines": 0, "num_statements": 0, "percent_covered": 100.0, "percent_covered_display": "100.00", "missing_lines": 0, "excluded_lines": 0, "percent_statements_covered": 100.0, "percent_statements_covered_display": "100.00"}, "missing_lines": [], "excluded_lines": [], "start_line": 53}, "NotificationLogDetailResponse": {"executed_lines": [], "summary": {"covered_lines": 0, "num_statements": 0, "percent_covered": 100.0, "percent_covered_display": "100.00", "missing_lines": 0, "excluded_lines": 0, "percent_statements_covered": 100.0, "percent_statements_covered_display": "100.00"}, "missing_lines": [], "excluded_lines": [], "start_line": 57}, "NotificationStats": {"executed_lines": [], "summary": {"covered_lines": 0, "num_statements": 0, "percent_covered": 100.0, "percent_covered_display": "100.00", "missing_lines": 0, "excluded_lines": 0, "percent_statements_covered": 100.0, "percent_statements_covered_display": "100.00"}, "missing_lines": [], "excluded_lines": [], "start_line": 61}, "NotificationStatsResponse": {"executed_lines": [], "summary": {"covered_lines": 0, "num_statements": 0, "percent_covered": 100.0, "percent_covered_display": "100.00", "missing_lines": 0, "excluded_lines": 0, "percent_statements_covered": 100.0, "percent_statements_covered_display": "100.00"}, "missing_lines": [], "excluded_lines": [], "start_line": 70}, "": {"executed_lines": [2, 3, 4, 5, 6, 8, 9, 10, 13, 18, 20, 21, 24, 25, 26, 27, 28, 29, 30, 31, 32, 33, 34, 35, 36, 37, 38, 39, 40, 42, 45, 47, 48, 49, 50, 53, 54, 57, 58, 61, 62, 63, 64, 65, 66, 67, 70, 71, 76, 77, 90, 93, 97, 101, 105, 112, 120, 127, 130, 135, 147, 148, 201, 202, 223, 224, 241, 242], "summary": {"covered_lines": 68, "num_statements": 108, "percent_covered": 62.96296296296296, "percent_covered_display": "62.96", "missing_lines": 40, "excluded_lines": 0, "percent_statements_covered": 62.96296296296296, "percent_statements_covered_display": "62.96"}, "missing_lines": [94, 98, 102, 106, 107, 108, 109, 110, 113, 114, 115, 116, 117, 121, 155, 157, 160, 161, 162, 163, 166, 167, 174, 177, 185, 187, 208, 210, 211, 216, 230, 232, 233, 235, 236, 238, 248, 250, 254, 256], "excluded_lines": [], "start_line": 1}}}, "app/api/notification_plugins.py": {"executed_lines": [6, 7, 8, 10, 11, 12, 15, 18, 20, 21, 24, 26, 27, 28, 29, 30, 31, 34, 35, 48, 49, 69, 70, 89, 90, 116, 117, 143, 144, 183, 184, 217, 218], "summary": {"covered_lines": 33, "num_statements": 65, "percent_covered": 50.76923076923077, "percent_covered_display": "50.77", "missing_lines": 32, "excluded_lines": 0, "percent_statements_covered": 50.76923076923077, "percent_statements_covered_display": "50.77"}, "missing_lines": [40, 41, 57, 59, 79, 80, 81, 83, 101, 102, 103, 105, 126, 127, 129, 134, 153, 154, 157, 162, 163, 169, 174, 193, 194, 197, 205, 211, 229, 230, 232, 234], "excluded_lines": [], "functions": {"list_plugins": {"executed_lines": [], "summary": {"covered_lines": 0, "num_statements": 2, "percent_covered": 0.0, "percent_covered_display": "0.00", "missing_lines": 2, "excluded_lines": 0, "percent_statements_covered": 0.0, "percent_statements_covered_display": "0.00"}, "missing_lines": [40, 41], "excluded_lines": [], "start_line": 35}, "discover_plugins": {"executed_lines": [], "summary": {"covered_lines": 0, "num_statements": 2, "percent_covered": 0.0, "percent_covered_display": "0.00", "missing_lines": 2, "excluded_lines": 0, "percent_statements_covered": 0.0, "percent_statements_covered_display": "0.00"}, "missing_lines": [57, 59], "excluded_lines": [], "start_line": 49}, "get_plugin_info": {"executed_lines": [], "summary": {"covered_lines": 0, "num_statements": 4, "percent_covered": 0.0, "percent_covered_display": "0.00", "missing_lines": 4, "excluded_lines": 0, "percent_statements_covered": 0.0, "percent_statements_covered_display": "0.00"}, "missing_lines": [79, 80, 81, 83], "excluded_lines": [], "start_line": 70}, "get_plugin_schema": {"executed_lines": [], "summary": {"covered_lines": 0, "num_statements": 4, "percent_covered": 0.0, "percent_covered_display": "0.00", "missing_lines": 4, "excluded_lines": 0, "percent_statements_covered": 0.0, "percent_statements_covered_display": "0.00"}, "missing_lines": [101, 102, 103, 105], "excluded_lines": [], "start_line": 90}, "validate_plugin_config": {"executed_lines": [], "summary": {"covered_lines": 0, "num_statements": 4, "percent_covered": 0.0, "percent_covered_display": "0.00", "missing_lines": 4, "excluded_lines": 0, "percent_statements_covered": 0.0, "percent_statements_covered_display": "0.00"}, "missing_lines": [126, 127, 129, 134], "excluded_lines": [], "start_line": 117}, "test_plugin_connection": {"executed_lines": [], "summary": {"covered_lines": 0, "num_statements": 7, "percent_covered": 0.0, "percent_covered_display": "0.00", "missing_lines": 7, "excluded_lines": 0, "percent_statements_covered": 0.0, "percent_statements_covered_display": "0.00"}, "missing_lines": [153, 154, 157, 162, 163, 169, 174], "excluded_lines": [], "start_line": 144}, "send_notification": {"executed_lines": [], "summary": {"covered_lines": 0, "num_statements": 5, "percent_covered": 0.0, "percent_covered_display": "0.00", "missing_lines": 5, "excluded_lines": 0, "percent_statements_covered": 0.0, "percent_statements_covered_display": "0.00"}, "missing_lines": [193, 194, 197, 205, 211], "excluded_lines": [], "start_line": 184}, "reload_plugin": {"executed_lines": [], "summary": {"covered_lines": 0, "num_statements": 4, "percent_covered": 0.0, "percent_covered_display": "0.00", "missing_lines": 4, "excluded_lines": 0, "percent_statements_covered": 0.0, "percent_statements_covered_display": "0.00"}, "missing_lines": [229, 230, 232, 234], "excluded_lines": [], "start_line": 218}, "": {"executed_lines": [6, 7, 8, 10, 11, 12, 15, 18, 20, 21, 24, 26, 27, 28, 29, 30, 31, 34, 35, 48, 49, 69, 70, 89, 90, 116, 117, 143, 144, 183, 184, 217, 218], "summary": {"covered_lines": 33, "num_statements": 33, "percent_covered": 100.0, "percent_covered_display": "100.00", "missing_lines": 0, "excluded_lines": 0, "percent_statements_covered": 100.0, "percent_statements_covered_display": "100.00"}, "missing_lines": [], "excluded_lines": [], "start_line": 1}}, "classes": {"PluginConfig": {"executed_lines": [], "summary": {"covered_lines": 0, "num_statements": 0, "percent_covered": 100.0, "percent_covered_display": "100.00", "missing_lines": 0, "excluded_lines": 0, "percent_statements_covered": 100.0, "percent_statements_covered_display": "100.00"}, "missing_lines": [], "excluded_lines": [], "start_line": 18}, "NotificationRequest": {"executed_lines": [], "summary": {"covered_lines": 0, "num_statements": 0, "percent_covered": 100.0, "percent_covered_display": "100.00", "missing_lines": 0, "excluded_lines": 0, "percent_statements_covered": 100.0, "percent_statements_covered_display": "100.00"}, "missing_lines": [], "excluded_lines": [], "start_line": 24}, "": {"executed_lines": [6, 7, 8, 10, 11, 12, 15, 18, 20, 21, 24, 26, 27, 28, 29, 30, 31, 34, 35, 48, 49, 69, 70, 89, 90, 116, 117, 143, 144, 183, 184, 217, 218], "summary": {"covered_lines": 33, "num_statements": 65, "percent_covered": 50.76923076923077, "percent_covered_display": "50.77", "missing_lines": 32, "excluded_lines": 0, "percent_statements_covered": 50.76923076923077, "percent_statements_covered_display": "50.77"}, "missing_lines": [40, 41, 57, 59, 79, 80, 81, 83, 101, 102, 103, 105, 126, 127, 129, 134, 153, 154, 157, 162, 163, 169, 174, 193, 194, 197, 205, 211, 229, 230, 232, 234], "excluded_lines": [], "start_line": 1}}}, "app/api/notification_rules.py": {"executed_lines": [4, 5, 6, 7, 8, 10, 11, 12, 13, 14, 17, 22, 24, 25, 28, 29, 30, 33, 34, 35, 36, 37, 38, 40, 43, 45, 46, 47, 48, 49, 50, 51, 52, 53, 54, 55, 56, 61, 67, 70, 94, 101, 102, 124, 125, 165, 166, 192, 193], "summary": {"covered_lines": 49, "num_statements": 90, "percent_covered": 54.44444444444444, "percent_covered_display": "54.44", "missing_lines": 41, "excluded_lines": 0, "percent_statements_covered": 54.44444444444444, "percent_statements_covered_display": "54.44"}, "missing_lines": [72, 96, 97, 98, 110, 111, 112, 114, 116, 117, 119, 121, 133, 134, 135, 138, 139, 140, 142, 158, 159, 160, 162, 174, 175, 176, 179, 180, 181, 182, 184, 185, 186, 188, 189, 200, 201, 202, 204, 205, 206], "excluded_lines": [], "functions": {"silence_rule_to_dict": {"executed_lines": [], "summary": {"covered_lines": 0, "num_statements": 1, "percent_covered": 0.0, "percent_covered_display": "0.00", "missing_lines": 1, "excluded_lines": 0, "percent_statements_covered": 0.0, "percent_statements_covered_display": "0.00"}, "missing_lines": [72], "excluded_lines": [], "start_line": 70}, "format_weekdays": {"executed_lines": [], "summary": {"covered_lines": 0, "num_statements": 3, "percent_covered": 0.0, "percent_covered_display": "0.00", "missing_lines": 3, "excluded_lines": 0, "percent_statements_covered": 0.0, "percent_statements_covered_display": "0.00"}, "missing_lines": [96, 97, 98], "excluded_lines": [], "start_line": 94}, "list_silence_rules": {"executed_lines": [], "summary": {"covered_lines": 0, "num_statements": 8, "percent_covered": 0.0, "percent_covered_display": "0.00", "missing_lines": 8, "excluded_lines": 0, "percent_statements_covered": 0.0, "percent_statements_covered_display": "0.00"}, "missing_lines": [110, 111, 112, 114, 116, 117, 119, 121], "excluded_lines": [], "start_line": 102}, "create_silence_rule": {"executed_lines": [], "summary": {"covered_lines": 0, "num_statements": 11, "percent_covered": 0.0, "percent_covered_display": "0.00", "missing_lines": 11, "excluded_lines": 0, "percent_statements_covered": 0.0, "percent_statements_covered_display": "0.00"}, "missing_lines": [133, 134, 135, 138, 139, 140, 142, 158, 159, 160, 162], "excluded_lines": [], "start_line": 125}, "update_silence_rule": {"executed_lines": [], "summary": {"covered_lines": 0, "num_statements": 12, "percent_covered": 0.0, "percent_covered_display": "0.00", "missing_lines": 12, "excluded_lines": 0, "percent_statements_covered": 0.0, "percent_statements_covered_display": "0.00"}, "missing_lines": [174, 175, 176, 179, 180, 181, 182, 184, 185, 186, 188, 189], "excluded_lines": [], "start_line": 166}, "delete_silence_rule": {"executed_lines": [], "summary": {"covered_lines": 0, "num_statements": 6, "percent_covered": 0.0, "percent_covered_display": "0.00", "missing_lines": 6, "excluded_lines": 0, "percent_statements_covered": 0.0, "percent_statements_covered_display": "0.00"}, "missing_lines": [200, 201, 202, 204, 205, 206], "excluded_lines": [], "start_line": 193}, "": {"executed_lines": [4, 5, 6, 7, 8, 10, 11, 12, 13, 14, 17, 22, 24, 25, 28, 29, 30, 33, 34, 35, 36, 37, 38, 40, 43, 45, 46, 47, 48, 49, 50, 51, 52, 53, 54, 55, 56, 61, 67, 70, 94, 101, 102, 124, 125, 165, 166, 192, 193], "summary": {"covered_lines": 49, "num_statements": 49, "percent_covered": 100.0, "percent_covered_display": "100.00", "missing_lines": 0, "excluded_lines": 0, "percent_statements_covered": 100.0, "percent_statements_covered_display": "100.00"}, "missing_lines": [], "excluded_lines": [], "start_line": 1}}, "classes": {"SilenceRuleCreate": {"executed_lines": [], "summary": {"covered_lines": 0, "num_statements": 0, "percent_covered": 100.0, "percent_covered_display": "100.00", "missing_lines": 0, "excluded_lines": 0, "percent_statements_covered": 100.0, "percent_statements_covered_display": "100.00"}, "missing_lines": [], "excluded_lines": [], "start_line": 22}, "SilenceRuleUpdate": {"executed_lines": [], "summary": {"covered_lines": 0, "num_statements": 0, "percent_covered": 100.0, "percent_covered_display": "100.00", "missing_lines": 0, "excluded_lines": 0, "percent_statements_covered": 100.0, "percent_statements_covered_display": "100.00"}, "missing_lines": [], "excluded_lines": [], "start_line": 43}, "": {"executed_lines": [4, 5, 6, 7, 8, 10, 11, 12, 13, 14, 17, 22, 24, 25, 28, 29, 30, 33, 34, 35, 36, 37, 38, 40, 43, 45, 46, 47, 48, 49, 50, 51, 52, 53, 54, 55, 56, 61, 67, 70, 94, 101, 102, 124, 125, 165, 166, 192, 193], "summary": {"covered_lines": 49, "num_statements": 90, "percent_covered": 54.44444444444444, "percent_covered_display": "54.44", "missing_lines": 41, "excluded_lines": 0, "percent_statements_covered": 54.44444444444444, "percent_statements_covered_display": "54.44"}, "missing_lines": [72, 96, 97, 98, 110, 111, 112, 114, 116, 117, 119, 121, 133, 134, 135, 138, 139, 140, 142, 158, 159, 160, 162, 174, 175, 176, 179, 180, 181, 182, 184, 185, 186, 188, 189, 200, 201, 202, 204, 205, 206], "excluded_lines": [], "start_line": 1}}}, "app/api/notification_templates.py": {"executed_lines": [2, 3, 4, 5, 6, 7, 9, 10, 13, 18, 20, 21, 24, 26, 27, 28, 29, 30, 31, 32, 33, 34, 37, 39, 40, 41, 42, 43, 44, 45, 46, 47, 50, 52, 53, 54, 55, 56, 57, 58, 59, 60, 61, 62, 63, 65, 68, 70, 71, 72, 73, 76, 77, 80, 81, 86, 87, 96, 98, 99, 100, 103, 104, 109, 121, 122, 128, 130, 131, 136, 143, 144, 151, 152, 159, 166, 167, 169, 170, 171, 172, 174, 181, 182, 189, 191, 192, 198, 199, 200, 207, 216, 217, 219, 220, 222, 229, 230, 236, 238, 239, 241, 242, 244, 247, 248], "summary": {"covered_lines": 106, "num_statements": 123, "percent_covered": 86.17886178861788, "percent_covered_display": "86.18", "missing_lines": 17, "excluded_lines": 0, "percent_statements_covered": 86.17886178861788, "percent_statements_covered_display": "86.18"}, "missing_lines": [101, 153, 160, 201, 208, 209, 256, 262, 263, 265, 267, 268, 275, 321, 350, 351, 353], "excluded_lines": [], "functions": {"list_notification_templates": {"executed_lines": [96, 98, 99, 100, 103, 104, 109], "summary": {"covered_lines": 7, "num_statements": 8, "percent_covered": 87.5, "percent_covered_display": "87.50", "missing_lines": 1, "excluded_lines": 0, "percent_statements_covered": 87.5, "percent_statements_covered_display": "87.50"}, "missing_lines": [101], "excluded_lines": [], "start_line": 87}, "get_notification_template": {"executed_lines": [128, 130, 131, 136], "summary": {"covered_lines": 4, "num_statements": 4, "percent_covered": 100.0, "percent_covered_display": "100.00", "missing_lines": 0, "excluded_lines": 0, "percent_statements_covered": 100.0, "percent_statements_covered_display": "100.00"}, "missing_lines": [], "excluded_lines": [], "start_line": 122}, "create_notification_template": {"executed_lines": [151, 152, 159, 166, 167, 169, 170, 171, 172, 174], "summary": {"covered_lines": 10, "num_statements": 12, "percent_covered": 83.33333333333333, "percent_covered_display": "83.33", "missing_lines": 2, "excluded_lines": 0, "percent_statements_covered": 83.33333333333333, "percent_statements_covered_display": "83.33"}, "missing_lines": [153, 160], "excluded_lines": [], "start_line": 144}, "update_notification_template": {"executed_lines": [189, 191, 192, 198, 199, 200, 207, 216, 217, 219, 220, 222], "summary": {"covered_lines": 12, "num_statements": 15, "percent_covered": 80.0, "percent_covered_display": "80.00", "missing_lines": 3, "excluded_lines": 0, "percent_statements_covered": 80.0, "percent_statements_covered_display": "80.00"}, "missing_lines": [201, 208, 209], "excluded_lines": [], "start_line": 182}, "delete_notification_template": {"executed_lines": [236, 238, 239, 241, 242, 244], "summary": {"covered_lines": 6, "num_statements": 6, "percent_covered": 100.0, "percent_covered_display": "100.00", "missing_lines": 0, "excluded_lines": 0, "percent_statements_covered": 100.0, "percent_statements_covered_display": "100.00"}, "missing_lines": [], "excluded_lines": [], "start_line": 230}, "get_default_template_endpoint": {"executed_lines": [], "summary": {"covered_lines": 0, "num_statements": 11, "percent_covered": 0.0, "percent_covered_display": "0.00", "missing_lines": 11, "excluded_lines": 0, "percent_statements_covered": 0.0, "percent_statements_covered_display": "0.00"}, "missing_lines": [256, 262, 263, 265, 267, 268, 275, 321, 350, 351, 353], "excluded_lines": [], "start_line": 248}, "": {"executed_lines": [2, 3, 4, 5, 6, 7, 9, 10, 13, 18, 20, 21, 24, 26, 27, 28, 29, 30, 31, 32, 33, 34, 37, 39, 40, 41, 42, 43, 44, 45, 46, 47, 50, 52, 53, 54, 55, 56, 57, 58, 59, 60, 61, 62, 63, 65, 68, 70, 71, 72, 73, 76, 77, 80, 81, 86, 87, 121, 122, 143, 144, 181, 182, 229, 230, 247, 248], "summary": {"covered_lines": 67, "num_statements": 67, "percent_covered": 100.0, "percent_covered_display": "100.00", "missing_lines": 0, "excluded_lines": 0, "percent_statements_covered": 100.0, "percent_statements_covered_display": "100.00"}, "missing_lines": [], "excluded_lines": [], "start_line": 1}}, "classes": {"BaseResponse": {"executed_lines": [], "summary": {"covered_lines": 0, "num_statements": 0, "percent_covered": 100.0, "percent_covered_display": "100.00", "missing_lines": 0, "excluded_lines": 0, "percent_statements_covered": 100.0, "percent_statements_covered_display": "100.00"}, "missing_lines": [], "excluded_lines": [], "start_line": 18}, "NotificationTemplateCreate": {"executed_lines": [], "summary": {"covered_lines": 0, "num_statements": 0, "percent_covered": 100.0, "percent_covered_display": "100.00", "missing_lines": 0, "excluded_lines": 0, "percent_statements_covered": 100.0, "percent_statements_covered_display": "100.00"}, "missing_lines": [], "excluded_lines": [], "start_line": 24}, "NotificationTemplateUpdate": {"executed_lines": [], "summary": {"covered_lines": 0, "num_statements": 0, "percent_covered": 100.0, "percent_covered_display": "100.00", "missing_lines": 0, "excluded_lines": 0, "percent_statements_covered": 100.0, "percent_statements_covered_display": "100.00"}, "missing_lines": [], "excluded_lines": [], "start_line": 37}, "NotificationTemplateResponse": {"executed_lines": [], "summary": {"covered_lines": 0, "num_statements": 0, "percent_covered": 100.0, "percent_covered_display": "100.00", "missing_lines": 0, "excluded_lines": 0, "percent_statements_covered": 100.0, "percent_statements_covered_display": "100.00"}, "missing_lines": [], "excluded_lines": [], "start_line": 50}, "PaginationData": {"executed_lines": [], "summary": {"covered_lines": 0, "num_statements": 0, "percent_covered": 100.0, "percent_covered_display": "100.00", "missing_lines": 0, "excluded_lines": 0, "percent_statements_covered": 100.0, "percent_statements_covered_display": "100.00"}, "missing_lines": [], "excluded_lines": [], "start_line": 68}, "NotificationTemplateListResponse": {"executed_lines": [], "summary": {"covered_lines": 0, "num_statements": 0, "percent_covered": 100.0, "percent_covered_display": "100.00", "missing_lines": 0, "excluded_lines": 0, "percent_statements_covered": 100.0, "percent_statements_covered_display": "100.00"}, "missing_lines": [], "excluded_lines": [], "start_line": 76}, "NotificationTemplateDetailResponse": {"executed_lines": [], "summary": {"covered_lines": 0, "num_statements": 0, "percent_covered": 100.0, "percent_covered_display": "100.00", "missing_lines": 0, "excluded_lines": 0, "percent_statements_covered": 100.0, "percent_statements_covered_display": "100.00"}, "missing_lines": [], "excluded_lines": [], "start_line": 80}, "": {"executed_lines": [2, 3, 4, 5, 6, 7, 9, 10, 13, 18, 20, 21, 24, 26, 27, 28, 29, 30, 31, 32, 33, 34, 37, 39, 40, 41, 42, 43, 44, 45, 46, 47, 50, 52, 53, 54, 55, 56, 57, 58, 59, 60, 61, 62, 63, 65, 68, 70, 71, 72, 73, 76, 77, 80, 81, 86, 87, 96, 98, 99, 100, 103, 104, 109, 121, 122, 128, 130, 131, 136, 143, 144, 151, 152, 159, 166, 167, 169, 170, 171, 172, 174, 181, 182, 189, 191, 192, 198, 199, 200, 207, 216, 217, 219, 220, 222, 229, 230, 236, 238, 239, 241, 242, 244, 247, 248], "summary": {"covered_lines": 106, "num_statements": 123, "percent_covered": 86.17886178861788, "percent_covered_display": "86.18", "missing_lines": 17, "excluded_lines": 0, "percent_statements_covered": 86.17886178861788, "percent_statements_covered_display": "86.18"}, "missing_lines": [101, 153, 160, 201, 208, 209, 256, 262, 263, 265, 267, 268, 275, 321, 350, 351, 353], "excluded_lines": [], "start_line": 1}}}, "app/api/permissions.py": {"executed_lines": [9, 10, 11, 12, 13, 14, 16, 17, 18, 19, 20, 22, 27, 28, 29, 30, 31, 32, 33, 34, 37, 38, 39, 40, 41, 42, 43, 44, 47, 48, 49, 52, 53, 54, 57, 59, 62, 64, 67, 69, 74, 83, 85, 86, 87, 88, 93, 94, 102, 103, 105, 106, 109, 110, 111, 112, 113, 126, 127, 129, 135, 136, 142, 143, 145, 148, 149, 150, 152, 162, 165, 166, 173, 176, 178, 179, 181, 184, 187, 188, 194, 197, 199, 202, 207, 208, 216, 217, 218, 225, 228, 229, 234, 235, 237, 238, 240, 241, 244, 247, 250, 252, 259, 262, 263, 269, 273, 274, 275, 332, 333, 339, 343, 344, 347, 350, 353, 355, 365, 366, 373, 377, 378, 381, 382, 384, 390, 391, 414, 415, 422, 426, 427, 430, 431, 433, 436, 437, 480, 481, 486, 487, 490, 493, 495, 509, 510, 516, 517, 520, 521, 522, 525, 527, 532, 533, 540, 544, 545, 548, 549, 551, 567, 568, 575, 579, 580, 581, 583, 584, 586, 589, 590, 591, 592, 594, 601, 602, 642, 643, 673, 674], "summary": {"covered_lines": 182, "num_statements": 275, "percent_covered": 66.18181818181819, "percent_covered_display": "66.18", "missing_lines": 93, "excluded_lines": 0, "percent_statements_covered": 66.18181818181819, "percent_statements_covered_display": "66.18"}, "missing_lines": [174, 182, 195, 200, 270, 277, 280, 283, 284, 285, 286, 292, 294, 295, 296, 297, 303, 304, 316, 340, 345, 374, 379, 397, 398, 401, 402, 403, 405, 406, 408, 423, 428, 442, 443, 445, 448, 449, 451, 452, 454, 455, 463, 470, 471, 472, 474, 475, 541, 546, 576, 609, 610, 613, 614, 615, 617, 620, 621, 624, 627, 628, 629, 632, 633, 634, 636, 650, 651, 654, 655, 656, 658, 661, 662, 664, 665, 668, 670, 681, 682, 685, 686, 687, 689, 692, 693, 696, 697, 698, 701, 702, 704], "excluded_lines": [], "functions": {"get_role_info": {"executed_lines": [85, 86, 87, 88], "summary": {"covered_lines": 4, "num_statements": 4, "percent_covered": 100.0, "percent_covered_display": "100.00", "missing_lines": 0, "excluded_lines": 0, "percent_statements_covered": 100.0, "percent_statements_covered_display": "100.00"}, "missing_lines": [], "excluded_lines": [], "start_line": 83}, "get_permissions": {"executed_lines": [102, 103, 105, 106, 109, 129], "summary": {"covered_lines": 6, "num_statements": 6, "percent_covered": 100.0, "percent_covered_display": "100.00", "missing_lines": 0, "excluded_lines": 0, "percent_statements_covered": 100.0, "percent_statements_covered_display": "100.00"}, "missing_lines": [], "excluded_lines": [], "start_line": 94}, "get_permissions.build_tree": {"executed_lines": [110, 111, 112, 113, 126, 127], "summary": {"covered_lines": 6, "num_statements": 6, "percent_covered": 100.0, "percent_covered_display": "100.00", "missing_lines": 0, "excluded_lines": 0, "percent_statements_covered": 100.0, "percent_statements_covered_display": "100.00"}, "missing_lines": [], "excluded_lines": [], "start_line": 109}, "create_permission": {"executed_lines": [142, 143, 145, 148, 149, 150, 152, 162], "summary": {"covered_lines": 8, "num_statements": 8, "percent_covered": 100.0, "percent_covered_display": "100.00", "missing_lines": 0, "excluded_lines": 0, "percent_statements_covered": 100.0, "percent_statements_covered_display": "100.00"}, "missing_lines": [], "excluded_lines": [], "start_line": 136}, "update_permission": {"executed_lines": [173, 176, 178, 179, 181, 184], "summary": {"covered_lines": 6, "num_statements": 8, "percent_covered": 75.0, "percent_covered_display": "75.00", "missing_lines": 2, "excluded_lines": 0, "percent_statements_covered": 75.0, "percent_statements_covered_display": "75.00"}, "missing_lines": [174, 182], "excluded_lines": [], "start_line": 166}, "delete_permission": {"executed_lines": [194, 197, 199, 202], "summary": {"covered_lines": 4, "num_statements": 6, "percent_covered": 66.66666666666667, "percent_covered_display": "66.67", "missing_lines": 2, "excluded_lines": 0, "percent_statements_covered": 66.66666666666667, "percent_statements_covered_display": "66.67"}, "missing_lines": [195, 200], "excluded_lines": [], "start_line": 188}, "get_roles_list": {"executed_lines": [216, 217, 218, 225], "summary": {"covered_lines": 4, "num_statements": 4, "percent_covered": 100.0, "percent_covered_display": "100.00", "missing_lines": 0, "excluded_lines": 0, "percent_statements_covered": 100.0, "percent_statements_covered_display": "100.00"}, "missing_lines": [], "excluded_lines": [], "start_line": 208}, "get_roles": {"executed_lines": [234, 235, 237, 238, 240, 241, 244, 247, 250, 252, 259], "summary": {"covered_lines": 11, "num_statements": 11, "percent_covered": 100.0, "percent_covered_display": "100.00", "missing_lines": 0, "excluded_lines": 0, "percent_statements_covered": 100.0, "percent_statements_covered_display": "100.00"}, "missing_lines": [], "excluded_lines": [], "start_line": 229}, "get_role_detail": {"executed_lines": [269, 273, 274, 275], "summary": {"covered_lines": 4, "num_statements": 19, "percent_covered": 21.05263157894737, "percent_covered_display": "21.05", "missing_lines": 15, "excluded_lines": 0, "percent_statements_covered": 21.05263157894737, "percent_statements_covered_display": "21.05"}, "missing_lines": [270, 277, 280, 283, 284, 285, 286, 292, 294, 295, 296, 297, 303, 304, 316], "excluded_lines": [], "start_line": 263}, "get_role_environments": {"executed_lines": [339, 343, 344, 347, 350, 353, 355], "summary": {"covered_lines": 7, "num_statements": 9, "percent_covered": 77.77777777777777, "percent_covered_display": "77.78", "missing_lines": 2, "excluded_lines": 0, "percent_statements_covered": 77.77777777777777, "percent_statements_covered_display": "77.78"}, "missing_lines": [340, 345], "excluded_lines": [], "start_line": 333}, "update_role_environments": {"executed_lines": [373, 377, 378, 381, 382, 384], "summary": {"covered_lines": 6, "num_statements": 8, "percent_covered": 75.0, "percent_covered_display": "75.00", "missing_lines": 2, "excluded_lines": 0, "percent_statements_covered": 75.0, "percent_statements_covered_display": "75.00"}, "missing_lines": [374, 379], "excluded_lines": [], "start_line": 366}, "get_role_permissions": {"executed_lines": [], "summary": {"covered_lines": 0, "num_statements": 8, "percent_covered": 0.0, "percent_covered_display": "0.00", "missing_lines": 8, "excluded_lines": 0, "percent_statements_covered": 0.0, "percent_statements_covered_display": "0.00"}, "missing_lines": [397, 398, 401, 402, 403, 405, 406, 408], "excluded_lines": [], "start_line": 391}, "update_role_permissions": {"executed_lines": [422, 426, 427, 430, 431, 433], "summary": {"covered_lines": 6, "num_statements": 8, "percent_covered": 75.0, "percent_covered_display": "75.00", "missing_lines": 2, "excluded_lines": 0, "percent_statements_covered": 75.0, "percent_statements_covered_display": "75.00"}, "missing_lines": [423, 428], "excluded_lines": [], "start_line": 415}, "reset_default_permissions": {"executed_lines": [], "summary": {"covered_lines": 0, "num_statements": 15, "percent_covered": 0.0, "percent_covered_display": "0.00", "missing_lines": 15, "excluded_lines": 0, "percent_statements_covered": 0.0, "percent_statements_covered_display": "0.00"}, "missing_lines": [442, 443, 445, 448, 449, 451, 452, 454, 455, 463, 470, 471, 472, 474, 475], "excluded_lines": [], "start_line": 437}, "get_my_permissions": {"executed_lines": [486, 487, 490, 493, 495], "summary": {"covered_lines": 5, "num_statements": 5, "percent_covered": 100.0, "percent_covered_display": "100.00", "missing_lines": 0, "excluded_lines": 0, "percent_statements_covered": 100.0, "percent_statements_covered_display": "100.00"}, "missing_lines": [], "excluded_lines": [], "start_line": 481}, "check_permission": {"executed_lines": [516, 517, 520, 521, 522, 525, 527], "summary": {"covered_lines": 7, "num_statements": 7, "percent_covered": 100.0, "percent_covered_display": "100.00", "missing_lines": 0, "excluded_lines": 0, "percent_statements_covered": 100.0, "percent_statements_covered_display": "100.00"}, "missing_lines": [], "excluded_lines": [], "start_line": 510}, "get_available_users_for_role": {"executed_lines": [540, 544, 545, 548, 549, 551], "summary": {"covered_lines": 6, "num_statements": 8, "percent_covered": 75.0, "percent_covered_display": "75.00", "missing_lines": 2, "excluded_lines": 0, "percent_statements_covered": 75.0, "percent_statements_covered_display": "75.00"}, "missing_lines": [541, 546], "excluded_lines": [], "start_line": 533}, "add_users_to_role": {"executed_lines": [575, 579, 580, 581, 583, 584, 586, 589, 590, 591, 592, 594], "summary": {"covered_lines": 12, "num_statements": 13, "percent_covered": 92.3076923076923, "percent_covered_display": "92.31", "missing_lines": 1, "excluded_lines": 0, "percent_statements_covered": 92.3076923076923, "percent_statements_covered_display": "92.31"}, "missing_lines": [576], "excluded_lines": [], "start_line": 568}, "update_role_users": {"executed_lines": [], "summary": {"covered_lines": 0, "num_statements": 16, "percent_covered": 0.0, "percent_covered_display": "0.00", "missing_lines": 16, "excluded_lines": 0, "percent_statements_covered": 0.0, "percent_statements_covered_display": "0.00"}, "missing_lines": [609, 610, 613, 614, 615, 617, 620, 621, 624, 627, 628, 629, 632, 633, 634, 636], "excluded_lines": [], "start_line": 602}, "remove_user_from_role": {"executed_lines": [], "summary": {"covered_lines": 0, "num_statements": 12, "percent_covered": 0.0, "percent_covered_display": "0.00", "missing_lines": 12, "excluded_lines": 0, "percent_statements_covered": 0.0, "percent_statements_covered_display": "0.00"}, "missing_lines": [650, 651, 654, 655, 656, 658, 661, 662, 664, 665, 668, 670], "excluded_lines": [], "start_line": 643}, "change_user_role": {"executed_lines": [], "summary": {"covered_lines": 0, "num_statements": 14, "percent_covered": 0.0, "percent_covered_display": "0.00", "missing_lines": 14, "excluded_lines": 0, "percent_statements_covered": 0.0, "percent_statements_covered_display": "0.00"}, "missing_lines": [681, 682, 685, 686, 687, 689, 692, 693, 696, 697, 698, 701, 702, 704], "excluded_lines": [], "start_line": 674}, "": {"executed_lines": [9, 10, 11, 12, 13, 14, 16, 17, 18, 19, 20, 22, 27, 28, 29, 30, 31, 32, 33, 34, 37, 38, 39, 40, 41, 42, 43, 44, 47, 48, 49, 52, 53, 54, 57, 59, 62, 64, 67, 69, 74, 83, 93, 94, 135, 136, 165, 166, 187, 188, 207, 208, 228, 229, 262, 263, 332, 333, 365, 366, 390, 391, 414, 415, 436, 437, 480, 481, 509, 510, 532, 533, 567, 568, 601, 602, 642, 643, 673, 674], "summary": {"covered_lines": 80, "num_statements": 80, "percent_covered": 100.0, "percent_covered_display": "100.00", "missing_lines": 0, "excluded_lines": 0, "percent_statements_covered": 100.0, "percent_statements_covered_display": "100.00"}, "missing_lines": [], "excluded_lines": [], "start_line": 1}}, "classes": {"PermissionCreate": {"executed_lines": [], "summary": {"covered_lines": 0, "num_statements": 0, "percent_covered": 100.0, "percent_covered_display": "100.00", "missing_lines": 0, "excluded_lines": 0, "percent_statements_covered": 100.0, "percent_statements_covered_display": "100.00"}, "missing_lines": [], "excluded_lines": [], "start_line": 27}, "PermissionUpdate": {"executed_lines": [], "summary": {"covered_lines": 0, "num_statements": 0, "percent_covered": 100.0, "percent_covered_display": "100.00", "missing_lines": 0, "excluded_lines": 0, "percent_statements_covered": 100.0, "percent_statements_covered_display": "100.00"}, "missing_lines": [], "excluded_lines": [], "start_line": 37}, "RolePermissionUpdate": {"executed_lines": [], "summary": {"covered_lines": 0, "num_statements": 0, "percent_covered": 100.0, "percent_covered_display": "100.00", "missing_lines": 0, "excluded_lines": 0, "percent_statements_covered": 100.0, "percent_statements_covered_display": "100.00"}, "missing_lines": [], "excluded_lines": [], "start_line": 47}, "RoleCreate": {"executed_lines": [], "summary": {"covered_lines": 0, "num_statements": 0, "percent_covered": 100.0, "percent_covered_display": "100.00", "missing_lines": 0, "excluded_lines": 0, "percent_statements_covered": 100.0, "percent_statements_covered_display": "100.00"}, "missing_lines": [], "excluded_lines": [], "start_line": 52}, "RoleEnvironmentUpdate": {"executed_lines": [], "summary": {"covered_lines": 0, "num_statements": 0, "percent_covered": 100.0, "percent_covered_display": "100.00", "missing_lines": 0, "excluded_lines": 0, "percent_statements_covered": 100.0, "percent_statements_covered_display": "100.00"}, "missing_lines": [], "excluded_lines": [], "start_line": 57}, "RoleUsersUpdate": {"executed_lines": [], "summary": {"covered_lines": 0, "num_statements": 0, "percent_covered": 100.0, "percent_covered_display": "100.00", "missing_lines": 0, "excluded_lines": 0, "percent_statements_covered": 100.0, "percent_statements_covered_display": "100.00"}, "missing_lines": [], "excluded_lines": [], "start_line": 62}, "BatchAddUsersToRole": {"executed_lines": [], "summary": {"covered_lines": 0, "num_statements": 0, "percent_covered": 100.0, "percent_covered_display": "100.00", "missing_lines": 0, "excluded_lines": 0, "percent_statements_covered": 100.0, "percent_statements_covered_display": "100.00"}, "missing_lines": [], "excluded_lines": [], "start_line": 67}, "": {"executed_lines": [9, 10, 11, 12, 13, 14, 16, 17, 18, 19, 20, 22, 27, 28, 29, 30, 31, 32, 33, 34, 37, 38, 39, 40, 41, 42, 43, 44, 47, 48, 49, 52, 53, 54, 57, 59, 62, 64, 67, 69, 74, 83, 85, 86, 87, 88, 93, 94, 102, 103, 105, 106, 109, 110, 111, 112, 113, 126, 127, 129, 135, 136, 142, 143, 145, 148, 149, 150, 152, 162, 165, 166, 173, 176, 178, 179, 181, 184, 187, 188, 194, 197, 199, 202, 207, 208, 216, 217, 218, 225, 228, 229, 234, 235, 237, 238, 240, 241, 244, 247, 250, 252, 259, 262, 263, 269, 273, 274, 275, 332, 333, 339, 343, 344, 347, 350, 353, 355, 365, 366, 373, 377, 378, 381, 382, 384, 390, 391, 414, 415, 422, 426, 427, 430, 431, 433, 436, 437, 480, 481, 486, 487, 490, 493, 495, 509, 510, 516, 517, 520, 521, 522, 525, 527, 532, 533, 540, 544, 545, 548, 549, 551, 567, 568, 575, 579, 580, 581, 583, 584, 586, 589, 590, 591, 592, 594, 601, 602, 642, 643, 673, 674], "summary": {"covered_lines": 182, "num_statements": 275, "percent_covered": 66.18181818181819, "percent_covered_display": "66.18", "missing_lines": 93, "excluded_lines": 0, "percent_statements_covered": 66.18181818181819, "percent_statements_covered_display": "66.18"}, "missing_lines": [174, 182, 195, 200, 270, 277, 280, 283, 284, 285, 286, 292, 294, 295, 296, 297, 303, 304, 316, 340, 345, 374, 379, 397, 398, 401, 402, 403, 405, 406, 408, 423, 428, 442, 443, 445, 448, 449, 451, 452, 454, 455, 463, 470, 471, 472, 474, 475, 541, 546, 576, 609, 610, 613, 614, 615, 617, 620, 621, 624, 627, 628, 629, 632, 633, 634, 636, 650, 651, 654, 655, 656, 658, 661, 662, 664, 665, 668, 670, 681, 682, 685, 686, 687, 689, 692, 693, 696, 697, 698, 701, 702, 704], "excluded_lines": [], "start_line": 1}}}, "app/api/scheduled_inspection.py": {"executed_lines": [4, 5, 6, 7, 8, 9, 10, 12, 13, 17, 18, 19, 21, 26, 28, 29, 30, 31, 32, 33, 34, 35, 36, 37, 38, 41, 43, 44, 45, 46, 47, 48, 49, 50, 51, 52, 53, 54, 57, 59, 60, 61, 66, 67, 119, 120, 158, 159, 208, 209, 256, 257, 272, 273, 294, 295, 332, 333, 348, 349, 382, 383, 413, 414], "summary": {"covered_lines": 64, "num_statements": 171, "percent_covered": 37.42690058479532, "percent_covered_display": "37.43", "missing_lines": 107, "excluded_lines": 0, "percent_statements_covered": 37.42690058479532, "percent_statements_covered_display": "37.43"}, "missing_lines": [76, 78, 79, 80, 81, 83, 84, 87, 88, 90, 127, 128, 129, 130, 133, 134, 136, 152, 153, 155, 165, 166, 167, 169, 170, 171, 172, 175, 176, 177, 178, 180, 216, 217, 218, 220, 221, 222, 223, 224, 225, 226, 227, 228, 229, 230, 231, 232, 233, 235, 236, 237, 238, 239, 240, 241, 242, 243, 244, 245, 246, 247, 248, 249, 250, 252, 253, 263, 264, 265, 267, 268, 269, 279, 280, 281, 283, 286, 287, 288, 290, 291, 302, 303, 304, 307, 314, 315, 316, 319, 320, 326, 338, 339, 340, 341, 342, 343, 357, 359, 360, 362, 389, 390, 391, 393, 416], "excluded_lines": [], "functions": {"list_scheduled_inspections": {"executed_lines": [], "summary": {"covered_lines": 0, "num_statements": 10, "percent_covered": 0.0, "percent_covered_display": "0.00", "missing_lines": 10, "excluded_lines": 0, "percent_statements_covered": 0.0, "percent_statements_covered_display": "0.00"}, "missing_lines": [76, 78, 79, 80, 81, 83, 84, 87, 88, 90], "excluded_lines": [], "start_line": 67}, "create_scheduled_inspection": {"executed_lines": [], "summary": {"covered_lines": 0, "num_statements": 10, "percent_covered": 0.0, "percent_covered_display": "0.00", "missing_lines": 10, "excluded_lines": 0, "percent_statements_covered": 0.0, "percent_statements_covered_display": "0.00"}, "missing_lines": [127, 128, 129, 130, 133, 134, 136, 152, 153, 155], "excluded_lines": [], "start_line": 120}, "get_scheduled_inspection": {"executed_lines": [], "summary": {"covered_lines": 0, "num_statements": 12, "percent_covered": 0.0, "percent_covered_display": "0.00", "missing_lines": 12, "excluded_lines": 0, "percent_statements_covered": 0.0, "percent_statements_covered_display": "0.00"}, "missing_lines": [165, 166, 167, 169, 170, 171, 172, 175, 176, 177, 178, 180], "excluded_lines": [], "start_line": 159}, "update_scheduled_inspection": {"executed_lines": [], "summary": {"covered_lines": 0, "num_statements": 35, "percent_covered": 0.0, "percent_covered_display": "0.00", "missing_lines": 35, "excluded_lines": 0, "percent_statements_covered": 0.0, "percent_statements_covered_display": "0.00"}, "missing_lines": [216, 217, 218, 220, 221, 222, 223, 224, 225, 226, 227, 228, 229, 230, 231, 232, 233, 235, 236, 237, 238, 239, 240, 241, 242, 243, 244, 245, 246, 247, 248, 249, 250, 252, 253], "excluded_lines": [], "start_line": 209}, "delete_scheduled_inspection": {"executed_lines": [], "summary": {"covered_lines": 0, "num_statements": 6, "percent_covered": 0.0, "percent_covered_display": "0.00", "missing_lines": 6, "excluded_lines": 0, "percent_statements_covered": 0.0, "percent_statements_covered_display": "0.00"}, "missing_lines": [263, 264, 265, 267, 268, 269], "excluded_lines": [], "start_line": 257}, "toggle_scheduled_inspection": {"executed_lines": [], "summary": {"covered_lines": 0, "num_statements": 9, "percent_covered": 0.0, "percent_covered_display": "0.00", "missing_lines": 9, "excluded_lines": 0, "percent_statements_covered": 0.0, "percent_statements_covered_display": "0.00"}, "missing_lines": [279, 280, 281, 283, 286, 287, 288, 290, 291], "excluded_lines": [], "start_line": 273}, "run_scheduled_inspection": {"executed_lines": [], "summary": {"covered_lines": 0, "num_statements": 10, "percent_covered": 0.0, "percent_covered_display": "0.00", "missing_lines": 10, "excluded_lines": 0, "percent_statements_covered": 0.0, "percent_statements_covered_display": "0.00"}, "missing_lines": [302, 303, 304, 307, 314, 315, 316, 319, 320, 326], "excluded_lines": [], "start_line": 295}, "validate_cron": {"executed_lines": [], "summary": {"covered_lines": 0, "num_statements": 6, "percent_covered": 0.0, "percent_covered_display": "0.00", "missing_lines": 6, "excluded_lines": 0, "percent_statements_covered": 0.0, "percent_statements_covered_display": "0.00"}, "missing_lines": [338, 339, 340, 341, 342, 343], "excluded_lines": [], "start_line": 333}, "list_executions": {"executed_lines": [], "summary": {"covered_lines": 0, "num_statements": 4, "percent_covered": 0.0, "percent_covered_display": "0.00", "missing_lines": 4, "excluded_lines": 0, "percent_statements_covered": 0.0, "percent_statements_covered_display": "0.00"}, "missing_lines": [357, 359, 360, 362], "excluded_lines": [], "start_line": 349}, "get_execution": {"executed_lines": [], "summary": {"covered_lines": 0, "num_statements": 4, "percent_covered": 0.0, "percent_covered_display": "0.00", "missing_lines": 4, "excluded_lines": 0, "percent_statements_covered": 0.0, "percent_statements_covered_display": "0.00"}, "missing_lines": [389, 390, 391, 393], "excluded_lines": [], "start_line": 383}, "get_modules": {"executed_lines": [], "summary": {"covered_lines": 0, "num_statements": 1, "percent_covered": 0.0, "percent_covered_display": "0.00", "missing_lines": 1, "excluded_lines": 0, "percent_statements_covered": 0.0, "percent_statements_covered_display": "0.00"}, "missing_lines": [416], "excluded_lines": [], "start_line": 414}, "": {"executed_lines": [4, 5, 6, 7, 8, 9, 10, 12, 13, 17, 18, 19, 21, 26, 28, 29, 30, 31, 32, 33, 34, 35, 36, 37, 38, 41, 43, 44, 45, 46, 47, 48, 49, 50, 51, 52, 53, 54, 57, 59, 60, 61, 66, 67, 119, 120, 158, 159, 208, 209, 256, 257, 272, 273, 294, 295, 332, 333, 348, 349, 382, 383, 413, 414], "summary": {"covered_lines": 64, "num_statements": 64, "percent_covered": 100.0, "percent_covered_display": "100.00", "missing_lines": 0, "excluded_lines": 0, "percent_statements_covered": 100.0, "percent_statements_covered_display": "100.00"}, "missing_lines": [], "excluded_lines": [], "start_line": 1}}, "classes": {"ScheduledInspectionCreate": {"executed_lines": [], "summary": {"covered_lines": 0, "num_statements": 0, "percent_covered": 100.0, "percent_covered_display": "100.00", "missing_lines": 0, "excluded_lines": 0, "percent_statements_covered": 100.0, "percent_statements_covered_display": "100.00"}, "missing_lines": [], "excluded_lines": [], "start_line": 26}, "ScheduledInspectionUpdate": {"executed_lines": [], "summary": {"covered_lines": 0, "num_statements": 0, "percent_covered": 100.0, "percent_covered_display": "100.00", "missing_lines": 0, "excluded_lines": 0, "percent_statements_covered": 100.0, "percent_statements_covered_display": "100.00"}, "missing_lines": [], "excluded_lines": [], "start_line": 41}, "ValidateCronResponse": {"executed_lines": [], "summary": {"covered_lines": 0, "num_statements": 0, "percent_covered": 100.0, "percent_covered_display": "100.00", "missing_lines": 0, "excluded_lines": 0, "percent_statements_covered": 100.0, "percent_statements_covered_display": "100.00"}, "missing_lines": [], "excluded_lines": [], "start_line": 57}, "": {"executed_lines": [4, 5, 6, 7, 8, 9, 10, 12, 13, 17, 18, 19, 21, 26, 28, 29, 30, 31, 32, 33, 34, 35, 36, 37, 38, 41, 43, 44, 45, 46, 47, 48, 49, 50, 51, 52, 53, 54, 57, 59, 60, 61, 66, 67, 119, 120, 158, 159, 208, 209, 256, 257, 272, 273, 294, 295, 332, 333, 348, 349, 382, 383, 413, 414], "summary": {"covered_lines": 64, "num_statements": 171, "percent_covered": 37.42690058479532, "percent_covered_display": "37.43", "missing_lines": 107, "excluded_lines": 0, "percent_statements_covered": 37.42690058479532, "percent_statements_covered_display": "37.43"}, "missing_lines": [76, 78, 79, 80, 81, 83, 84, 87, 88, 90, 127, 128, 129, 130, 133, 134, 136, 152, 153, 155, 165, 166, 167, 169, 170, 171, 172, 175, 176, 177, 178, 180, 216, 217, 218, 220, 221, 222, 223, 224, 225, 226, 227, 228, 229, 230, 231, 232, 233, 235, 236, 237, 238, 239, 240, 241, 242, 243, 244, 245, 246, 247, 248, 249, 250, 252, 253, 263, 264, 265, 267, 268, 269, 279, 280, 281, 283, 286, 287, 288, 290, 291, 302, 303, 304, 307, 314, 315, 316, 319, 320, 326, 338, 339, 340, 341, 342, 343, 357, 359, 360, 362, 389, 390, 391, 393, 416], "excluded_lines": [], "start_line": 1}}}, "app/api/scripts.py": {"executed_lines": [4, 5, 6, 7, 8, 9, 10, 11, 12, 13, 14, 15, 16, 17, 19, 20, 25, 26, 27, 28, 29, 30, 32, 34, 39, 41, 42, 43, 44, 45, 46, 47, 48, 49, 50, 52, 53, 54, 57, 59, 60, 61, 62, 63, 64, 65, 66, 67, 68, 70, 71, 72, 75, 77, 78, 79, 82, 84, 85, 86, 87, 88, 89, 90, 95, 114, 313, 446, 447, 457, 460, 461, 468, 472, 476, 482, 483, 485, 506, 507, 514, 520, 521, 528, 545, 546, 547, 549, 552, 553, 559, 561, 562, 597, 598, 605, 607, 608, 655, 656, 662, 664, 665, 683, 684, 768, 769, 806, 807, 860, 861, 895, 896], "summary": {"covered_lines": 113, "num_statements": 384, "percent_covered": 29.427083333333332, "percent_covered_display": "29.43", "missing_lines": 271, "excluded_lines": 0, "percent_statements_covered": 29.427083333333332, "percent_statements_covered_display": "29.43"}, "missing_lines": [97, 98, 100, 101, 103, 104, 106, 107, 108, 109, 111, 130, 131, 133, 134, 135, 136, 139, 140, 142, 143, 144, 147, 152, 153, 156, 164, 167, 175, 177, 178, 179, 180, 183, 184, 186, 198, 200, 201, 202, 203, 204, 206, 207, 211, 214, 215, 216, 219, 220, 221, 222, 223, 224, 227, 228, 229, 230, 231, 233, 234, 235, 236, 237, 242, 243, 244, 247, 248, 253, 254, 255, 256, 257, 263, 264, 270, 272, 273, 274, 275, 277, 278, 282, 284, 285, 286, 288, 290, 291, 295, 298, 302, 304, 305, 306, 307, 328, 330, 331, 333, 334, 335, 336, 338, 342, 343, 346, 349, 350, 351, 354, 359, 360, 363, 365, 366, 367, 368, 369, 370, 371, 372, 373, 374, 375, 377, 378, 379, 380, 382, 383, 384, 386, 388, 395, 396, 402, 403, 404, 405, 407, 409, 410, 411, 413, 414, 415, 419, 420, 421, 422, 425, 426, 427, 429, 431, 434, 435, 437, 438, 439, 441, 469, 473, 477, 515, 522, 523, 568, 569, 574, 614, 615, 621, 622, 623, 624, 625, 626, 627, 628, 629, 630, 631, 632, 633, 634, 635, 636, 637, 638, 639, 640, 641, 643, 644, 645, 646, 647, 648, 650, 652, 671, 672, 677, 678, 680, 693, 695, 696, 701, 702, 708, 709, 715, 718, 728, 729, 730, 732, 734, 742, 749, 756, 758, 775, 779, 780, 785, 817, 819, 820, 822, 823, 824, 825, 826, 827, 829, 830, 831, 832, 833, 834, 837, 838, 840, 841, 843, 867, 871, 872, 877, 878, 884, 885, 886, 887, 888, 890, 892, 902, 904, 905, 911, 912, 918, 932, 933, 935], "excluded_lines": [], "functions": {"check_script_permission": {"executed_lines": [], "summary": {"covered_lines": 0, "num_statements": 11, "percent_covered": 0.0, "percent_covered_display": "0.00", "missing_lines": 11, "excluded_lines": 0, "percent_statements_covered": 0.0, "percent_statements_covered_display": "0.00"}, "missing_lines": [97, 98, 100, 101, 103, 104, 106, 107, 108, 109, 111], "excluded_lines": [], "start_line": 95}, "send_script_notification": {"executed_lines": [], "summary": {"covered_lines": 0, "num_statements": 86, "percent_covered": 0.0, "percent_covered_display": "0.00", "missing_lines": 86, "excluded_lines": 0, "percent_statements_covered": 0.0, "percent_statements_covered_display": "0.00"}, "missing_lines": [130, 131, 133, 134, 135, 136, 139, 140, 142, 143, 144, 147, 152, 153, 156, 164, 167, 175, 177, 178, 179, 180, 183, 184, 186, 198, 200, 201, 202, 203, 204, 206, 207, 211, 214, 215, 216, 219, 220, 221, 222, 223, 224, 227, 228, 229, 230, 231, 233, 234, 235, 236, 237, 242, 243, 244, 247, 248, 253, 254, 255, 256, 257, 263, 264, 270, 272, 273, 274, 275, 277, 278, 282, 284, 285, 286, 288, 290, 291, 295, 298, 302, 304, 305, 306, 307], "excluded_lines": [], "start_line": 114}, "execute_script_async": {"executed_lines": [], "summary": {"covered_lines": 0, "num_statements": 66, "percent_covered": 0.0, "percent_covered_display": "0.00", "missing_lines": 66, "excluded_lines": 0, "percent_statements_covered": 0.0, "percent_statements_covered_display": "0.00"}, "missing_lines": [328, 330, 331, 333, 334, 335, 336, 338, 342, 343, 346, 349, 350, 351, 354, 359, 360, 363, 365, 366, 367, 368, 369, 370, 371, 372, 373, 374, 375, 377, 378, 379, 380, 382, 383, 384, 386, 388, 395, 396, 402, 403, 404, 405, 407, 409, 410, 411, 413, 414, 415, 419, 420, 421, 422, 425, 426, 427, 429, 431, 434, 435, 437, 438, 439, 441], "excluded_lines": [], "start_line": 313}, "list_scripts": {"executed_lines": [457, 460, 461, 468, 472, 476, 482, 483, 485], "summary": {"covered_lines": 9, "num_statements": 12, "percent_covered": 75.0, "percent_covered_display": "75.00", "missing_lines": 3, "excluded_lines": 0, "percent_statements_covered": 75.0, "percent_statements_covered_display": "75.00"}, "missing_lines": [469, 473, 477], "excluded_lines": [], "start_line": 447}, "create_script": {"executed_lines": [514, 520, 521, 528, 545, 546, 547, 549], "summary": {"covered_lines": 8, "num_statements": 11, "percent_covered": 72.72727272727273, "percent_covered_display": "72.73", "missing_lines": 3, "excluded_lines": 0, "percent_statements_covered": 72.72727272727273, "percent_statements_covered_display": "72.73"}, "missing_lines": [515, 522, 523], "excluded_lines": [], "start_line": 507}, "get_script": {"executed_lines": [5
[...]
": [], "summary": {"covered_lines": 0, "num_statements": 3, "percent_covered": 0.0, "percent_covered_display": "0.00", "missing_lines": 3, "excluded_lines": 0, "percent_statements_covered": 0.0, "percent_statements_covered_display": "0.00"}, "missing_lines": [220, 221, 222], "excluded_lines": [], "start_line": 213}, "DatabaseConnectionManager.get_connection": {"executed_lines": [243, 245, 248], "summary": {"covered_lines": 3, "num_statements": 4, "percent_covered": 75.0, "percent_covered_display": "75.00", "missing_lines": 1, "excluded_lines": 0, "percent_statements_covered": 75.0, "percent_statements_covered_display": "75.00"}, "missing_lines": [246], "excluded_lines": [], "start_line": 226}, "DatabaseConnectionManager.connection": {"executed_lines": [265, 266, 268, 269, 272], "summary": {"covered_lines": 5, "num_statements": 9, "percent_covered": 55.55555555555556, "percent_covered_display": "55.56", "missing_lines": 4, "excluded_lines": 0, "percent_statements_covered": 55.55555555555556, "percent_statements_covered_display": "55.56"}, "missing_lines": [270, 273, 274, 276], "excluded_lines": [], "start_line": 251}, "DatabaseConnectionManager.test_connection": {"executed_lines": [], "summary": {"covered_lines": 0, "num_statements": 15, "percent_covered": 0.0, "percent_covered_display": "0.00", "missing_lines": 15, "excluded_lines": 0, "percent_statements_covered": 0.0, "percent_statements_covered_display": "0.00"}, "missing_lines": [291, 293, 294, 295, 298, 299, 300, 302, 303, 305, 307, 313, 314, 315, 316], "excluded_lines": [], "start_line": 280}, "DatabaseConnectionManager.execute_query": {"executed_lines": [], "summary": {"covered_lines": 0, "num_statements": 19, "percent_covered": 0.0, "percent_covered_display": "0.00", "missing_lines": 19, "excluded_lines": 0, "percent_statements_covered": 0.0, "percent_statements_covered_display": "0.00"}, "missing_lines": [341, 342, 343, 345, 346, 348, 350, 357, 358, 359, 360, 361, 364, 365, 367, 368, 370, 371, 372], "excluded_lines": [], "start_line": 320}, "DatabaseConnectionManager.execute_script": {"executed_lines": [], "summary": {"covered_lines": 0, "num_statements": 20, "percent_covered": 0.0, "percent_covered_display": "0.00", "missing_lines": 20, "excluded_lines": 0, "percent_statements_covered": 0.0, "percent_statements_covered_display": "0.00"}, "missing_lines": [393, 394, 395, 397, 398, 400, 401, 402, 403, 404, 405, 406, 411, 412, 413, 418, 419, 421, 423, 424], "excluded_lines": [], "start_line": 374}, "DatabaseConnectionManager.get_databases": {"executed_lines": [], "summary": {"covered_lines": 0, "num_statements": 9, "percent_covered": 0.0, "percent_covered_display": "0.00", "missing_lines": 9, "excluded_lines": 0, "percent_statements_covered": 0.0, "percent_statements_covered_display": "0.00"}, "missing_lines": [435, 437, 438, 440, 441, 445, 447, 448, 449], "excluded_lines": [], "start_line": 433}, "DatabaseConnectionManager.get_tables": {"executed_lines": [], "summary": {"covered_lines": 0, "num_statements": 9, "percent_covered": 0.0, "percent_covered_display": "0.00", "missing_lines": 9, "excluded_lines": 0, "percent_statements_covered": 0.0, "percent_statements_covered_display": "0.00"}, "missing_lines": [457, 459, 460, 462, 463, 470, 477, 481, 482], "excluded_lines": [], "start_line": 451}, "DatabaseConnectionManager.get_table_structure": {"executed_lines": [], "summary": {"covered_lines": 0, "num_statements": 13, "percent_covered": 0.0, "percent_covered_display": "0.00", "missing_lines": 13, "excluded_lines": 0, "percent_statements_covered": 0.0, "percent_statements_covered_display": "0.00"}, "missing_lines": [491, 493, 494, 497, 498, 505, 512, 515, 516, 522, 524, 526, 528], "excluded_lines": [], "start_line": 484}, "DatabaseConnectionManager.close_pool": {"executed_lines": [], "summary": {"covered_lines": 0, "num_statements": 9, "percent_covered": 0.0, "percent_covered_display": "0.00", "missing_lines": 9, "excluded_lines": 0, "percent_statements_covered": 0.0, "percent_statements_covered_display": "0.00"}, "missing_lines": [538, 540, 541, 542, 543, 545, 546, 547, 548], "excluded_lines": [], "start_line": 536}, "DatabaseConnectionManager.close_all_pools": {"executed_lines": [], "summary": {"covered_lines": 0, "num_statements": 7, "percent_covered": 0.0, "percent_covered_display": "0.00", "missing_lines": 7, "excluded_lines": 0, "percent_statements_covered": 0.0, "percent_statements_covered_display": "0.00"}, "missing_lines": [552, 553, 554, 556, 557, 558, 560], "excluded_lines": [], "start_line": 550}, "RedisConnectionManager.__init__": {"executed_lines": [585], "summary": {"covered_lines": 1, "num_statements": 1, "percent_covered": 100.0, "percent_covered_display": "100.00", "missing_lines": 0, "excluded_lines": 0, "percent_statements_covered": 100.0, "percent_statements_covered_display": "100.00"}, "missing_lines": [], "excluded_lines": [], "start_line": 584}, "RedisConnectionManager._get_credentials": {"executed_lines": [], "summary": {"covered_lines": 0, "num_statements": 7, "percent_covered": 0.0, "percent_covered_display": "0.00", "missing_lines": 7, "excluded_lines": 0, "percent_statements_covered": 0.0, "percent_statements_covered_display": "0.00"}, "missing_lines": [597, 598, 599, 600, 601, 602, 604], "excluded_lines": [], "start_line": 587}, "RedisConnectionManager.get_connection": {"executed_lines": [], "summary": {"covered_lines": 0, "num_statements": 7, "percent_covered": 0.0, "percent_covered_display": "0.00", "missing_lines": 7, "excluded_lines": 0, "percent_statements_covered": 0.0, "percent_statements_covered_display": "0.00"}, "missing_lines": [624, 626, 628, 629, 638, 639, 640], "excluded_lines": [], "start_line": 611}, "RedisConnectionManager.connection": {"executed_lines": [], "summary": {"covered_lines": 0, "num_statements": 6, "percent_covered": 0.0, "percent_covered_display": "0.00", "missing_lines": 6, "excluded_lines": 0, "percent_statements_covered": 0.0, "percent_statements_covered_display": "0.00"}, "missing_lines": [652, 653, 654, 655, 657, 658], "excluded_lines": [], "start_line": 643}, "RedisConnectionManager.test_connection": {"executed_lines": [], "summary": {"covered_lines": 0, "num_statements": 8, "percent_covered": 0.0, "percent_covered_display": "0.00", "missing_lines": 8, "excluded_lines": 0, "percent_statements_covered": 0.0, "percent_statements_covered_display": "0.00"}, "missing_lines": [667, 668, 669, 670, 675, 676, 677, 678], "excluded_lines": [], "start_line": 660}, "RedisConnectionManager.get_info": {"executed_lines": [], "summary": {"covered_lines": 0, "num_statements": 2, "percent_covered": 0.0, "percent_covered_display": "0.00", "missing_lines": 2, "excluded_lines": 0, "percent_statements_covered": 0.0, "percent_statements_covered_display": "0.00"}, "missing_lines": [687, 688], "excluded_lines": [], "start_line": 680}, "RedisConnectionManager.get_memory_stats": {"executed_lines": [], "summary": {"covered_lines": 0, "num_statements": 3, "percent_covered": 0.0, "percent_covered_display": "0.00", "missing_lines": 3, "excluded_lines": 0, "percent_statements_covered": 0.0, "percent_statements_covered_display": "0.00"}, "missing_lines": [694, 695, 696], "excluded_lines": [], "start_line": 690}, "ConnectionFactory.get_manager": {"executed_lines": [], "summary": {"covered_lines": 0, "num_statements": 4, "percent_covered": 0.0, "percent_covered_display": "0.00", "missing_lines": 4, "excluded_lines": 0, "percent_statements_covered": 0.0, "percent_statements_covered_display": "0.00"}, "missing_lines": [729, 731, 732, 733], "excluded_lines": [], "start_line": 719}, "ConnectionFactory.connection": {"executed_lines": [], "summary": {"covered_lines": 0, "num_statements": 6, "percent_covered": 0.0, "percent_covered_display": "0.00", "missing_lines": 6, "excluded_lines": 0, "percent_statements_covered": 0.0, "percent_statements_covered_display": "0.00"}, "missing_lines": [749, 751, 752, 753, 755, 756], "excluded_lines": [], "start_line": 737}, "": {"executed_lines": [22, 23, 24, 25, 26, 27, 28, 30, 31, 33, 36, 38, 41, 43, 46, 54, 55, 56, 57, 58, 61, 64, 65, 67, 70, 84, 90, 117, 156, 177, 213, 226, 250, 251, 280, 320, 374, 433, 451, 484, 536, 550, 564, 570, 581, 582, 584, 587, 611, 642, 643, 660, 680, 690, 706, 711, 718, 719, 735, 736, 737, 760], "summary": {"covered_lines": 62, "num_statements": 62, "percent_covered": 100.0, "percent_covered_display": "100.00", "missing_lines": 0, "excluded_lines": 0, "percent_statements_covered": 100.0, "percent_statements_covered_display": "100.00"}, "missing_lines": [], "excluded_lines": [], "start_line": 1}}, "classes": {"DatabaseConnectionError": {"executed_lines": [], "summary": {"covered_lines": 0, "num_statements": 0, "percent_covered": 100.0, "percent_covered_display": "100.00", "missing_lines": 0, "excluded_lines": 0, "percent_statements_covered": 100.0, "percent_statements_covered_display": "100.00"}, "missing_lines": [], "excluded_lines": [], "start_line": 36}, "DatabaseExecutionError": {"executed_lines": [], "summary": {"covered_lines": 0, "num_statements": 0, "percent_covered": 100.0, "percent_covered_display": "100.00", "missing_lines": 0, "excluded_lines": 0, "percent_statements_covered": 100.0, "percent_statements_covered_display": "100.00"}, "missing_lines": [], "excluded_lines": [], "start_line": 41}, "DatabaseConnectionManager": {"executed_lines": [68, 77, 78, 79, 134, 243, 245, 248, 265, 266, 268, 269, 272], "summary": {"covered_lines": 13, "num_statements": 154, "percent_covered": 8.441558441558442, "percent_covered_display": "8.44", "missing_lines": 141, "excluded_lines": 0, "percent_statements_covered": 8.441558441558442, "percent_statements_covered_display": "8.44"}, "missing_lines": [80, 82, 86, 92, 94, 95, 111, 112, 113, 114, 115, 136, 137, 147, 149, 150, 152, 158, 160, 161, 171, 172, 173, 174, 175, 194, 196, 197, 206, 208, 209, 211, 220, 221, 222, 246, 270, 273, 274, 276, 291, 293, 294, 295, 298, 299, 300, 302, 303, 305, 307, 313, 314, 315, 316, 341, 342, 343, 345, 346, 348, 350, 357, 358, 359, 360, 361, 364, 365, 367, 368, 370, 371, 372, 393, 394, 395, 397, 398, 400, 401, 402, 403, 404, 405, 406, 411, 412, 413, 418, 419, 421, 423, 424, 435, 437, 438, 440, 441, 445, 447, 448, 449, 457, 459, 460, 462, 463, 470, 477, 481, 482, 491, 493, 494, 497, 498, 505, 512, 515, 516, 522, 524, 526, 528, 538, 540, 541, 542, 543, 545, 546, 547, 548, 552, 553, 554, 556, 557, 558, 560], "excluded_lines": [], "start_line": 46}, "RedisConnectionManager": {"executed_lines": [585], "summary": {"covered_lines": 1, "num_statements": 34, "percent_covered": 2.9411764705882355, "percent_covered_display": "2.94", "missing_lines": 33, "excluded_lines": 0, "percent_statements_covered": 2.9411764705882355, "percent_statements_covered_display": "2.94"}, "missing_lines": [597, 598, 599, 600, 601, 602, 604, 624, 626, 628, 629, 638, 639, 640, 652, 653, 654, 655, 657, 658, 667, 668, 669, 670, 675, 676, 677, 678, 687, 688, 694, 695, 696], "excluded_lines": [], "start_line": 570}, "ConnectionFactory": {"executed_lines": [], "summary": {"covered_lines": 0, "num_statements": 10, "percent_covered": 0.0, "percent_covered_display": "0.00", "missing_lines": 10, "excluded_lines": 0, "percent_statements_covered": 0.0, "percent_statements_covered_display": "0.00"}, "missing_lines": [729, 731, 732, 733, 749, 751, 752, 753, 755, 756], "excluded_lines": [], "start_line": 711}, "": {"executed_lines": [22, 23, 24, 25, 26, 27, 28, 30, 31, 33, 36, 38, 41, 43, 46, 54, 55, 56, 57, 58, 61, 64, 65, 67, 70, 84, 90, 117, 156, 177, 213, 226, 250, 251, 280, 320, 374, 433, 451, 484, 536, 550, 564, 570, 581, 582, 584, 587, 611, 642, 643, 660, 680, 690, 706, 711, 718, 719, 735, 736, 737, 760], "summary": {"covered_lines": 62, "num_statements": 62, "percent_covered": 100.0, "percent_covered_display": "100.00", "missing_lines": 0, "excluded_lines": 0, "percent_statements_covered": 100.0, "percent_statements_covered_display": "100.00"}, "missing_lines": [], "excluded_lines": [], "start_line": 1}}}, "app/services/rollback_generator.py": {"executed_lines": [5, 6, 7, 8, 9, 10, 11, 12, 14, 17, 20, 21, 22, 23, 24, 25, 28, 29, 30, 33, 36, 37, 39, 40, 41, 42, 43, 44, 45, 48, 51, 53, 65, 94, 114, 212, 282, 298, 388], "summary": {"covered_lines": 39, "num_statements": 146, "percent_covered": 26.71232876712329, "percent_covered_display": "26.71", "missing_lines": 107, "excluded_lines": 0, "percent_statements_covered": 26.71232876712329, "percent_statements_covered_display": "26.71"}, "missing_lines": [72, 75, 77, 78, 79, 80, 83, 84, 85, 86, 87, 88, 90, 92, 105, 106, 108, 109, 110, 112, 123, 124, 132, 133, 141, 142, 144, 145, 153, 154, 162, 163, 171, 174, 183, 185, 194, 196, 206, 215, 216, 219, 220, 221, 222, 223, 226, 227, 228, 229, 230, 233, 234, 235, 236, 237, 240, 241, 242, 243, 246, 247, 248, 249, 250, 253, 254, 255, 256, 257, 260, 261, 262, 263, 264, 266, 267, 275, 293, 294, 295, 296, 305, 306, 307, 313, 315, 317, 318, 327, 329, 330, 338, 339, 340, 341, 349, 350, 351, 359, 360, 361, 369, 370, 371, 372, 380], "excluded_lines": [], "functions": {"RollbackGenerator.__init__": {"executed_lines": [53], "summary": {"covered_lines": 1, "num_statements": 1, "percent_covered": 100.0, "percent_covered_display": "100.00", "missing_lines": 0, "excluded_lines": 0, "percent_statements_covered": 100.0, "percent_statements_covered_display": "100.00"}, "missing_lines": [], "excluded_lines": [], "start_line": 51}, "RollbackGenerator.analyze_sql": {"executed_lines": [], "summary": {"covered_lines": 0, "num_statements": 14, "percent_covered": 0.0, "percent_covered_display": "0.00", "missing_lines": 14, "excluded_lines": 0, "percent_statements_covered": 0.0, "percent_statements_covered_display": "0.00"}, "missing_lines": [72, 75, 77, 78, 79, 80, 83, 84, 85, 86, 87, 88, 90, 92], "excluded_lines": [], "start_line": 65}, "RollbackGenerator.generate_rollback_sql": {"executed_lines": [], "summary": {"covered_lines": 0, "num_statements": 6, "percent_covered": 0.0, "percent_covered_display": "0.00", "missing_lines": 6, "excluded_lines": 0, "percent_statements_covered": 0.0, "percent_statements_covered_display": "0.00"}, "missing_lines": [105, 106, 108, 109, 110, 112], "excluded_lines": [], "start_line": 94}, "RollbackGenerator._generate_single_rollback": {"executed_lines": [], "summary": {"covered_lines": 0, "num_statements": 19, "percent_covered": 0.0, "percent_covered_display": "0.00", "missing_lines": 19, "excluded_lines": 0, "percent_statements_covered": 0.0, "percent_statements_covered_display": "0.00"}, "missing_lines": [123, 124, 132, 133, 141, 142, 144, 145, 153, 154, 162, 163, 171, 174, 183, 185, 194, 196, 206], "excluded_lines": [], "start_line": 114}, "RollbackGenerator._generate_alter_rollback": {"executed_lines": [], "summary": {"covered_lines": 0, "num_statements": 39, "percent_covered": 0.0, "percent_covered_display": "0.00", "missing_lines": 39, "excluded_lines": 0, "percent_statements_covered": 0.0, "percent_statements_covered_display": "0.00"}, "missing_lines": [215, 216, 219, 220, 221, 222, 223, 226, 227, 228, 229, 230, 233, 234, 235, 236, 237, 240, 241, 242, 243, 246, 247, 248, 249, 250, 253, 254, 255, 256, 257, 260, 261, 262, 263, 264, 266, 267, 275], "excluded_lines": [], "start_line": 212}, "RollbackGenerator.generate_data_backup_sql": {"executed_lines": [], "summary": {"covered_lines": 0, "num_statements": 4, "percent_covered": 0.0, "percent_covered_display": "0.00", "missing_lines": 4, "excluded_lines": 0, "percent_statements_covered": 0.0, "percent_statements_covered_display": "0.00"}, "missing_lines": [293, 294, 295, 296], "excluded_lines": [], "start_line": 282}, "RollbackGenerator.generate_redis_rollback": {"executed_lines": [], "summary": {"covered_lines": 0, "num_statements": 25, "percent_covered": 0.0, "percent_covered_display": "0.00", "missing_lines": 25, "excluded_lines": 0, "percent_statements_covered": 0.0, "percent_statements_covered_display": "0.00"}, "missing_lines": [305, 306, 307, 313, 315, 317, 318, 327, 329, 330, 338, 339, 340, 341, 349, 350, 351, 359, 360, 361, 369, 370, 371, 372, 380], "excluded_lines": [], "start_line": 298}, "": {"executed_lines": [5, 6, 7, 8, 9, 10, 11, 12, 14, 17, 20, 21, 22, 23, 24, 25, 28, 29, 30, 33, 36, 37, 39, 40, 41, 42, 43, 44, 45, 48, 51, 65, 94, 114, 212, 282, 298, 388], "summary": {"covered_lines": 38, "num_statements": 38, "percent_covered": 100.0, "percent_covered_display": "100.00", "missing_lines": 0, "excluded_lines": 0, "percent_statements_covered": 100.0, "percent_statements_covered_display": "100.00"}, "missing_lines": [], "excluded_lines": [], "start_line": 1}}, "classes": {"SQLType": {"executed_lines": [], "summary": {"covered_lines": 0, "num_statements": 0, "percent_covered": 100.0, "percent_covered_display": "100.00", "missing_lines": 0, "excluded_lines": 0, "percent_statements_covered": 100.0, "percent_statements_covered_display": "100.00"}, "missing_lines": [], "excluded_lines": [], "start_line": 17}, "RollbackResult": {"executed_lines": [], "summary": {"covered_lines": 0, "num_statements": 0, "percent_covered": 100.0, "percent_covered_display": "100.00", "missing_lines": 0, "excluded_lines": 0, "percent_statements_covered": 100.0, "percent_statements_covered_display": "100.00"}, "missing_lines": [], "excluded_lines": [], "start_line": 37}, "RollbackGenerator": {"executed_lines": [53], "summary": {"covered_lines": 1, "num_statements": 108, "percent_covered": 0.9259259259259259, "percent_covered_display": "0.93", "missing_lines": 107, "excluded_lines": 0, "percent_statements_covered": 0.9259259259259259, "percent_statements_covered_display": "0.93"}, "missing_lines": [72, 75, 77, 78, 79, 80, 83, 84, 85, 86, 87, 88, 90, 92, 105, 106, 108, 109, 110, 112, 123, 124, 132, 133, 141, 142, 144, 145, 153, 154, 162, 163, 171, 174, 183, 185, 194, 196, 206, 215, 216, 219, 220, 221, 222, 223, 226, 227, 228, 229, 230, 233, 234, 235, 236, 237, 240, 241, 242, 243, 246, 247, 248, 249, 250, 253, 254, 255, 256, 257, 260, 261, 262, 263, 264, 266, 267, 275, 293, 294, 295, 296, 305, 306, 307, 313, 315, 317, 318, 327, 329, 330, 338, 339, 340, 341, 349, 350, 351, 359, 360, 361, 369, 370, 371, 372, 380], "excluded_lines": [], "start_line": 48}, "": {"executed_lines": [5, 6, 7, 8, 9, 10, 11, 12, 14, 17, 20, 21, 22, 23, 24, 25, 28, 29, 30, 33, 36, 37, 39, 40, 41, 42, 43, 44, 45, 48, 51, 65, 94, 114, 212, 282, 298, 388], "summary": {"covered_lines": 38, "num_statements": 38, "percent_covered": 100.0, "percent_covered_display": "100.00", "missing_lines": 0, "excluded_lines": 0, "percent_statements_covered": 100.0, "percent_statements_covered_display": "100.00"}, "missing_lines": [], "excluded_lines": [], "start_line": 1}}}, "app/utils/__init__.py": {"executed_lines": [], "summary": {"covered_lines": 0, "num_statements": 0, "percent_covered": 100.0, "percent_covered_display": "100.00", "missing_lines": 0, "excluded_lines": 0, "percent_statements_covered": 100.0, "percent_statements_covered_display": "100.00"}, "missing_lines": [], "excluded_lines": [], "functions": {"": {"executed_lines": [], "summary": {"covered_lines": 0, "num_statements": 0, "percent_covered": 100.0, "percent_covered_display": "100.00", "missing_lines": 0, "excluded_lines": 0, "percent_statements_covered": 100.0, "percent_statements_covered_display": "100.00"}, "missing_lines": [], "excluded_lines": [], "start_line": 1}}, "classes": {"": {"executed_lines": [], "summary": {"covered_lines": 0, "num_statements": 0, "percent_covered": 100.0, "percent_covered_display": "100.00", "missing_lines": 0, "excluded_lines": 0, "percent_statements_covered": 100.0, "percent_statements_covered_display": "100.00"}, "missing_lines": [], "excluded_lines": [], "start_line": 1}}}}, "totals": {"covered_lines": 3236, "num_statements": 4649, "percent_covered": 69.60636696063669, "percent_covered_display": "69.61", "missing_lines": 1413, "excluded_lines": 233, "percent_statements_covered": 69.60636696063669, "percent_statements_covered_display": "69.61"}}