{"meta": {"format": 3, "version": "7.13.5", "timestamp": "2026-04-05T02:03:50.345928", "branch_coverage": false, "show_contexts": false}, "files": {"app/__init__.py": {"executed_lines": [], "summary": {"covered_lines": 0, "num_statements": 0, "percent_covered": 100.0, "percent_covered_display": "100", "missing_lines": 0, "excluded_lines": 0, "percent_statements_covered": 100.0, "percent_statements_covered_display": "100"}, "missing_lines": [], "excluded_lines": [], "functions": {"": {"executed_lines": [], "summary": {"covered_lines": 0, "num_statements": 0, "percent_covered": 100.0, "percent_covered_display": "100", "missing_lines": 0, "excluded_lines": 0, "percent_statements_covered": 100.0, "percent_statements_covered_display": "100"}, "missing_lines": [], "excluded_lines": [], "start_line": 1}}, "classes": {"": {"executed_lines": [], "summary": {"covered_lines": 0, "num_statements": 0, "percent_covered": 100.0, "percent_covered_display": "100", "missing_lines": 0, "excluded_lines": 0, "percent_statements_covered": 100.0, "percent_statements_covered_display": "100"}, "missing_lines": [], "excluded_lines": [], "start_line": 1}}}, "app/api/__init__.py": {"executed_lines": [], "summary": {"covered_lines": 0, "num_statements": 0, "percent_covered": 100.0, "percent_covered_display": "100", "missing_lines": 0, "excluded_lines": 0, "percent_statements_covered": 100.0, "percent_statements_covered_display": "100"}, "missing_lines": [], "excluded_lines": [], "functions": {"": {"executed_lines": [], "summary": {"covered_lines": 0, "num_statements": 0, "percent_covered": 100.0, "percent_covered_display": "100", "missing_lines": 0, "excluded_lines": 0, "percent_statements_covered": 100.0, "percent_statements_covered_display": "100"}, "missing_lines": [], "excluded_lines": [], "start_line": 1}}, "classes": {"": {"executed_lines": [], "summary": {"covered_lines": 0, "num_statements": 0, "percent_covered": 100.0, "percent_covered_display": "100", "missing_lines": 0, "excluded_lines": 0, "percent_statements_covered": 100.0, "percent_statements_covered_display": "100"}, "missing_lines": [], "excluded_lines": [], "start_line": 1}}}, "app/api/ai_models.py": {"executed_lines": [8, 9, 10, 11, 12, 13, 14, 15, 17, 18, 19, 20, 25, 27, 29, 34, 36, 37, 38, 39, 40, 41, 42, 43, 44, 45, 46, 47, 50, 52, 53, 54, 55, 56, 57, 58, 59, 60, 61, 64, 66, 67, 68, 69, 72, 74, 79, 86, 88, 90, 93, 103, 139, 167, 168, 175, 177, 180, 183, 185, 188, 189, 191, 197, 198, 200, 206, 207, 209, 212, 213, 220, 221, 225, 241, 242, 243, 246, 247, 248, 250, 253, 254, 261, 262, 263, 288, 289, 295, 296, 297, 316, 317, 338, 403, 537, 538, 544, 546, 547, 550, 551, 557, 558, 559, 563, 564, 608, 609, 615, 618, 631, 646, 647, 649, 657, 658, 668, 670, 672, 675, 678, 679, 691, 698, 699, 708, 709, 711, 712, 715, 717, 719, 782, 789, 813, 871, 872, 878, 879, 880], "summary": {"covered_lines": 141, "num_statements": 340, "percent_covered": 41.470588235294116, "percent_covered_display": "41", "missing_lines": 199, "excluded_lines": 0, "percent_statements_covered": 41.470588235294116, "percent_statements_covered_display": "41"}, "missing_lines": [81, 82, 83, 89, 95, 96, 97, 98, 99, 100, 105, 127, 128, 129, 134, 136, 141, 142, 143, 151, 178, 181, 222, 266, 267, 268, 269, 272, 275, 276, 277, 278, 280, 281, 283, 285, 300, 304, 305, 310, 311, 313, 324, 325, 326, 328, 331, 332, 335, 345, 346, 348, 350, 353, 360, 363, 369, 370, 372, 379, 380, 381, 382, 385, 392, 393, 395, 410, 413, 416, 417, 424, 425, 430, 437, 438, 439, 440, 442, 444, 446, 448, 449, 451, 453, 454, 455, 456, 457, 458, 459, 460, 461, 462, 464, 471, 472, 474, 482, 483, 484, 485, 487, 489, 495, 496, 498, 505, 506, 507, 513, 514, 515, 517, 524, 525, 527, 560, 572, 573, 576, 577, 578, 580, 581, 584, 586, 587, 594, 596, 597, 598, 599, 601, 603, 673, 680, 681, 682, 720, 721, 723, 726, 727, 728, 730, 733, 734, 735, 736, 741, 742, 743, 744, 745, 746, 747, 748, 750, 760, 763, 772, 773, 778, 779, 780, 797, 817, 818, 820, 822, 823, 825, 826, 827, 829, 830, 831, 833, 834, 835, 837, 838, 841, 843, 844, 845, 846, 848, 849, 850, 851, 852, 854, 862, 864, 865, 866, 881], "excluded_lines": [], "functions": {"mask_api_key": {"executed_lines": [], "summary": {"covered_lines": 0, "num_statements": 3, "percent_covered": 0.0, "percent_covered_display": "0", "missing_lines": 3, "excluded_lines": 0, "percent_statements_covered": 0.0, "percent_statements_covered_display": "0"}, "missing_lines": [81, 82, 83], "excluded_lines": [], "start_line": 79}, "encrypt_api_key": {"executed_lines": [88, 90], "summary": {"covered_lines": 2, "num_statements": 3, "percent_covered": 66.66666666666667, "percent_covered_display": "67", "missing_lines": 1, "excluded_lines": 0, "percent_statements_covered": 66.66666666666667, "percent_statements_covered_display": "67"}, "missing_lines": [89], "excluded_lines": [], "start_line": 86}, "decrypt_api_key": {"executed_lines": [], "summary": {"covered_lines": 0, "num_statements": 6, "percent_covered": 0.0, "percent_covered_display": "0", "missing_lines": 6, "excluded_lines": 0, "percent_statements_covered": 0.0, "percent_statements_covered_display": "0"}, "missing_lines": [95, 96, 97, 98, 99, 100], "excluded_lines": [], "start_line": 93}, "config_to_response": {"executed_lines": [], "summary": {"covered_lines": 0, "num_statements": 6, "percent_covered": 0.0, "percent_covered_display": "0", "missing_lines": 6, "excluded_lines": 0, "percent_statements_covered": 0.0, "percent_statements_covered_display": "0"}, "missing_lines": [105, 127, 128, 129, 134, 136], "excluded_lines": [], "start_line": 103}, "scene_config_to_response": {"executed_lines": [], "summary": {"covered_lines": 0, "num_statements": 4, "percent_covered": 0.0, "percent_covered_display": "0", "missing_lines": 4, "excluded_lines": 0, "percent_statements_covered": 0.0, "percent_statements_covered_display": "0"}, "missing_lines": [141, 142, 143, 151], "excluded_lines": [], "start_line": 139}, "list_ai_models": {"executed_lines": [175, 177, 180, 183, 185], "summary": {"covered_lines": 5, "num_statements": 7, "percent_covered": 71.42857142857143, "percent_covered_display": "71", "missing_lines": 2, "excluded_lines": 0, "percent_statements_covered": 71.42857142857143, "percent_statements_covered_display": "71"}, "missing_lines": [178, 181], "excluded_lines": [], "start_line": 168}, "get_providers": {"executed_lines": [191], "summary": {"covered_lines": 1, "num_statements": 1, "percent_covered": 100.0, "percent_covered_display": "100", "missing_lines": 0, "excluded_lines": 0, "percent_statements_covered": 100.0, "percent_statements_covered_display": "100"}, "missing_lines": [], "excluded_lines": [], "start_line": 189}, "get_scenes": {"executed_lines": [200], "summary": {"covered_lines": 1, "num_statements": 1, "percent_covered": 100.0, "percent_covered_display": "100", "missing_lines": 0, "excluded_lines": 0, "percent_statements_covered": 100.0, "percent_statements_covered_display": "100"}, "missing_lines": [], "excluded_lines": [], "start_line": 198}, "get_templates": {"executed_lines": [209], "summary": {"covered_lines": 1, "num_statements": 1, "percent_covered": 100.0, "percent_covered_display": "100", "missing_lines": 0, "excluded_lines": 0, "percent_statements_covered": 100.0, "percent_statements_covered_display": "100"}, "missing_lines": [], "excluded_lines": [], "start_line": 207}, "create_ai_model": {"executed_lines": [220, 221, 225, 241, 242, 243, 246, 247, 248, 250], "summary": {"covered_lines": 10, "num_statements": 11, "percent_covered": 90.9090909090909, "percent_covered_display": "91", "missing_lines": 1, "excluded_lines": 0, "percent_statements_covered": 90.9090909090909, "percent_statements_covered_display": "91"}, "missing_lines": [222], "excluded_lines": [], "start_line": 213}, "update_ai_model": {"executed_lines": [261, 262, 263], "summary": {"covered_lines": 3, "num_statements": 16, "percent_covered": 18.75, "percent_covered_display": "19", "missing_lines": 13, "excluded_lines": 0, "percent_statements_covered": 18.75, "percent_statements_covered_display": "19"}, "missing_lines": [266, 267, 268, 269, 272, 275, 276, 277, 278, 280, 281, 283, 285], "excluded_lines": [], "start_line": 254}, "delete_ai_model": {"executed_lines": [295, 296, 297], "summary": {"covered_lines": 3, "num_statements": 9, "percent_covered": 33.333333333333336, "percent_covered_display": "33", "missing_lines": 6, "excluded_lines": 0, "percent_statements_covered": 33.333333333333336, "percent_statements_covered_display": "33"}, "missing_lines": [300, 304, 305, 310, 311, 313], "excluded_lines": [], "start_line": 289}, "test_ai_model": {"executed_lines": [], "summary": {"covered_lines": 0, "num_statements": 7, "percent_covered": 0.0, "percent_covered_display": "0", "missing_lines": 7, "excluded_lines": 0, "percent_statements_covered": 0.0, "percent_statements_covered_display": "0"}, "missing_lines": [324, 325, 326, 328, 331, 332, 335], "excluded_lines": [], "start_line": 317}, "_test_doubao_model": {"executed_lines": [], "summary": {"covered_lines": 0, "num_statements": 18, "percent_covered": 0.0, "percent_covered_display": "0", "missing_lines": 18, "excluded_lines": 0, "percent_statements_covered": 0.0, "percent_statements_covered_display": "0"}, "missing_lines": [345, 346, 348, 350, 353, 360, 363, 369, 370, 372, 379, 380, 381, 382, 385, 392, 393, 395], "excluded_lines": [], "start_line": 338}, "_test_openai_compatible_model": {"executed_lines": [], "summary": {"covered_lines": 0, "num_statements": 50, "percent_covered": 0.0, "percent_covered_display": "0", "missing_lines": 50, "excluded_lines": 0, "percent_statements_covered": 0.0, "percent_statements_covered_display": "0"}, "missing_lines": [410, 413, 416, 417, 424, 425, 430, 437, 438, 439, 440, 442, 444, 446, 448, 449, 451, 453, 454, 455, 456, 457, 458, 459, 460, 461, 462, 464, 471, 472, 474, 482, 483, 484, 485, 487, 489, 495, 496, 498, 505, 506, 507, 513, 514, 515, 517, 524, 525, 527], "excluded_lines": [], "start_line": 403}, "list_scene_configs": {"executed_lines": [544, 546, 547], "summary": {"covered_lines": 3, "num_statements": 3, "percent_covered": 100.0, "percent_covered_display": "100", "missing_lines": 0, "excluded_lines": 0, "percent_statements_covered": 100.0, "percent_statements_covered_display": "100"}, "missing_lines": [], "excluded_lines": [], "start_line": 538}, "get_scene_config": {"executed_lines": [557, 558, 559], "summary": {"covered_lines": 3, "num_statements": 4, "percent_covered": 75.0, "percent_covered_display": "75", "missing_lines": 1, "excluded_lines": 0, "percent_statements_covered": 75.0, "percent_statements_covered_display": "75"}, "missing_lines": [560], "excluded_lines": [], "start_line": 551}, "update_scene_config": {"executed_lines": [], "summary": {"covered_lines": 0, "num_statements": 17, "percent_covered": 0.0, "percent_covered_display": "0", "missing_lines": 17, "excluded_lines": 0, "percent_statements_covered": 0.0, "percent_statements_covered_display": "0"}, "missing_lines": [572, 573, 576, 577, 578, 580, 581, 584, 586, 587, 594, 596, 597, 598, 599, 601, 603], "excluded_lines": [], "start_line": 564}, "get_call_stats": {"executed_lines": [615, 618, 631], "summary": {"covered_lines": 3, "num_statements": 3, "percent_covered": 100.0, "percent_covered_display": "100", "missing_lines": 0, "excluded_lines": 0, "percent_statements_covered": 100.0, "percent_statements_covered_display": "100"}, "missing_lines": [], "excluded_lines": [], "start_line": 609}, "get_use_cases": {"executed_lines": [649], "summary": {"covered_lines": 1, "num_statements": 1, "percent_covered": 100.0, "percent_covered_display": "100", "missing_lines": 0, "excluded_lines": 0, "percent_statements_covered": 100.0, "percent_statements_covered_display": "100"}, "missing_lines": [], "excluded_lines": [], "start_line": 647}, "list_available_models": {"executed_lines": [668, 670, 672, 675, 678, 679, 691], "summary": {"covered_lines": 7, "num_statements": 11, "percent_covered": 63.63636363636363, "percent_covered_display": "64", "missing_lines": 4, "excluded_lines": 0, "percent_statements_covered": 63.63636363636363, "percent_statements_covered_display": "64"}, "missing_lines": [673, 680, 681, 682], "excluded_lines": [], "start_line": 658}, "refresh_available_models": {"executed_lines": [708, 709, 711, 712, 715, 717, 719, 782], "summary": {"covered_lines": 8, "num_statements": 35, "percent_covered": 22.857142857142858, "percent_covered_display": "23", "missing_lines": 27, "excluded_lines": 0, "percent_statements_covered": 22.857142857142858, "percent_statements_covered_display": "23"}, "missing_lines": [720, 721, 723, 726, 727, 728, 730, 733, 734, 735, 736, 741, 742, 743, 744, 745, 746, 747, 748, 750, 760, 763, 772, 773, 778, 779, 780], "excluded_lines": [], "start_line": 699}, "_fetch_doubao_models": {"executed_lines": [], "summary": {"covered_lines": 0, "num_statements": 1, "percent_covered": 0.0, "percent_covered_display": "0", "missing_lines": 1, "excluded_lines": 0, "percent_statements_covered": 0.0, "percent_statements_covered_display": "0"}, "missing_lines": [797], "excluded_lines": [], "start_line": 789}, "_fetch_openai_models": {"executed_lines": [], "summary": {"covered_lines": 0, "num_statements": 31, "percent_covered": 0.0, "percent_covered_display": "0", "missing_lines": 31, "excluded_lines": 0, "percent_statements_covered": 0.0, "percent_statements_covered_display": "0"}, "missing_lines": [817, 818, 820, 822, 823, 825, 826, 827, 829, 830, 831, 833, 834, 835, 837, 838, 841, 843, 844, 845, 846, 848, 849, 850, 851, 852, 854, 862, 864, 865, 866], "excluded_lines": [], "start_line": 813}, "get_ai_model": {"executed_lines": [878, 879, 880], "summary": {"covered_lines": 3, "num_statements": 4, "percent_covered": 75.0, "percent_covered_display": "75", "missing_lines": 1, "excluded_lines": 0, "percent_statements_covered": 75.0, "percent_statements_covered_display": "75"}, "missing_lines": [881], "excluded_lines": [], "start_line": 872}, "": {"executed_lines": [8, 9, 10, 11, 12, 13, 14, 15, 17, 18, 19, 20, 25, 27, 29, 34, 36, 37, 38, 39, 40, 41, 42, 43, 44, 45, 46, 47, 50, 52, 53, 54, 55, 56, 57, 58, 59, 60, 61, 64, 66, 67, 68, 69, 72, 74, 79, 86, 93, 103, 139, 167, 168, 188, 189, 197, 198, 206, 207, 212, 213, 253, 254, 288, 289, 316, 317, 338, 403, 537, 538, 550, 551, 563, 564, 608, 609, 646, 647, 657, 658, 698, 699, 789, 813, 871, 872], "summary": {"covered_lines": 87, "num_statements": 87, "percent_covered": 100.0, "percent_covered_display": "100", "missing_lines": 0, "excluded_lines": 0, "percent_statements_covered": 100.0, "percent_statements_covered_display": "100"}, "missing_lines": [], "excluded_lines": [], "start_line": 1}}, "classes": {"AIModelConfigCreate": {"executed_lines": [], "summary": {"covered_lines": 0, "num_statements": 0, "percent_covered": 100.0, "percent_covered_display": "100", "missing_lines": 0, "excluded_lines": 0, "percent_statements_covered": 100.0, "percent_statements_covered_display": "100"}, "missing_lines": [], "excluded_lines": [], "start_line": 34}, "AIModelConfigUpdate": {"executed_lines": [], "summary": {"covered_lines": 0, "num_statements": 0, "percent_covered": 100.0, "percent_covered_display": "100", "missing_lines": 0, "excluded_lines": 0, "percent_statements_covered": 100.0, "percent_statements_covered_display": "100"}, "missing_lines": [], "excluded_lines": [], "start_line": 50}, "AISceneConfigUpdate": {"executed_lines": [], "summary": {"covered_lines": 0, "num_statements": 0, "percent_covered": 100.0, "percent_covered_display": "100", "missing_lines": 0, "excluded_lines": 0, "percent_statements_covered": 100.0, "percent_statements_covered_display": "100"}, "missing_lines": [], "excluded_lines": [], "start_line": 64}, "AIModelTestRequest": {"executed_lines": [], "summary": {"covered_lines": 0, "num_statements": 0, "percent_covered": 100.0, "percent_covered_display": "100", "missing_lines": 0, "excluded_lines": 0, "percent_statements_covered": 100.0, "percent_statements_covered_display": "100"}, "missing_lines": [], "excluded_lines": [], "start_line": 72}, "": {"executed_lines": [8, 9, 10, 11, 12, 13, 14, 15, 17, 18, 19, 20, 25, 27, 29, 34, 36, 37, 38, 39, 40, 41, 42, 43, 44, 45, 46, 47, 50, 52, 53, 54, 55, 56, 57, 58, 59, 60, 61, 64, 66, 67, 68, 69, 72, 74, 79, 86, 88, 90, 93, 103, 139, 167, 168, 175, 177, 180, 183, 185, 188, 189, 191, 197, 198, 200, 206, 207, 209, 212, 213, 220, 221, 225, 241, 242, 243, 246, 247, 248, 250, 253, 254, 261, 262, 263, 288, 289, 295, 296, 297, 316, 317, 338, 403, 537, 538, 544, 546, 547, 550, 551, 557, 558, 559, 563, 564, 608, 609, 615, 618, 631, 646, 647, 649, 657, 658, 668, 670, 672, 675, 678, 679, 691, 698, 699, 708, 709, 711, 712, 715, 717, 719, 782, 789, 813, 871, 872, 878, 879, 880], "summary": {"covered_lines": 141, "num_statements": 340, "percent_covered": 41.470588235294116, "percent_covered_display": "41", "missing_lines": 199, "excluded_lines": 0, "percent_statements_covered": 41.470588235294116, "percent_statements_covered_display": "41"}, "missing_lines": [81, 82, 83, 89, 95, 96, 97, 98, 99, 100, 105, 127, 128, 129, 134, 136, 141, 142, 143, 151, 178, 181, 222, 266, 267, 268, 269, 272, 275, 276, 277, 278, 280, 281, 283, 285, 300, 304, 305, 310, 311, 313, 324, 325, 326, 328, 331, 332, 335, 345, 346, 348, 350, 353, 360, 363, 369, 370, 372, 379, 380, 381, 382, 385, 392, 393, 395, 410, 413, 416, 417, 424, 425, 430, 437, 438, 439, 440, 442, 444, 446, 448, 449, 451, 453, 454, 455, 456, 457, 458, 459, 460, 461, 462, 464, 471, 472, 474, 482, 483, 484, 485, 487, 489, 495, 496, 498, 505, 506, 507, 513, 514, 515, 517, 524, 525, 527, 560, 572, 573, 576, 577, 578, 580, 581, 584, 586, 587, 594, 596, 597, 598, 599, 601, 603, 673, 680, 681, 682, 720, 721, 723, 726, 727, 728, 730, 733, 734, 735, 736, 741, 742, 743, 744, 745, 746, 747, 748, 750, 760, 763, 772, 773, 778, 779, 780, 797, 817, 818, 820, 822, 823, 825, 826, 827, 829, 830, 831, 833, 834, 835, 837, 838, 841, 843, 844, 845, 846, 848, 849, 850, 851, 852, 854, 862, 864, 865, 866, 881], "excluded_lines": [], "start_line": 1}}}, "app/api/alert_rules.py": {"executed_lines": [2, 3, 4, 5, 6, 7, 9, 10, 14, 15, 18, 23, 24, 26, 34, 35, 37, 49, 50, 63, 64, 66, 77, 78, 81, 82, 83, 84, 85, 86, 87, 88, 89, 90, 91, 92, 93, 94, 95, 98, 99, 100, 101, 102, 103, 104, 105, 106, 107, 108, 109, 110, 111, 112, 115, 116, 126, 128, 130, 132, 135, 136, 141, 170, 171, 177, 178, 179, 202, 203, 209, 210, 213, 214, 215, 216, 218, 221, 222, 229, 230, 231, 245, 246, 261, 262, 279, 280, 281, 282, 283, 284, 285, 286, 287, 288, 289, 290, 293, 294, 295, 296, 297, 298, 299, 300, 301, 302, 303, 304, 307, 308, 309, 310, 311, 312, 313, 314, 315, 316, 317, 320, 321, 322, 323, 324, 325, 326, 327, 328, 329, 330, 333, 334, 335, 336, 337, 338, 339, 340, 341, 342, 343, 346, 347, 348, 349, 350, 351, 352, 353, 354, 355, 356, 361, 362, 407, 408, 414, 415, 421, 422, 423, 425, 428, 429, 458, 459, 479, 480, 524, 525, 531, 532, 538, 545, 546, 575, 576, 596, 597, 643, 644, 664, 665, 694, 695], "summary": {"covered_lines": 187, "num_statements": 294, "percent_covered": 63.605442176870746, "percent_covered_display": "64", "missing_lines": 107, "excluded_lines": 0, "percent_statements_covered": 63.605442176870746, "percent_statements_covered_display": "64"}, "missing_lines": [52, 129, 131, 133, 181, 211, 233, 234, 235, 236, 238, 239, 241, 242, 252, 253, 254, 256, 257, 258, 268, 269, 270, 272, 273, 274, 369, 370, 371, 373, 374, 379, 416, 436, 437, 438, 443, 444, 445, 446, 451, 452, 454, 455, 465, 466, 467, 472, 473, 474, 487, 488, 489, 491, 492, 497, 533, 539, 540, 542, 553, 554, 555, 560, 561, 562, 563, 568, 569, 571, 572, 582, 583, 584, 589, 590, 591, 604, 605, 606, 608, 609, 614, 650, 651, 652, 657, 658, 659, 661, 672, 673, 674, 679, 680, 681, 682, 687, 688, 690, 691, 701, 702, 703, 708, 709, 710], "excluded_lines": [], "functions": {"get_alert_types": {"executed_lines": [26], "summary": {"covered_lines": 1, "num_statements": 1, "percent_covered": 100.0, "percent_covered_display": "100", "missing_lines": 0, "excluded_lines": 0, "percent_statements_covered": 100.0, "percent_statements_covered_display": "100"}, "missing_lines": [], "excluded_lines": [], "start_line": 24}, "get_operators": {"executed_lines": [37], "summary": {"covered_lines": 1, "num_statements": 1, "percent_covered": 100.0, "percent_covered_display": "100", "missing_lines": 0, "excluded_lines": 0, "percent_statements_covered": 100.0, "percent_statements_covered_display": "100"}, "missing_lines": [], "excluded_lines": [], "start_line": 35}, "get_aggregation_methods": {"executed_lines": [], "summary": {"covered_lines": 0, "num_statements": 1, "percent_covered": 0.0, "percent_covered_display": "0", "missing_lines": 1, "excluded_lines": 0, "percent_statements_covered": 0.0, "percent_statements_covered_display": "0"}, "missing_lines": [52], "excluded_lines": [], "start_line": 50}, "get_severities": {"executed_lines": [66], "summary": {"covered_lines": 1, "num_statements": 1, "percent_covered": 100.0, "percent_covered_display": "100", "missing_lines": 0, "excluded_lines": 0, "percent_statements_covered": 100.0, "percent_statements_covered_display": "100"}, "missing_lines": [], "excluded_lines": [], "start_line": 64}, "list_alert_rules": {"executed_lines": [126, 128, 130, 132, 135, 136, 141], "summary": {"covered_lines": 7, "num_statements": 10, "percent_covered": 70.0, "percent_covered_display": "70", "missing_lines": 3, "excluded_lines": 0, "percent_statements_covered": 70.0, "percent_statements_covered_display": "70"}, "missing_lines": [129, 131, 133], "excluded_lines": [], "start_line": 116}, "get_alert_rule": {"executed_lines": [177, 178, 179], "summary": {"covered_lines": 3, "num_statements": 4, "percent_covered": 75.0, "percent_covered_display": "75", "missing_lines": 1, "excluded_lines": 0, "percent_statements_covered": 75.0, "percent_statements_covered_display": "75"}, "missing_lines": [181], "excluded_lines": [], "start_line": 171}, "create_alert_rule": {"executed_lines": [209, 210, 213, 214, 215, 216, 218], "summary": {"covered_lines": 7, "num_statements": 8, "percent_covered": 87.5, "percent_covered_display": "88", "missing_lines": 1, "excluded_lines": 0, "percent_statements_covered": 87.5, "percent_statements_covered_display": "88"}, "missing_lines": [211], "excluded_lines": [], "start_line": 203}, "update_alert_rule": {"executed_lines": [229, 230, 231], "summary": {"covered_lines": 3, "num_statements": 11, "percent_covered": 27.272727272727273, "percent_covered_display": "27", "missing_lines": 8, "excluded_lines": 0, "percent_statements_covered": 27.272727272727273, "percent_statements_covered_display": "27"}, "missing_lines": [233, 234, 235, 236, 238, 239, 241, 242], "excluded_lines": [], "start_line": 222}, "delete_alert_rule": {"executed_lines": [], "summary": {"covered_lines": 0, "num_statements": 6, "percent_covered": 0.0, "percent_covered_display": "0", "missing_lines": 6, "excluded_lines": 0, "percent_statements_covered": 0.0, "percent_statements_covered_display": "0"}, "missing_lines": [252, 253, 254, 256, 257, 258], "excluded_lines": [], "start_line": 246}, "toggle_alert_rule": {"executed_lines": [], "summary": {"covered_lines": 0, "num_statements": 6, "percent_covered": 0.0, "percent_covered_display": "0", "missing_lines": 6, "excluded_lines": 0, "percent_statements_covered": 0.0, "percent_statements_covered_display": "0"}, "missing_lines": [268, 269, 270, 272, 273, 274], "excluded_lines": [], "start_line": 262}, "list_aggregation_rules": {"executed_lines": [], "summary": {"covered_lines": 0, "num_statements": 6, "percent_covered": 0.0, "percent_covered_display": "0", "missing_lines": 6, "excluded_lines": 0, "percent_statements_covered": 0.0, "percent_statements_covered_display": "0"}, "missing_lines": [369, 370, 371, 373, 374, 379], "excluded_lines": [], "start_line": 362}, "create_aggregation_rule": {"executed_lines": [414, 415, 421, 422, 423, 425], "summary": {"covered_lines": 6, "num_statements": 7, "percent_covered": 85.71428571428571, "percent_covered_display": "86", "missing_lines": 1, "excluded_lines": 0, "percent_statements_covered": 85.71428571428571, "percent_statements_covered_display": "86"}, "missing_lines": [416], "excluded_lines": [], "start_line": 408}, "update_aggregation_rule": {"executed_lines": [], "summary": {"covered_lines": 0, "num_statements": 11, "percent_covered": 0.0, "percent_covered_display": "0", "missing_lines": 11, "excluded_lines": 0, "percent_statements_covered": 0.0, "percent_statements_covered_display": "0"}, "missing_lines": [436, 437, 438, 443, 444, 445, 446, 451, 452, 454, 455], "excluded_lines": [], "start_line": 429}, "delete_aggregation_rule": {"executed_lines": [], "summary": {"covered_lines": 0, "num_statements": 6, "percent_covered": 0.0, "percent_covered_display": "0", "missing_lines": 6, "excluded_lines": 0, "percent_statements_covered": 0.0, "percent_statements_covered_display": "0"}, "missing_lines": [465, 466, 467, 472, 473, 474], "excluded_lines": [], "start_line": 459}, "list_silence_rules": {"executed_lines": [], "summary": {"covered_lines": 0, "num_statements": 6, "percent_covered": 0.0, "percent_covered_display": "0", "missing_lines": 6, "excluded_lines": 0, "percent_statements_covered": 0.0, "percent_statements_covered_display": "0"}, "missing_lines": [487, 488, 489, 491, 492, 497], "excluded_lines": [], "start_line": 480}, "create_silence_rule": {"executed_lines": [531, 532, 538], "summary": {"covered_lines": 3, "num_statements": 7, "percent_covered": 42.857142857142854, "percent_covered_display": "43", "missing_lines": 4, "excluded_lines": 0, "percent_statements_covered": 42.857142857142854, "percent_statements_covered_display": "43"}, "missing_lines": [533, 539, 540, 542], "excluded_lines": [], "start_line": 525}, "update_silence_rule": {"executed_lines": [], "summary": {"covered_lines": 0, "num_statements": 11, "percent_covered": 0.0, "percent_covered_display": "0", "missing_lines": 11, "excluded_lines": 0, "percent_statements_covered": 0.0, "percent_statements_covered_display": "0"}, "missing_lines": [553, 554, 555, 560, 561, 562, 563, 568, 569, 571, 572], "excluded_lines": [], "start_line": 546}, "delete_silence_rule": {"executed_lines": [], "summary": {"covered_lines": 0, "num_statements": 6, "percent_covered": 0.0, "percent_covered_display": "0", "missing_lines": 6, "excluded_lines": 0, "percent_statements_covered": 0.0, "percent_statements_covered_display": "0"}, "missing_lines": [582, 583, 584, 589, 590, 591], "excluded_lines": [], "start_line": 576}, "list_escalation_rules": {"executed_lines": [], "summary": {"covered_lines": 0, "num_statements": 6, "percent_covered": 0.0, "percent_covered_display": "0", "missing_lines": 6, "excluded_lines": 0, "percent_statements_covered": 0.0, "percent_statements_covered_display": "0"}, "missing_lines": [604, 605, 606, 608, 609, 614], "excluded_lines": [], "start_line": 597}, "create_escalation_rule": {"executed_lines": [], "summary": {"covered_lines": 0, "num_statements": 7, "percent_covered": 0.0, "percent_covered_display": "0", "missing_lines": 7, "excluded_lines": 0, "percent_statements_covered": 0.0, "percent_statements_covered_display": "0"}, "missing_lines": [650, 651, 652, 657, 658, 659, 661], "excluded_lines": [], "start_line": 644}, "update_escalation_rule": {"executed_lines": [], "summary": {"covered_lines": 0, "num_statements": 11, "percent_covered": 0.0, "percent_covered_display": "0", "missing_lines": 11, "excluded_lines": 0, "percent_statements_covered": 0.0, "percent_statements_covered_display": "0"}, "missing_lines": [672, 673, 674, 679, 680, 681, 682, 687, 688, 690, 691], "excluded_lines": [], "start_line": 665}, "delete_escalation_rule": {"executed_lines": [], "summary": {"covered_lines": 0, "num_statements": 6, "percent_covered": 0.0, "percent_covered_display": "0", "missing_lines": 6, "excluded_lines": 0, "percent_statements_covered": 0.0, "percent_statements_covered_display": "0"}, "missing_lines": [701, 702, 703, 708, 709, 710], "excluded_lines": [], "start_line": 695}, "": {"executed_lines": [2, 3, 4, 5, 6, 7, 9, 10, 14, 15, 18, 23, 24, 34, 35, 49, 50, 63, 64, 77, 78, 81, 82, 83, 84, 85, 86, 87, 88, 89, 90, 91, 92, 93, 94, 95, 98, 99, 100, 101, 102, 103, 104, 105, 106, 107, 108, 109, 110, 111, 112, 115, 116, 170, 171, 202, 203, 221, 222, 245, 246, 261, 262, 279, 280, 281, 282, 283, 284, 285, 286, 287, 288, 289, 290, 293, 294, 295, 296, 297, 298, 299, 300, 301, 302, 303, 304, 307, 308, 309, 310, 311, 312, 313, 314, 315, 316, 317, 320, 321, 322, 323, 324, 325, 326, 327, 328, 329, 330, 333, 334, 335, 336, 337, 338, 339, 340, 341, 342, 343, 346, 347, 348, 349, 350, 351, 352, 353, 354, 355, 356, 361, 362, 407, 408, 428, 429, 458, 459, 479, 480, 524, 525, 545, 546, 575, 576, 596, 597, 643, 644, 664, 665, 694, 695], "summary": {"covered_lines": 155, "num_statements": 155, "percent_covered": 100.0, "percent_covered_display": "100", "missing_lines": 0, "excluded_lines": 0, "percent_statements_covered": 100.0, "percent_statements_covered_display": "100"}, "missing_lines": [], "excluded_lines": [], "start_line": 1}}, "classes": {"AlertRuleCreate": {"executed_lines": [], "summary": {"covered_lines": 0, "num_statements": 0, "percent_covered": 100.0, "percent_covered_display": "100", "missing_lines": 0, "excluded_lines": 0, "percent_statements_covered": 100.0, "percent_statements_covered_display": "100"}, "missing_lines": [], "excluded_lines": [], "start_line": 81}, "AlertRuleUpdate": {"executed_lines": [], "summary": {"covered_lines": 0, "num_statements": 0, "percent_covered": 100.0, "percent_covered_display": "100", "missing_lines": 0, "excluded_lines": 0, "percent_statements_covered": 100.0, "percent_statements_covered_display": "100"}, "missing_lines": [], "excluded_lines": [], "start_line": 98}, "AlertAggregationRuleCreate": {"executed_lines": [], "summary": {"covered_lines": 0, "num_statements": 0, "percent_covered": 100.0, "percent_covered_display": "100", "missing_lines": 0, "excluded_lines": 0, "percent_statements_covered": 100.0, "percent_statements_covered_display": "100"}, "missing_lines": [], "excluded_lines": [], "start_line": 279}, "AlertAggregationRuleUpdate": {"executed_lines": [], "summary": {"covered_lines": 0, "num_statements": 0, "percent_covered": 100.0, "percent_covered_display": "100", "missing_lines": 0, "excluded_lines": 0, "percent_statements_covered": 100.0, "percent_statements_covered_display": "100"}, "missing_lines": [], "excluded_lines": [], "start_line": 293}, "AlertSilenceRuleCreate": {"executed_lines": [], "summary": {"covered_lines": 0, "num_statements": 0, "percent_covered": 100.0, "percent_covered_display": "100", "missing_lines": 0, "excluded_lines": 0, "percent_statements_covered": 100.0, "percent_statements_covered_display": "100"}, "missing_lines": [], "excluded_lines": [], "start_line": 307}, "AlertSilenceRuleUpdate": {"executed_lines": [], "summary": {"covered_lines": 0, "num_statements": 0, "percent_covered": 100.0, "percent_covered_display": "100", "missing_lines": 0, "excluded_lines": 0, "percent_statements_covered": 100.0, "percent_statements_covered_display": "100"}, "missing_lines": [], "excluded_lines": [], "start_line": 320}, "AlertEscalationRuleCreate": {"executed_lines": [], "summary": {"covered_lines": 0, "num_statements": 0, "percent_covered": 100.0, "percent_covered_display": "100", "missing_lines": 0, "excluded_lines": 0, "percent_statements_covered": 100.0, "percent_statements_covered_display": "100"}, "missing_lines": [], "excluded_lines": [], "start_line": 333}, "AlertEscalationRuleUpdate": {"executed_lines": [], "summary": {"covered_lines": 0, "num_statements": 0, "percent_covered": 100.0, "percent_covered_display": "100", "missing_lines": 0, "excluded_lines": 0, "percent_statements_covered": 100.0, "percent_statements_covered_display": "100"}, "missing_lines": [], "excluded_lines": [], "start_line": 346}, "": {"executed_lines": [2, 3, 4, 5, 6, 7, 9, 10, 14, 15, 18, 23, 24, 26, 34, 35, 37, 49, 50, 63, 64, 66, 77, 78, 81, 82, 83, 84, 85, 86, 87, 88, 89, 90, 91, 92, 93, 94, 95, 98, 99, 100, 101, 102, 103, 104, 105, 106, 107, 108, 109, 110, 111, 112, 115, 116, 126, 128, 130, 132, 135, 136, 141, 170, 171, 177, 178, 179, 202, 203, 209, 210, 213, 214, 215, 216, 218, 221, 222, 229, 230, 231, 245, 246, 261, 262, 279, 280, 281, 282, 283, 284, 285, 286, 287, 288, 289, 290, 293, 294, 295, 296, 297, 298, 299, 300, 301, 302, 303, 304, 307, 308, 309, 310, 311, 312, 313, 314, 315, 316, 317, 320, 321, 322, 323, 324, 325, 326, 327, 328, 329, 330, 333, 334, 335, 336, 337, 338, 339, 340, 341, 342, 343, 346, 347, 348, 349, 350, 351, 352, 353, 354, 355, 356, 361, 362, 407, 408, 414, 415, 421, 422, 423, 425, 428, 429, 458, 459, 479, 480, 524, 525, 531, 532, 538, 545, 546, 575, 576, 596, 597, 643, 644, 664, 665, 694, 695], "summary": {"covered_lines": 187, "num_statements": 294, "percent_covered": 63.605442176870746, "percent_covered_display": "64", "missing_lines": 107, "excluded_lines": 0, "percent_statements_covered": 63.605442176870746, "percent_statements_covered_display": "64"}, "missing_lines": [52, 129, 131, 133, 181, 211, 233, 234, 235, 236, 238, 239, 241, 242, 252, 253, 254, 256, 257, 258, 268, 269, 270, 272, 273, 274, 369, 370, 371, 373, 374, 379, 416, 436, 437, 438, 443, 444, 445, 446, 451, 452, 454, 455, 465, 466, 467, 472, 473, 474, 487, 488, 489, 491, 492, 497, 533, 539, 540, 542, 553, 554, 555, 560, 561, 562, 563, 568, 569, 571, 572, 582, 583, 584, 589, 590, 591, 604, 605, 606, 608, 609, 614, 650, 651, 652, 657, 658, 659, 661, 672, 673, 674, 679, 680, 681, 682, 687, 688, 690, 691, 701, 702, 703, 708, 709, 710], "excluded_lines": [], "start_line": 1}}}, "app/api/alerts.py": {"executed_lines": [4, 5, 6, 7, 8, 9, 11, 12, 13, 14, 16, 21, 23, 24, 25, 26, 27, 28, 29, 30, 31, 32, 33, 34, 35, 37, 38, 41, 43, 44, 45, 46, 47, 48, 49, 52, 54, 57, 59, 64, 73, 79, 89, 90, 103, 105, 107, 109, 111, 113, 115, 118, 119, 122, 123, 126, 127, 132, 134, 135, 158, 161, 162, 169, 171, 172, 175, 176, 177, 178, 179, 180, 181, 183, 194, 195, 245, 246, 268, 269, 292, 293, 315, 316, 337, 338, 340, 350, 351, 353, 360, 361, 371, 372], "summary": {"covered_lines": 94, "num_statements": 169, "percent_covered": 55.62130177514793, "percent_covered_display": "56", "missing_lines": 75, "excluded_lines": 0, "percent_statements_covered": 55.62130177514793, "percent_statements_covered_display": "56"}, "missing_lines": [106, 108, 110, 112, 114, 116, 128, 129, 130, 131, 136, 173, 201, 202, 203, 205, 206, 207, 208, 210, 211, 212, 213, 215, 216, 217, 218, 220, 253, 254, 255, 257, 258, 260, 261, 262, 264, 265, 276, 277, 278, 280, 281, 283, 284, 285, 286, 288, 289, 299, 300, 301, 303, 304, 306, 307, 308, 309, 311, 312, 322, 327, 328, 329, 330, 331, 333, 334, 363, 378, 380, 382, 383, 388, 390], "excluded_lines": [], "functions": {"list_alerts": {"executed_lines": [103, 105, 107, 109, 111, 113, 115, 118, 119, 122, 123, 126, 127, 132, 134, 135, 158], "summary": {"covered_lines": 17, "num_statements": 28, "percent_covered": 60.714285714285715, "percent_covered_display": "61", "missing_lines": 11, "excluded_lines": 0, "percent_statements_covered": 60.714285714285715, "percent_statements_covered_display": "61"}, "missing_lines": [106, 108, 110, 112, 114, 116, 128, 129, 130, 131, 136], "excluded_lines": [], "start_line": 90}, "get_alert_stats": {"executed_lines": [169, 171, 172, 175, 176, 177, 178, 179, 180, 181, 183], "summary": {"covered_lines": 11, "num_statements": 12, "percent_covered": 91.66666666666667, "percent_covered_display": "92", "missing_lines": 1, "excluded_lines": 0, "percent_statements_covered": 91.66666666666667, "percent_statements_covered_display": "92"}, "missing_lines": [173], "excluded_lines": [], "start_line": 162}, "get_alert": {"executed_lines": [], "summary": {"covered_lines": 0, "num_statements": 16, "percent_covered": 0.0, "percent_covered_display": "0", "missing_lines": 16, "excluded_lines": 0, "percent_statements_covered": 0.0, "percent_statements_covered_display": "0"}, "missing_lines": [201, 202, 203, 205, 206, 207, 208, 210, 211, 212, 213, 215, 216, 217, 218, 220], "excluded_lines": [], "start_line": 195}, "acknowledge_alert": {"executed_lines": [], "summary": {"covered_lines": 0, "num_statements": 10, "percent_covered": 0.0, "percent_covered_display": "0", "missing_lines": 10, "excluded_lines": 0, "percent_statements_covered": 0.0, "percent_statements_covered_display": "0"}, "missing_lines": [253, 254, 255, 257, 258, 260, 261, 262, 264, 265], "excluded_lines": [], "start_line": 246}, "resolve_alert": {"executed_lines": [], "summary": {"covered_lines": 0, "num_statements": 11, "percent_covered": 0.0, "percent_covered_display": "0", "missing_lines": 11, "excluded_lines": 0, "percent_statements_covered": 0.0, "percent_statements_covered_display": "0"}, "missing_lines": [276, 277, 278, 280, 281, 283, 284, 285, 286, 288, 289], "excluded_lines": [], "start_line": 269}, "ignore_alert": {"executed_lines": [], "summary": {"covered_lines": 0, "num_statements": 11, "percent_covered": 0.0, "percent_covered_display": "0", "missing_lines": 11, "excluded_lines": 0, "percent_statements_covered": 0.0, "percent_statements_covered_display": "0"}, "missing_lines": [299, 300, 301, 303, 304, 306, 307, 308, 309, 311, 312], "excluded_lines": [], "start_line": 293}, "batch_acknowledge_alerts": {"executed_lines": [], "summary": {"covered_lines": 0, "num_statements": 8, "percent_covered": 0.0, "percent_covered_display": "0", "missing_lines": 8, "excluded_lines": 0, "percent_statements_covered": 0.0, "percent_statements_covered_display": "0"}, "missing_lines": [322, 327, 328, 329, 330, 331, 333, 334], "excluded_lines": [], "start_line": 316}, "get_metric_types": {"executed_lines": [340], "summary": {"covered_lines": 1, "num_statements": 1, "percent_covered": 100.0, "percent_covered_display": "100", "missing_lines": 0, "excluded_lines": 0, "percent_statements_covered": 100.0, "percent_statements_covered_display": "100"}, "missing_lines": [], "excluded_lines": [], "start_line": 338}, "get_alert_levels": {"executed_lines": [353], "summary": {"covered_lines": 1, "num_statements": 1, "percent_covered": 100.0, "percent_covered_display": "100", "missing_lines": 0, "excluded_lines": 0, "percent_statements_covered": 100.0, "percent_statements_covered_display": "100"}, "missing_lines": [], "excluded_lines": [], "start_line": 351}, "get_alert_statuses": {"executed_lines": [], "summary": {"covered_lines": 0, "num_statements": 1, "percent_covered": 0.0, "percent_covered_display": "0", "missing_lines": 1, "excluded_lines": 0, "percent_statements_covered": 0.0, "percent_statements_covered_display": "0"}, "missing_lines": [363], "excluded_lines": [], "start_line": 361}, "send_alert_notification": {"executed_lines": [], "summary": {"covered_lines": 0, "num_statements": 6, "percent_covered": 0.0, "percent_covered_display": "0", "missing_lines": 6, "excluded_lines": 0, "percent_statements_covered": 0.0, "percent_statements_covered_display": "0"}, "missing_lines": [378, 380, 382, 383, 388, 390], "excluded_lines": [], "start_line": 372}, "": {"executed_lines": [4, 5, 6, 7, 8, 9, 11, 12, 13, 14, 16, 21, 23, 24, 25, 26, 27, 28, 29, 30, 31, 32, 33, 34, 35, 37, 38, 41, 43, 44, 45, 46, 47, 48, 49, 52, 54, 57, 59, 64, 73, 79, 89, 90, 161, 162, 194, 195, 245, 246, 268, 269, 292, 293, 315, 316, 337, 338, 350, 351, 360, 361, 371, 372], "summary": {"covered_lines": 64, "num_statements": 64, "percent_covered": 100.0, "percent_covered_display": "100", "missing_lines": 0, "excluded_lines": 0, "percent_statements_covered": 100.0, "percent_statements_covered_display": "100"}, "missing_lines": [], "excluded_lines": [], "start_line": 1}}, "classes": {"AlertRecordResponse": {"executed_lines": [], "summary": {"covered_lines": 0, "num_statements": 0, "percent_covered": 100.0, "percent_covered_display": "100", "missing_lines": 0, "excluded_lines": 0, "percent_statements_covered": 100.0, "percent_statements_covered_display": "100"}, "missing_lines": [], "excluded_lines": [], "start_line": 21}, "AlertRecordResponse.Config": {"executed_lines": [], "summary": {"covered_lines": 0, "num_statements": 0, "percent_covered": 100.0, "percent_covered_display": "100", "missing_lines": 0, "excluded_lines": 0, "percent_statements_covered": 100.0, "percent_statements_covered_display": "100"}, "missing_lines": [], "excluded_lines": [], "start_line": 37}, "AlertStats": {"executed_lines": [], "summary": {"covered_lines": 0, "num_statements": 0, "percent_covered": 100.0, "percent_covered_display": "100", "missing_lines": 0, "excluded_lines": 0, "percent_statements_covered": 100.0, "percent_statements_covered_display": "100"}, "missing_lines": [], "excluded_lines": [], "start_line": 41}, "AlertAcknowledge": {"executed_lines": [], "summary": {"covered_lines": 0, "num_statements": 0, "percent_covered": 100.0, "percent_covered_display": "100", "missing_lines": 0, "excluded_lines": 0, "percent_statements_covered": 100.0, "percent_statements_covered_display": "100"}, "missing_lines": [], "excluded_lines": [], "start_line": 52}, "AlertResolve": {"executed_lines": [], "summary": {"covered_lines": 0, "num_statements": 0, "percent_covered": 100.0, "percent_covered_display": "100", "missing_lines": 0, "excluded_lines": 0, "percent_statements_covered": 100.0, "percent_statements_covered_display": "100"}, "missing_lines": [], "excluded_lines": [], "start_line": 57}, "": {"executed_lines": [4, 5, 6, 7, 8, 9, 11, 12, 13, 14, 16, 21, 23, 24, 25, 26, 27, 28, 29, 30, 31, 32, 33, 34, 35, 37, 38, 41, 43, 44, 45, 46, 47, 48, 49, 52, 54, 57, 59, 64, 73, 79, 89, 90, 103, 105, 107, 109, 111, 113, 115, 118, 119, 122, 123, 126, 127, 132, 134, 135, 158, 161, 162, 169, 171, 172, 175, 176, 177, 178, 179, 180, 181, 183, 194, 195, 245, 246, 268, 269, 292, 293, 315, 316, 337, 338, 340, 350, 351, 353, 360, 361, 371, 372], "summary": {"covered_lines": 94, "num_statements": 169, "percent_covered": 55.62130177514793, "percent_covered_display": "56", "missing_lines": 75, "excluded_lines": 0, "percent_statements_covered": 55.62130177514793, "percent_statements_covered_display": "56"}, "missing_lines": [106, 108, 110, 112, 114, 116, 128, 129, 130, 131, 136, 173, 201, 202, 203, 205, 206, 207, 208, 210, 211, 212, 213, 215, 216, 217, 218, 220, 253, 254, 255, 257, 258, 260, 261, 262, 264, 265, 276, 277, 278, 280, 281, 283, 284, 285, 286, 288, 289, 299, 300, 301, 303, 304, 306, 307, 308, 309, 311, 312, 322, 327, 328, 329, 330, 331, 333, 334, 363, 378, 380, 382, 383, 388, 390], "excluded_lines": [], "start_line": 1}}}, "app/api/approval.py": {"executed_lines": [], "summary": {"covered_lines": 0, "num_statements": 509, "percent_covered": 0.0, "percent_covered_display": "0", "missing_lines": 509, "excluded_lines": 0, "percent_statements_covered": 0.0, "percent_statements_covered_display": "0"}, "missing_lines": [4, 5, 6, 7, 8, 9, 10, 11, 12, 13, 15, 16, 19, 23, 24, 25, 26, 27, 30, 31, 32, 34, 36, 39, 42, 44, 45, 46, 47, 48, 49, 50, 53, 55, 56, 57, 58, 59, 61, 62, 70, 72, 81, 84, 86, 87, 88, 89, 91, 100, 103, 119, 120, 121, 124, 125, 127, 128, 131, 132, 134, 135, 136, 137, 138, 139, 140, 141, 142, 143, 144, 145, 146, 147, 149, 150, 159, 161, 163, 164, 165, 167, 168, 169, 170, 171, 174, 188, 189, 190, 193, 194, 196, 197, 198, 199, 201, 202, 205, 213, 215, 216, 218, 220, 221, 222, 224, 225, 226, 227, 228, 231, 232, 246, 247, 248, 258, 265, 267, 268, 274, 276, 279, 280, 281, 288, 295, 296, 312, 320, 321, 322, 323, 324, 326, 327, 329, 335, 339, 340, 341, 342, 345, 350, 353, 361, 370, 380, 381, 382, 385, 386, 388, 389, 390, 391, 394, 395, 396, 398, 401, 406, 409, 418, 429, 455, 456, 457, 460, 461, 462, 465, 466, 467, 470, 473, 478, 481, 482, 483, 486, 487, 489, 490, 492, 494, 497, 498, 501, 502, 503, 506, 507, 508, 510, 511, 512, 513, 514, 515, 518, 519, 520, 523, 524, 525, 527, 528, 531, 532, 533, 534, 535, 536, 537, 538, 539, 541, 543, 590, 593, 594, 608, 615, 616, 617, 618, 619, 620, 621, 622, 623, 624, 625, 626, 627, 628, 630, 631, 634, 635, 637, 638, 640, 646, 647, 653, 659, 660, 666, 668, 674, 677, 678, 685, 686, 687, 689, 691, 692, 693, 697, 698, 700, 703, 704, 705, 709, 710, 712, 715, 716, 722, 723, 724, 725, 730, 731, 732, 733, 734, 737, 738, 741, 742, 743, 746, 747, 748, 750, 752, 753, 758, 759, 761, 762, 763, 764, 766, 767, 768, 769, 770, 771, 772, 773, 774, 775, 776, 777, 778, 779, 780, 781, 784, 785, 789, 790, 791, 792, 793, 795, 796, 797, 798, 799, 800, 801, 804, 805, 806, 807, 809, 810, 812, 836, 837, 838, 841, 842, 852, 855, 856, 864, 866, 867, 868, 869, 871, 872, 873, 874, 877, 901, 902, 903, 906, 907, 908, 909, 910, 911, 912, 913, 914, 916, 919, 932, 933, 936, 937, 938, 940, 942, 945, 946, 953, 955, 956, 957, 962, 963, 969, 970, 971, 977, 983, 986, 987, 988, 989, 990, 991, 994, 995, 998, 999, 1000, 1001, 1003, 1006, 1007, 1008, 1011, 1014, 1022, 1023, 1025, 1027, 1028, 1029, 1030, 1032, 1035, 1036, 1039, 1040, 1041, 1042, 1045, 1046, 1047, 1051, 1052, 1053, 1054, 1055, 1056, 1057, 1058, 1059, 1062, 1063, 1065, 1068, 1070, 1084, 1087, 1088, 1094, 1095, 1096, 1101, 1102, 1108, 1109, 1114, 1116, 1117, 1118, 1120, 1121, 1123, 1125, 1126, 1127, 1130, 1131, 1133, 1134, 1135, 1137, 1139, 1141, 1143, 1144, 1145, 1146, 1147, 1150, 1151, 1152, 1153, 1156, 1169, 1170, 1172, 1175, 1176, 1186, 1188, 1189, 1199, 1200, 1203, 1205, 1206, 1215, 1216, 1223, 1234, 1235, 1236, 1237, 1238, 1241, 1242, 1247, 1250, 1252, 1262, 1263, 1264, 1265, 1266, 1268, 1271, 1273, 1284], "excluded_lines": [], "functions": {"_get_instance_type": {"executed_lines": [], "summary": {"covered_lines": 0, "num_statements": 7, "percent_covered": 0.0, "percent_covered_display": "0", "missing_lines": 7, "excluded_lines": 0, "percent_statements_covered": 0.0, "percent_statements_covered_display": "0"}, "missing_lines": [44, 45, 46, 47, 48, 49, 50], "excluded_lines": [], "start_line": 42}, "_get_rdb_connection": {"executed_lines": [], "summary": {"covered_lines": 0, "num_statements": 10, "percent_covered": 0.0, "percent_covered_display": "0", "missing_lines": 10, "excluded_lines": 0, "percent_statements_covered": 0.0, "percent_statements_covered_display": "0"}, "missing_lines": [55, 56, 57, 58, 59, 61, 62, 70, 72, 81], "excluded_lines": [], "start_line": 53}, "_get_redis_connection": {"executed_lines": [], "summary": {"covered_lines": 0, "num_statements": 6, "percent_covered": 0.0, "percent_covered_display": "0", "missing_lines": 6, "excluded_lines": 0, "percent_statements_covered": 0.0, "percent_statements_covered_display": "0"}, "missing_lines": [86, 87, 88, 89, 91, 100], "excluded_lines": [], "start_line": 84}, "_generate_sql_rollback_with_data": {"executed_lines": [], "summary": {"covered_lines": 0, "num_statements": 35, "percent_covered": 0.0, "percent_covered_display": "0", "missing_lines": 35, "excluded_lines": 0, "percent_statements_covered": 0.0, "percent_statements_covered_display": "0"}, "missing_lines": [119, 120, 121, 124, 125, 127, 128, 131, 132, 134, 135, 136, 137, 138, 139, 140, 141, 142, 143, 144, 145, 146, 147, 149, 150, 159, 161, 163, 164, 165, 167, 168, 169, 170, 171], "excluded_lines": [], "start_line": 103}, "_generate_redis_rollback_with_data": {"executed_lines": [], "summary": {"covered_lines": 0, "num_statements": 24, "percent_covered": 0.0, "percent_covered_display": "0", "missing_lines": 24, "excluded_lines": 0, "percent_statements_covered": 0.0, "percent_statements_covered_display": "0"}, "missing_lines": [188, 189, 190, 193, 194, 196, 197, 198, 199, 201, 202, 205, 213, 215, 216, 218, 220, 221, 222, 224, 225, 226, 227, 228], "excluded_lines": [], "start_line": 174}, "preview_matched_databases": {"executed_lines": [], "summary": {"covered_lines": 0, "num_statements": 13, "percent_covered": 0.0, "percent_covered_display": "0", "missing_lines": 13, "excluded_lines": 0, "percent_statements_covered": 0.0, "percent_statements_covered_display": "0"}, "missing_lines": [246, 247, 248, 258, 265, 267, 268, 274, 276, 279, 280, 281, 288], "excluded_lines": [], "start_line": 232}, "parse_sql_databases": {"executed_lines": [], "summary": {"covered_lines": 0, "num_statements": 9, "percent_covered": 0.0, "percent_covered_display": "0", "missing_lines": 9, "excluded_lines": 0, "percent_statements_covered": 0.0, "percent_statements_covered_display": "0"}, "missing_lines": [312, 320, 321, 322, 323, 324, 326, 327, 329], "excluded_lines": [], "start_line": 296}, "get_sql_preview": {"executed_lines": [], "summary": {"covered_lines": 0, "num_statements": 4, "percent_covered": 0.0, "percent_covered_display": "0", "missing_lines": 4, "excluded_lines": 0, "percent_statements_covered": 0.0, "percent_statements_covered_display": "0"}, "missing_lines": [339, 340, 341, 342], "excluded_lines": [], "start_line": 335}, "analyze_sql_risk": {"executed_lines": [], "summary": {"covered_lines": 0, "num_statements": 17, "percent_covered": 0.0, "percent_covered_display": "0", "missing_lines": 17, "excluded_lines": 0, "percent_statements_covered": 0.0, "percent_statements_covered_display": "0"}, "missing_lines": [350, 353, 361, 370, 380, 381, 382, 385, 386, 388, 389, 390, 391, 394, 395, 396, 398], "excluded_lines": [], "start_line": 345}, "analyze_redis_risk": {"executed_lines": [], "summary": {"covered_lines": 0, "num_statements": 14, "percent_covered": 0.0, "percent_covered_display": "0", "missing_lines": 14, "excluded_lines": 0, "percent_statements_covered": 0.0, "percent_statements_covered_display": "0"}, "missing_lines": [406, 409, 418, 429, 455, 456, 457, 460, 461, 462, 465, 466, 467, 470], "excluded_lines": [], "start_line": 401}, "format_approval_response": {"executed_lines": [], "summary": {"covered_lines": 0, "num_statements": 44, "percent_covered": 0.0, "percent_covered_display": "0", "missing_lines": 44, "excluded_lines": 0, "percent_statements_covered": 0.0, "percent_statements_covered_display": "0"}, "missing_lines": [478, 481, 482, 483, 486, 487, 489, 490, 492, 494, 497, 498, 501, 502, 503, 506, 507, 508, 510, 511, 512, 513, 514, 515, 518, 519, 520, 523, 524, 525, 527, 528, 531, 532, 533, 534, 535, 536, 537, 538, 539, 541, 543, 590], "excluded_lines": [], "start_line": 473}, "list_approvals": {"executed_lines": [], "summary": {"covered_lines": 0, "num_statements": 22, "percent_covered": 0.0, "percent_covered_display": "0", "missing_lines": 22, "excluded_lines": 0, "percent_statements_covered": 0.0, "percent_statements_covered_display": "0"}, "missing_lines": [608, 615, 616, 617, 618, 619, 620, 621, 622, 623, 624, 625, 626, 627, 628, 630, 631, 634, 635, 637, 638, 640], "excluded_lines": [], "start_line": 594}, "get_approval": {"executed_lines": [], "summary": {"covered_lines": 0, "num_statements": 6, "percent_covered": 0.0, "percent_covered_display": "0", "missing_lines": 6, "excluded_lines": 0, "percent_statements_covered": 0.0, "percent_statements_covered_display": "0"}, "missing_lines": [653, 659, 660, 666, 668, 674], "excluded_lines": [], "start_line": 647}, "create_approval": {"executed_lines": [], "summary": {"covered_lines": 0, "num_statements": 120, "percent_covered": 0.0, "percent_covered_display": "0", "missing_lines": 120, "excluded_lines": 0, "percent_statements_covered": 0.0, "percent_statements_covered_display": "0"}, "missing_lines": [685, 686, 687, 689, 691, 692, 693, 697, 698, 700, 703, 704, 705, 709, 710, 712, 715, 716, 722, 723, 724, 725, 730, 731, 732, 733, 734, 737, 738, 741, 742, 743, 746, 747, 748, 750, 752, 753, 758, 759, 761, 762, 763, 764, 766, 767, 768, 769, 770, 771, 772, 773, 774, 775, 776, 777, 778, 779, 780, 781, 784, 785, 789, 790, 791, 792, 793, 795, 796, 797, 798, 799, 800, 801, 804, 805, 806, 807, 809, 810, 812, 836, 837, 838, 841, 842, 852, 855, 856, 864, 866, 867, 868, 869, 871, 872, 873, 874, 877, 901, 902, 903, 906, 907, 908, 909, 910, 911, 912, 913, 914, 916, 919, 932, 933, 936, 937, 938, 940, 942], "excluded_lines": [], "start_line": 678}, "approve_or_reject": {"executed_lines": [], "summary": {"covered_lines": 0, "num_statements": 58, "percent_covered": 0.0, "percent_covered_display": "0", "missing_lines": 58, "excluded_lines": 0, "percent_statements_covered": 0.0, "percent_statements_covered_display": "0"}, "missing_lines": [953, 955, 956, 957, 962, 963, 969, 970, 971, 977, 983, 986, 987, 988, 989, 990, 991, 994, 995, 998, 999, 1000, 1001, 1003, 1006, 1007, 1008, 1011, 1014, 1022, 1023, 1025, 1027, 1028, 1029, 1030, 1032, 1035, 1036, 1039, 1040, 1041, 1042, 1045, 1046, 1047, 1051, 1052, 1053, 1054, 1055, 1056, 1057, 1058, 1059, 1062, 1063, 1065], "excluded_lines": [], "start_line": 946}, "_add_audit_log": {"executed_lines": [], "summary": {"covered_lines": 0, "num_statements": 2, "percent_covered": 0.0, "percent_covered_display": "0", "missing_lines": 2, "excluded_lines": 0, "percent_statements_covered": 0.0, "percent_statements_covered_display": "0"}, "missing_lines": [1070, 1084], "excluded_lines": [], "start_line": 1068}, "execute_approval": {"executed_lines": [], "summary": {"covered_lines": 0, "num_statements": 38, "percent_covered": 0.0, "percent_covered_display": "0", "missing_lines": 38, "excluded_lines": 0, "percent_statements_covered": 0.0, "percent_statements_covered_display": "0"}, "missing_lines": [1094, 1095, 1096, 1101, 1102, 1108, 1109, 1114, 1116, 1117, 1118, 1120, 1121, 1123, 1125, 1126, 1127, 1130, 1131, 1133, 1134, 1135, 1137, 1139, 1141, 1143, 1144, 1145, 1146, 1147, 1150, 1151, 1152, 1153, 1156, 1169, 1170, 1172], "excluded_lines": [], "start_line": 1088}, "dingtalk_approval_action": {"executed_lines": [], "summary": {"covered_lines": 0, "num_statements": 30, "percent_covered": 0.0, "percent_covered_display": "0", "missing_lines": 30, "excluded_lines": 0, "percent_statements_covered": 0.0, "percent_statements_covered_display": "0"}, "missing_lines": [1186, 1188, 1189, 1199, 1200, 1203, 1205, 1206, 1215, 1216, 1223, 1234, 1235, 1236, 1237, 1238, 1241, 1242, 1247, 1250, 1252, 1262, 1263, 1264, 1265, 1266, 1268, 1271, 1273, 1284], "excluded_lines": [], "start_line": 1176}, "": {"executed_lines": [], "summary": {"covered_lines": 0, "num_statements": 50, "percent_covered": 0.0, "percent_covered_display": "0", "missing_lines": 50, "excluded_lines": 0, "percent_statements_covered": 0.0, "percent_statements_covered_display": "0"}, "missing_lines": [4, 5, 6, 7, 8, 9, 10, 11, 12, 13, 15, 16, 19, 23, 24, 25, 26, 27, 30, 31, 32, 34, 36, 39, 42, 53, 84, 103, 174, 231, 232, 295, 296, 335, 345, 401, 473, 593, 594, 646, 647, 677, 678, 945, 946, 1068, 1087, 1088, 1175, 1176], "excluded_lines": [], "start_line": 1}}, "classes": {"": {"executed_lines": [], "summary": {"covered_lines": 0, "num_statements": 509, "percent_covered": 0.0, "percent_covered_display": "0", "missing_lines": 509, "excluded_lines": 0, "percent_statements_covered": 0.0, "percent_statements_covered_display": "0"}, "missing_lines": [4, 5, 6, 7, 8, 9, 10, 11, 12, 13, 15, 16, 19, 23, 24, 25, 26, 27, 30, 31, 32, 34, 36, 39, 42, 44, 45, 46, 47, 48, 49, 50, 53, 55, 56, 57, 58, 59, 61, 62, 70, 72, 81, 84, 86, 87, 88, 89, 91, 100, 103, 119, 120, 121, 124, 125, 127, 128, 131, 132, 134, 135, 136, 137, 138, 139, 140, 141, 142, 143, 144, 145, 146, 147, 149, 150, 159, 161, 163, 164, 165, 167, 168, 169, 170, 171, 174, 188, 189, 190, 193, 194, 196, 197, 198, 199, 201, 202, 205, 213, 215, 216, 218, 220, 221, 222, 224, 225, 226, 227, 228, 231, 232, 246, 247, 248, 258, 265, 267, 268, 274, 276, 279, 280, 281, 288, 295, 296, 312, 320, 321, 322, 323, 324, 326, 327, 329, 335, 339, 340, 341, 342, 345, 350, 353, 361, 370, 380, 381, 382, 385, 386, 388, 389, 390, 391, 394, 395, 396, 398, 401, 406, 409, 418, 429, 455, 456, 457, 460, 461, 462, 465, 466, 467, 470, 473, 478, 481, 482, 483, 486, 487, 489, 490, 492, 494, 497, 498, 501, 502, 503, 506, 507, 508, 510, 511, 512, 513, 514, 515, 518, 519, 520, 523, 524, 525, 527, 528, 531, 532, 533, 534, 535, 536, 537, 538, 539, 541, 543, 590, 593, 594, 608, 615, 616, 617, 618, 619, 620, 621, 622, 623, 624, 625, 626, 627, 628, 630, 631, 634, 635, 637, 638, 640, 646, 647, 653, 659, 660, 666, 668, 674, 677, 678, 685, 686, 687, 689, 691, 692, 693, 697, 698, 700, 703, 704, 705, 709, 710, 712, 715, 716, 722, 723, 724, 725, 730, 731, 732, 733, 734, 737, 738, 741, 742, 743, 746, 747, 748, 750, 752, 753, 758, 759, 761, 762, 763, 764, 766, 767, 768, 769, 770, 771, 772, 773, 774, 775, 776, 777, 778, 779, 780, 781, 784, 785, 789, 790, 791, 792, 793, 795, 796, 797, 798, 799, 800, 801, 804, 805, 806, 807, 809, 810, 812, 836, 837, 838, 841, 842, 852, 855, 856, 864, 866, 867, 868, 869, 871, 872, 873, 874, 877, 901, 902, 903, 906, 907, 908, 909, 910, 911, 912, 913, 914, 916, 919, 932, 933, 936, 937, 938, 940, 942, 945, 946, 953, 955, 956, 957, 962, 963, 969, 970, 971, 977, 983, 986, 987, 988, 989, 990, 991, 994, 995, 998, 999, 1000, 1001, 1003, 1006, 1007, 1008, 1011, 1014, 1022, 1023, 1025, 1027, 1028, 1029, 1030, 1032, 1035, 1036, 1039, 1040, 1041, 1042, 1045, 1046, 1047, 1051, 1052, 1053, 1054, 1055, 1056, 1057, 1058, 1059, 1062, 1063, 1065, 1068, 1070, 1084, 1087, 1088, 1094, 1095, 1096, 1101, 1102, 1108, 1109, 1114, 1116, 1117, 1118, 1120, 1121, 1123, 1125, 1126, 1127, 1130, 1131, 1133, 1134, 1135, 1137, 1139, 1141, 1143, 1144, 1145, 1146, 1147, 1150, 1151, 1152, 1153, 1156, 1169, 1170, 1172, 1175, 1176, 1186, 1188, 1189, 1199, 1200, 1203, 1205, 1206, 1215, 1216, 1223, 1234, 1235, 1236, 1237, 1238, 1241, 1242, 1247, 1250, 1252, 1262, 1263, 1264, 1265, 1266, 1268, 1271, 1273, 1284], "excluded_lines": [], "start_line": 1}}}, "app/api/approval/__init__.py": {"executed_lines": [11, 13, 16, 19], "summary": {"covered_lines": 4, "num_statements": 4, "percent_covered": 100.0, "percent_covered_display": "100", "missing_lines": 0, "excluded_lines": 0, "percent_statements_covered": 100.0, "percent_statements_covered_display": "100"}, "missing_lines": [], "excluded_lines": [], "functions": {"": {"executed_lines": [11, 13, 16, 19], "summary": {"covered_lines": 4, "num_statements": 4, "percent_covered": 100.0, "percent_covered_display": "100", "missing_lines": 0, "excluded_lines": 0, "percent_statements_covered": 100.0, "percent_statements_covered_display": "100"}, "missing_lines": [], "excluded_lines": [], "start_line": 1}}, "classes": {"": {"executed_lines": [11, 13, 16, 19], "summary": {"covered_lines": 4, "num_statements": 4, "percent_covered": 100.0, "percent_covered_display": "100", "missing_lines": 0, "excluded_lines": 0, "percent_statements_covered": 100.0, "percent_statements_covered_display": "100"}, "missing_lines": [], "excluded_lines": [], "start_line": 1}}}, "app/api/approval/endpoints.py": {"executed_lines": [4, 5, 6, 7, 8, 9, 10, 11, 13, 14, 17, 21, 22, 23, 24, 25, 26, 28, 33, 35, 37, 40, 41, 78, 79, 104, 105, 119, 126, 128, 130, 132, 134, 136, 138, 143, 146, 147, 149, 152, 153, 181, 182, 189, 190, 191, 193, 201, 202, 204, 205, 206, 208, 209, 212, 215, 216, 217, 219, 220, 221, 230, 231, 245, 246, 247, 248, 250, 307, 331, 332, 333, 336, 338, 341, 342, 413, 414, 457, 458], "summary": {"covered_lines": 80, "num_statements": 224, "percent_covered": 35.714285714285715, "percent_covered_display": "36", "missing_lines": 144, "excluded_lines": 0, "percent_statements_covered": 35.714285714285715, "percent_statements_covered_display": "36"}, "missing_lines": [50, 51, 52, 58, 65, 66, 67, 69, 70, 71, 72, 73, 75, 85, 93, 94, 95, 96, 97, 98, 99, 101, 127, 129, 131, 133, 135, 137, 139, 140, 141, 144, 159, 165, 166, 171, 173, 178, 194, 195, 196, 197, 198, 199, 203, 226, 227, 228, 229, 233, 234, 238, 239, 240, 241, 242, 251, 252, 276, 277, 278, 280, 281, 287, 289, 290, 296, 298, 299, 300, 301, 302, 303, 304, 305, 349, 350, 351, 353, 354, 356, 357, 358, 359, 360, 363, 364, 366, 367, 368, 369, 370, 372, 373, 374, 375, 376, 377, 380, 381, 386, 387, 389, 390, 391, 392, 393, 396, 397, 402, 403, 405, 406, 408, 410, 420, 421, 422, 424, 425, 427, 428, 429, 430, 432, 433, 434, 436, 438, 439, 440, 442, 443, 445, 446, 448, 449, 450, 451, 452, 453, 454, 461, 473], "excluded_lines": [], "functions": {"preview_matched_databases": {"executed_lines": [], "summary": {"covered_lines": 0, "num_statements": 13, "percent_covered": 0.0, "percent_covered_display": "0", "missing_lines": 13, "excluded_lines": 0, "percent_statements_covered": 0.0, "percent_statements_covered_display": "0"}, "missing_lines": [50, 51, 52, 58, 65, 66, 67, 69, 70, 71, 72, 73, 75], "excluded_lines": [], "start_line": 41}, "parse_sql_databases": {"executed_lines": [], "summary": {"covered_lines": 0, "num_statements": 9, "percent_covered": 0.0, "percent_covered_display": "0", "missing_lines": 9, "excluded_lines": 0, "percent_statements_covered": 0.0, "percent_statements_covered_display": "0"}, "missing_lines": [85, 93, 94, 95, 96, 97, 98, 99, 101], "excluded_lines": [], "start_line": 79}, "list_approvals": {"executed_lines": [119, 126, 128, 130, 132, 134, 136, 138, 143, 146, 147, 149], "summary": {"covered_lines": 12, "num_statements": 22, "percent_covered": 54.54545454545455, "percent_covered_display": "55", "missing_lines": 10, "excluded_lines": 0, "percent_statements_covered": 54.54545454545455, "percent_statements_covered_display": "55"}, "missing_lines": [127, 129, 131, 133, 135, 137, 139, 140, 141, 144], "excluded_lines": [], "start_line": 105}, "get_approval": {"executed_lines": [], "summary": {"covered_lines": 0, "num_statements": 6, "percent_covered": 0.0, "percent_covered_display": "0", "missing_lines": 6, "excluded_lines": 0, "percent_statements_covered": 0.0, "percent_statements_covered_display": "0"}, "missing_lines": [159, 165, 166, 171, 173, 178], "excluded_lines": [], "start_line": 153}, "create_approval": {"executed_lines": [189, 190, 191, 193, 201, 202, 204, 205, 206, 208, 209, 212, 215, 216, 217, 219, 220, 221, 230, 231, 245, 246, 247, 248, 250, 307, 331, 332, 333, 336, 338], "summary": {"covered_lines": 31, "num_statements": 68, "percent_covered": 45.588235294117645, "percent_covered_display": "46", "missing_lines": 37, "excluded_lines": 0, "percent_statements_covered": 45.588235294117645, "percent_statements_covered_display": "46"}, "missing_lines": [194, 195, 196, 197, 198, 199, 203, 226, 227, 228, 229, 233, 234, 238, 239, 240, 241, 242, 251, 252, 276, 277, 278, 280, 281, 287, 289, 290, 296, 298, 299, 300, 301, 302, 303, 304, 305], "excluded_lines": [], "start_line": 182}, "approve_or_reject": {"executed_lines": [], "summary": {"covered_lines": 0, "num_statements": 40, "percent_covered": 0.0, "percent_covered_display": "0", "missing_lines": 40, "excluded_lines": 0, "percent_statements_covered": 0.0, "percent_statements_covered_display": "0"}, "missing_lines": [349, 350, 351, 353, 354, 356, 357, 358, 359, 360, 363, 364, 366, 367, 368, 369, 370, 372, 373, 374, 375, 376, 377, 380, 381, 386, 387, 389, 390, 391, 392, 393, 396, 397, 402, 403, 405, 406, 408, 410], "excluded_lines": [], "start_line": 342}, "execute_approval": {"executed_lines": [], "summary": {"covered_lines": 0, "num_statements": 27, "percent_covered": 0.0, "percent_covered_display": "0", "missing_lines": 27, "excluded_lines": 0, "percent_statements_covered": 0.0, "percent_statements_covered_display": "0"}, "missing_lines": [420, 421, 422, 424, 425, 427, 428, 429, 430, 432, 433, 434, 436, 438, 439, 440, 442, 443, 445, 446, 448, 449, 450, 451, 452, 453, 454], "excluded_lines": [], "start_line": 414}, "dingtalk_approval_action": {"executed_lines": [], "summary": {"covered_lines": 0, "num_statements": 2, "percent_covered": 0.0, "percent_covered_display": "0", "missing_lines": 2, "excluded_lines": 0, "percent_statements_covered": 0.0, "percent_statements_covered_display": "0"}, "missing_lines": [461, 473], "excluded_lines": [], "start_line": 458}, "": {"executed_lines": [4, 5, 6, 7, 8, 9, 10, 11, 13, 14, 17, 21, 22, 23, 24, 25, 26, 28, 33, 35, 37, 40, 41, 78, 79, 104, 105, 152, 153, 181, 182, 341, 342, 413, 414, 457, 458], "summary": {"covered_lines": 37, "num_statements": 37, "percent_covered": 100.0, "percent_covered_display": "100", "missing_lines": 0, "excluded_lines": 0, "percent_statements_covered": 100.0, "percent_statements_covered_display": "100"}, "missing_lines": [], "excluded_lines": [], "start_line": 1}}, "classes": {"": {"executed_lines": [4, 5, 6, 7, 8, 9, 10, 11, 13, 14, 17, 21, 22, 23, 24, 25, 26, 28, 33, 35, 37, 40, 41, 78, 79, 104, 105, 119, 126, 128, 130, 132, 134, 136, 138, 143, 146, 147, 149, 152, 153, 181, 182, 189, 190, 191, 193, 201, 202, 204, 205, 206, 208, 209, 212, 215, 216, 217, 219, 220, 221, 230, 231, 245, 246, 247, 248, 250, 307, 331, 332, 333, 336, 338, 341, 342, 413, 414, 457, 458], "summary": {"covered_lines": 80, "num_statements": 224, "percent_covered": 35.714285714285715, "percent_covered_display": "36", "missing_lines": 144, "excluded_lines": 0, "percent_statements_covered": 35.714285714285715, "percent_statements_covered_display": "36"}, "missing_lines": [50, 51, 52, 58, 65, 66, 67, 69, 70, 71, 72, 73, 75, 85, 93, 94, 95, 96, 97, 98, 99, 101, 127, 129, 131, 133, 135, 137, 139, 140, 141, 144, 159, 165, 166, 171, 173, 178, 194, 195, 196, 197, 198, 199, 203, 226, 227, 228, 229, 233, 234, 238, 239, 240, 241, 242, 251, 252, 276, 277, 278, 280, 281, 287, 289, 290, 296, 298, 299, 300, 301, 302, 303, 304, 305, 349, 350, 351, 353, 354, 356, 357, 358, 359, 360, 363, 364, 366, 367, 368, 369, 370, 372, 373, 374, 375, 376, 377, 380, 381, 386, 387, 389, 390, 391, 392, 393, 396, 397, 402, 403, 405, 406, 408, 410, 420, 421, 422, 424, 425, 427, 428, 429, 430, 432, 433, 434, 436, 438, 439, 440, 442, 443, 445, 446, 448, 449, 450, 451, 452, 453, 454, 461, 473], "excluded_lines": [], "start_line": 1}}}, "app/api/approval/helpers.py": {"executed_lines": [4, 5, 6, 7, 8, 9, 10, 11, 13, 16, 17, 18, 20, 23, 26, 28, 30, 31, 37, 39, 40, 41, 42, 43, 68, 87, 91, 92, 93, 97, 102, 105, 113, 122, 132, 133, 137, 138, 140, 141, 142, 146, 147, 148, 153, 225, 230, 233, 234, 235, 238, 258, 261, 264, 267, 298, 299, 301, 304, 306, 308, 318], "summary": {"covered_lines": 62, "num_statements": 106, "percent_covered": 58.490566037735846, "percent_covered_display": "58", "missing_lines": 44, "excluded_lines": 0, "percent_statements_covered": 58.490566037735846, "percent_statements_covered_display": "58"}, "missing_lines": [29, 32, 33, 34, 45, 46, 54, 56, 65, 70, 71, 72, 73, 75, 84, 94, 134, 143, 150, 158, 161, 170, 181, 207, 208, 209, 212, 213, 214, 217, 218, 219, 222, 239, 241, 242, 244, 246, 249, 250, 253, 254, 255, 259], "excluded_lines": [], "functions": {"get_instance_type": {"executed_lines": [28, 30, 31], "summary": {"covered_lines": 3, "num_statements": 7, "percent_covered": 42.857142857142854, "percent_covered_display": "43", "missing_lines": 4, "excluded_lines": 0, "percent_statements_covered": 42.857142857142854, "percent_statements_covered_display": "43"}, "missing_lines": [29, 32, 33, 34], "excluded_lines": [], "start_line": 26}, "get_rdb_connection": {"executed_lines": [39, 40, 41, 42, 43], "summary": {"covered_lines": 5, "num_statements": 10, "percent_covered": 50.0, "percent_covered_display": "50", "missing_lines": 5, "excluded_lines": 0, "percent_statements_covered": 50.0, "percent_statements_covered_display": "50"}, "missing_lines": [45, 46, 54, 56, 65], "excluded_lines": [], "start_line": 37}, "get_redis_connection": {"executed_lines": [], "summary": {"covered_lines": 0, "num_statements": 6, "percent_covered": 0.0, "percent_covered_display": "0", "missing_lines": 6, "excluded_lines": 0, "percent_statements_covered": 0.0, "percent_statements_covered_display": "0"}, "missing_lines": [70, 71, 72, 73, 75, 84], "excluded_lines": [], "start_line": 68}, "get_sql_preview": {"executed_lines": [91, 92, 93], "summary": {"covered_lines": 3, "num_statements": 4, "percent_covered": 75.0, "percent_covered_display": "75", "missing_lines": 1, "excluded_lines": 0, "percent_statements_covered": 75.0, "percent_statements_covered_display": "75"}, "missing_lines": [94], "excluded_lines": [], "start_line": 87}, "analyze_sql_risk": {"executed_lines": [102, 105, 113, 122, 132, 133, 137, 138, 140, 141, 142, 146, 147, 148], "summary": {"covered_lines": 14, "num_statements": 17, "percent_covered": 82.3529411764706, "percent_covered_display": "82", "missing_lines": 3, "excluded_lines": 0, "percent_statements_covered": 82.3529411764706, "percent_statements_covered_display": "82"}, "missing_lines": [134, 143, 150], "excluded_lines": [], "start_line": 97}, "analyze_redis_risk": {"executed_lines": [], "summary": {"covered_lines": 0, "num_statements": 14, "percent_covered": 0.0, "percent_covered_display": "0", "missing_lines": 14, "excluded_lines": 0, "percent_statements_covered": 0.0, "percent_statements_covered_display": "0"}, "missing_lines": [158, 161, 170, 181, 207, 208, 209, 212, 213, 214, 217, 218, 219, 222], "excluded_lines": [], "start_line": 153}, "format_approval_response": {"executed_lines": [230, 233, 234, 235, 238, 258, 261, 264, 267, 298, 299, 301], "summary": {"covered_lines": 12, "num_statements": 23, "percent_covered": 52.17391304347826, "percent_covered_display": "52", "missing_lines": 11, "excluded_lines": 0, "percent_statements_covered": 52.17391304347826, "percent_statements_covered_display": "52"}, "missing_lines": [239, 241, 242, 244, 246, 249, 250, 253, 254, 255, 259], "excluded_lines": [], "start_line": 225}, "add_audit_log": {"executed_lines": [306, 308, 318], "summary": {"covered_lines": 3, "num_statements": 3, "percent_covered": 100.0, "percent_covered_display": "100", "missing_lines": 0, "excluded_lines": 0, "percent_statements_covered": 100.0, "percent_statements_covered_display": "100"}, "missing_lines": [], "excluded_lines": [], "start_line": 304}, "": {"executed_lines": [4, 5, 6, 7, 8, 9, 10, 11, 13, 16, 17, 18, 20, 23, 26, 37, 68, 87, 97, 153, 225, 304], "summary": {"covered_lines": 22, "num_statements": 22, "percent_covered": 100.0, "percent_covered_display": "100", "missing_lines": 0, "excluded_lines": 0, "percent_statements_covered": 100.0, "percent_statements_covered_display": "100"}, "missing_lines": [], "excluded_lines": [], "start_line": 1}}, "classes": {"": {"executed_lines": [4, 5, 6, 7, 8, 9, 10, 11, 13, 16, 17, 18, 20, 23, 26, 28, 30, 31, 37, 39, 40, 41, 42, 43, 68, 87, 91, 92, 93, 97, 102, 105, 113, 122, 132, 133, 137, 138, 140, 141, 142, 146, 147, 148, 153, 225, 230, 233, 234, 235, 238, 258, 261, 264, 267, 298, 299, 301, 304, 306, 308, 318], "summary": {"covered_lines": 62, "num_statements": 106, "percent_covered": 58.490566037735846, "percent_covered_display": "58", "missing_lines": 44, "excluded_lines": 0, "percent_statements_covered": 58.490566037735846, "percent_statements_covered_display": "58"}, "missing_lines": [29, 32, 33, 34, 45, 46, 54, 56, 65, 70, 71, 72, 73, 75, 84, 94, 134, 143, 150, 158, 161, 170, 181, 207, 208, 209, 212, 213, 214, 217, 218, 219, 222, 239, 241, 242, 244, 246, 249, 250, 253, 254, 255, 259], "excluded_lines": [], "start_line": 1}}}, "app/api/approval/rollback.py": {"executed_lines": [4, 5, 7, 8, 9, 11, 14, 30, 32, 33, 34, 76, 77, 78, 80, 87], "summary": {"covered_lines": 16, "num_statements": 69, "percent_covered": 23.18840579710145, "percent_covered_display": "23", "missing_lines": 53, "excluded_lines": 0, "percent_statements_covered": 23.18840579710145, "percent_statements_covered_display": "23"}, "missing_lines": [37, 38, 40, 41, 44, 45, 47, 48, 49, 50, 51, 52, 53, 54, 55, 56, 57, 58, 59, 60, 62, 63, 72, 74, 81, 82, 83, 84, 101, 103, 104, 105, 108, 109, 111, 112, 113, 114, 116, 117, 120, 128, 130, 131, 133, 135, 136, 137, 139, 140, 141, 142, 143], "excluded_lines": [], "functions": {"generate_sql_rollback_with_data": {"executed_lines": [30, 32, 33, 34, 76, 77, 78, 80], "summary": {"covered_lines": 8, "num_statements": 36, "percent_covered": 22.22222222222222, "percent_covered_display": "22", "missing_lines": 28, "excluded_lines": 0, "percent_statements_covered": 22.22222222222222, "percent_statements_covered_display": "22"}, "missing_lines": [37, 38, 40, 41, 44, 45, 47, 48, 49, 50, 51, 52, 53, 54, 55, 56, 57, 58, 59, 60, 62, 63, 72, 74, 81, 82, 83, 84], "excluded_lines": [], "start_line": 14}, "generate_redis_rollback_with_data": {"executed_lines": [], "summary": {"covered_lines": 0, "num_statements": 25, "percent_covered": 0.0, "percent_covered_display": "0", "missing_lines": 25, "excluded_lines": 0, "percent_statements_covered": 0.0, "percent_statements_covered_display": "0"}, "missing_lines": [101, 103, 104, 105, 108, 109, 111, 112, 113, 114, 116, 117, 120, 128, 130, 131, 133, 135, 136, 137, 139, 140, 141, 142, 143], "excluded_lines": [], "start_line": 87}, "": {"executed_lines": [4, 5, 7, 8, 9, 11, 14, 87], "summary": {"covered_lines": 8, "num_statements": 8, "percent_covered": 100.0, "percent_covered_display": "100", "missing_lines": 0, "excluded_lines": 0, "percent_statements_covered": 100.0, "percent_statements_covered_display": "100"}, "missing_lines": [], "excluded_lines": [], "start_line": 1}}, "classes": {"": {"executed_lines": [4, 5, 7, 8, 9, 11, 14, 30, 32, 33, 34, 76, 77, 78, 80, 87], "summary": {"covered_lines": 16, "num_statements": 69, "percent_covered": 23.18840579710145, "percent_covered_display": "23", "missing_lines": 53, "excluded_lines": 0, "percent_statements_covered": 23.18840579710145, "percent_statements_covered_display": "23"}, "missing_lines": [37, 38, 40, 41, 44, 45, 47, 48, 49, 50, 51, 52, 53, 54, 55, 56, 57, 58, 59, 60, 62, 63, 72, 74, 81, 82, 83, 84, 101, 103, 104, 105, 108, 109, 111, 112, 113, 114, 116, 117, 120, 128, 130, 131, 133, 135, 136, 137, 139, 140, 141, 142, 143], "excluded_lines": [], "start_line": 1}}}, "app/api/audit.py": {"executed_lines": [4, 5, 6, 7, 8, 9, 10, 11, 13, 17, 41, 48, 55, 56, 69, 71, 73, 75, 77, 78, 79, 81, 85, 88, 89, 93, 101, 102, 125, 126, 131, 132, 133, 139, 142, 143], "summary": {"covered_lines": 36, "num_statements": 79, "percent_covered": 45.56962025316456, "percent_covered_display": "46", "missing_lines": 43, "excluded_lines": 0, "percent_statements_covered": 45.56962025316456, "percent_statements_covered_display": "46"}, "missing_lines": [43, 44, 45, 50, 51, 52, 72, 74, 76, 80, 82, 86, 108, 109, 110, 116, 117, 122, 134, 135, 153, 155, 156, 157, 158, 159, 160, 161, 162, 163, 164, 167, 168, 170, 173, 174, 176, 177, 180, 187, 188, 204, 205], "excluded_lines": [], "functions": {"get_operation_type_label": {"executed_lines": [], "summary": {"covered_lines": 0, "num_statements": 3, "percent_covered": 0.0, "percent_covered_display": "0", "missing_lines": 3, "excluded_lines": 0, "percent_statements_covered": 0.0, "percent_statements_covered_display": "0"}, "missing_lines": [43, 44, 45], "excluded_lines": [], "start_line": 41}, "format_log_response": {"executed_lines": [], "summary": {"covered_lines": 0, "num_statements": 3, "percent_covered": 0.0, "percent_covered_display": "0", "missing_lines": 3, "excluded_lines": 0, "percent_statements_covered": 0.0, "percent_statements_covered_display": "0"}, "missing_lines": [50, 51, 52], "excluded_lines": [], "start_line": 48}, "list_audit_logs": {"executed_lines": [69, 71, 73, 75, 77, 78, 79, 81, 85, 88, 89, 93], "summary": {"covered_lines": 12, "num_statements": 18, "percent_covered": 66.66666666666667, "percent_covered_display": "67", "missing_lines": 6, "excluded_lines": 0, "percent_statements_covered": 66.66666666666667, "percent_statements_covered_display": "67"}, "missing_lines": [72, 74, 76, 80, 82, 86], "excluded_lines": [], "start_line": 56}, "get_audit_log": {"executed_lines": [], "summary": {"covered_lines": 0, "num_statements": 6, "percent_covered": 0.0, "percent_covered_display": "0", "missing_lines": 6, "excluded_lines": 0, "percent_statements_covered": 0.0, "percent_statements_covered_display": "0"}, "missing_lines": [108, 109, 110, 116, 117, 122], "excluded_lines": [], "start_line": 102}, "get_operation_types": {"executed_lines": [131, 132, 133, 139], "summary": {"covered_lines": 4, "num_statements": 6, "percent_covered": 66.66666666666667, "percent_covered_display": "67", "missing_lines": 2, "excluded_lines": 0, "percent_statements_covered": 66.66666666666667, "percent_statements_covered_display": "67"}, "missing_lines": [134, 135], "excluded_lines": [], "start_line": 126}, "export_audit_logs": {"executed_lines": [], "summary": {"covered_lines": 0, "num_statements": 23, "percent_covered": 0.0, "percent_covered_display": "0", "missing_lines": 23, "excluded_lines": 0, "percent_statements_covered": 0.0, "percent_statements_covered_display": "0"}, "missing_lines": [153, 155, 156, 157, 158, 159, 160, 161, 162, 163, 164, 167, 168, 170, 173, 174, 176, 177, 180, 187, 188, 204, 205], "excluded_lines": [], "start_line": 143}, "": {"executed_lines": [4, 5, 6, 7, 8, 9, 10, 11, 13, 17, 41, 48, 55, 56, 101, 102, 125, 126, 142, 143], "summary": {"covered_lines": 20, "num_statements": 20, "percent_covered": 100.0, "percent_covered_display": "100", "missing_lines": 0, "excluded_lines": 0, "percent_statements_covered": 100.0, "percent_statements_covered_display": "100"}, "missing_lines": [], "excluded_lines": [], "start_line": 1}}, "classes": {"": {"executed_lines": [4, 5, 6, 7, 8, 9, 10, 11, 13, 17, 41, 48, 55, 56, 69, 71, 73, 75, 77, 78, 79, 81, 85, 88, 89, 93, 101, 102, 125, 126, 131, 132, 133, 139, 142, 143], "summary": {"covered_lines": 36, "num_statements": 79, "percent_covered": 45.56962025316456, "percent_covered_display": "46", "missing_lines": 43, "excluded_lines": 0, "percent_statements_covered": 45.56962025316456, "percent_statements_covered_display": "46"}, "missing_lines": [43, 44, 45, 50, 51, 52, 72, 74, 76, 80, 82, 86, 108, 109, 110, 116, 117, 122, 134, 135, 153, 155, 156, 157, 158, 159, 160, 161, 162, 163, 164, 167, 168, 170, 173, 174, 176, 177, 180, 187, 188, 204, 205], "excluded_lines": [], "start_line": 1}}}, "app/api/auth.py": {"executed_lines": [4, 5, 6, 7, 8, 9, 10, 11, 15, 18, 19, 20, 22, 25, 30, 32, 34, 39, 42, 45, 46, 47, 48, 49, 51, 53, 56, 64, 65, 68, 69, 82, 84, 85, 91, 92, 98, 105, 106, 107, 113, 116, 120, 128, 129, 133, 136, 137, 141, 144, 145, 153, 154, 160, 161, 163, 168, 169, 181, 182, 183, 189, 193, 200, 209, 210, 211, 213, 229, 230, 261, 262, 296, 297], "summary": {"covered_lines": 74, "num_statements": 108, "percent_covered": 68.51851851851852, "percent_covered_display": "69", "missing_lines": 34, "excluded_lines": 0, "percent_statements_covered": 68.51851851851852, "percent_statements_covered_display": "69"}, "missing_lines": [27, 33, 36, 37, 38, 99, 194, 235, 239, 240, 245, 270, 272, 273, 275, 277, 306, 310, 311, 316, 317, 323, 324, 325, 326, 329, 331, 332, 333, 339, 348, 350, 351, 353], "excluded_lines": [], "functions": {"generate_captcha": {"executed_lines": [], "summary": {"covered_lines": 0, "num_statements": 1, "percent_covered": 0.0, "percent_covered_display": "0", "missing_lines": 1, "excluded_lines": 0, "percent_statements_covered": 0.0, "percent_statements_covered_display": "0"}, "missing_lines": [27], "excluded_lines": [], "start_line": 25}, "check_login_attempts": {"executed_lines": [32, 34, 39], "summary": {"covered_lines": 3, "num_statements": 7, "percent_covered": 42.857142857142854, "percent_covered_display": "43", "missing_lines": 4, "excluded_lines": 0, "percent_statements_covered": 42.857142857142854, "percent_statements_covered_display": "43"}, "missing_lines": [33, 36, 37, 38], "excluded_lines": [], "start_line": 30}, "record_login_attempt": {"executed_lines": [45, 46, 47, 48, 49, 51, 53, 56, 64, 65], "summary": {"covered_lines": 10, "num_statements": 10, "percent_covered": 100.0, "percent_covered_display": "100", "missing_lines": 0, "excluded_lines": 0, "percent_statements_covered": 100.0, "percent_statements_covered_display": "100"}, "missing_lines": [], "excluded_lines": [], "start_line": 42}, "login": {"executed_lines": [82, 84, 85, 91, 92, 98, 105, 106, 107, 113, 116, 120], "summary": {"covered_lines": 12, "num_statements": 13, "percent_covered": 92.3076923076923, "percent_covered_display": "92", "missing_lines": 1, "excluded_lines": 0, "percent_statements_covered": 92.3076923076923, "percent_statements_covered_display": "92"}, "missing_lines": [99], "excluded_lines
[...]
0, "percent_statements_covered_display": "0"}, "missing_lines": [322, 323, 324, 325, 326], "excluded_lines": [], "start_line": 320}, "RedisInstanceClient.ping": {"executed_lines": [], "summary": {"covered_lines": 0, "num_statements": 4, "percent_covered": 0.0, "percent_covered_display": "0", "missing_lines": 4, "excluded_lines": 0, "percent_statements_covered": 0.0, "percent_statements_covered_display": "0"}, "missing_lines": [330, 331, 332, 333], "excluded_lines": [], "start_line": 328}, "": {"executed_lines": [5, 6, 7, 10, 13, 36, 37, 59, 65, 81, 88, 104, 124, 142, 152, 157, 164, 195, 210, 230, 246, 257, 266, 273, 281, 288, 296, 312, 320, 328], "summary": {"covered_lines": 30, "num_statements": 30, "percent_covered": 100.0, "percent_covered_display": "100", "missing_lines": 0, "excluded_lines": 0, "percent_statements_covered": 100.0, "percent_statements_covered_display": "100"}, "missing_lines": [], "excluded_lines": [], "start_line": 1}}, "classes": {"RedisInstanceClient": {"executed_lines": [], "summary": {"covered_lines": 0, "num_statements": 147, "percent_covered": 0.0, "percent_covered_display": "0", "missing_lines": 147, "excluded_lines": 0, "percent_statements_covered": 0.0, "percent_statements_covered_display": "0"}, "missing_lines": [24, 25, 26, 27, 28, 29, 30, 39, 40, 42, 50, 57, 61, 62, 63, 70, 71, 72, 73, 74, 75, 76, 77, 78, 79, 83, 84, 85, 86, 90, 91, 106, 107, 126, 127, 144, 145, 154, 155, 159, 160, 161, 162, 166, 167, 168, 169, 171, 172, 180, 181, 182, 183, 184, 185, 186, 187, 188, 189, 191, 192, 193, 197, 198, 199, 200, 201, 202, 203, 204, 205, 206, 208, 212, 213, 215, 216, 217, 218, 219, 220, 221, 222, 223, 224, 226, 227, 228, 240, 241, 242, 243, 244, 248, 249, 250, 251, 252, 253, 254, 255, 259, 260, 261, 262, 263, 264, 268, 269, 270, 271, 275, 276, 277, 278, 279, 283, 284, 285, 286, 290, 291, 292, 293, 294, 298, 299, 300, 301, 302, 308, 309, 310, 314, 315, 316, 317, 318, 322, 323, 324, 325, 326, 330, 331, 332, 333], "excluded_lines": [], "start_line": 10}, "": {"executed_lines": [5, 6, 7, 10, 13, 36, 37, 59, 65, 81, 88, 104, 124, 142, 152, 157, 164, 195, 210, 230, 246, 257, 266, 273, 281, 288, 296, 312, 320, 328], "summary": {"covered_lines": 30, "num_statements": 30, "percent_covered": 100.0, "percent_covered_display": "100", "missing_lines": 0, "excluded_lines": 0, "percent_statements_covered": 100.0, "percent_statements_covered_display": "100"}, "missing_lines": [], "excluded_lines": [], "start_line": 1}}}, "app/utils/structured_logger.py": {"executed_lines": [31, 32, 33, 34, 35, 36, 37, 38, 39, 43, 46, 53, 57, 63, 67, 72, 77, 80, 94, 113, 118, 121, 122, 123, 125, 160, 178, 185, 186, 187, 190, 191, 192, 193, 195, 199, 203, 207, 211, 217, 223, 240, 267, 295, 319, 322, 333, 334, 335, 340, 388, 453, 460, 464, 523], "summary": {"covered_lines": 55, "num_statements": 192, "percent_covered": 28.645833333333332, "percent_covered_display": "29", "missing_lines": 137, "excluded_lines": 2, "percent_statements_covered": 28.645833333333332, "percent_statements_covered_display": "29"}, "missing_lines": [54, 55, 58, 59, 60, 61, 64, 69, 74, 87, 88, 89, 90, 91, 92, 96, 104, 105, 108, 109, 111, 115, 127, 128, 129, 136, 139, 147, 148, 154, 155, 158, 162, 169, 170, 172, 173, 175, 197, 201, 205, 209, 213, 214, 215, 219, 231, 257, 284, 308, 349, 350, 352, 353, 354, 355, 356, 357, 358, 359, 360, 361, 362, 363, 364, 366, 367, 368, 369, 370, 371, 372, 373, 374, 375, 376, 377, 378, 380, 381, 382, 383, 385, 397, 398, 399, 400, 401, 402, 404, 405, 411, 412, 413, 419, 421, 422, 423, 424, 425, 426, 427, 433, 434, 435, 441, 443, 444, 445, 446, 448, 461, 462, 465, 466, 467, 469, 470, 473, 474, 475, 478, 479, 482, 489, 491, 493, 494, 495, 497, 498, 501, 502, 508, 509, 510, 518], "excluded_lines": [341, 389], "functions": {"LogContext.__init__": {"executed_lines": [], "summary": {"covered_lines": 0, "num_statements": 2, "percent_covered": 0.0, "percent_covered_display": "0", "missing_lines": 2, "excluded_lines": 0, "percent_statements_covered": 0.0, "percent_statements_covered_display": "0"}, "missing_lines": [54, 55], "excluded_lines": [], "start_line": 53}, "LogContext.__enter__": {"executed_lines": [], "summary": {"covered_lines": 0, "num_statements": 4, "percent_covered": 0.0, "percent_covered_display": "0", "missing_lines": 4, "excluded_lines": 0, "percent_statements_covered": 0.0, "percent_statements_covered_display": "0"}, "missing_lines": [58, 59, 60, 61], "excluded_lines": [], "start_line": 57}, "LogContext.__exit__": {"executed_lines": [], "summary": {"covered_lines": 0, "num_statements": 1, "percent_covered": 0.0, "percent_covered_display": "0", "missing_lines": 1, "excluded_lines": 0, "percent_statements_covered": 0.0, "percent_statements_covered_display": "0"}, "missing_lines": [64], "excluded_lines": [], "start_line": 63}, "get_request_id": {"executed_lines": [], "summary": {"covered_lines": 0, "num_statements": 1, "percent_covered": 0.0, "percent_covered_display": "0", "missing_lines": 1, "excluded_lines": 0, "percent_statements_covered": 0.0, "percent_statements_covered_display": "0"}, "missing_lines": [69], "excluded_lines": [], "start_line": 67}, "get_current_user_id": {"executed_lines": [], "summary": {"covered_lines": 0, "num_statements": 1, "percent_covered": 0.0, "percent_covered_display": "0", "missing_lines": 1, "excluded_lines": 0, "percent_statements_covered": 0.0, "percent_statements_covered_display": "0"}, "missing_lines": [74], "excluded_lines": [], "start_line": 72}, "StructuredLogRecord.__init__": {"executed_lines": [], "summary": {"covered_lines": 0, "num_statements": 6, "percent_covered": 0.0, "percent_covered_display": "0", "missing_lines": 6, "excluded_lines": 0, "percent_statements_covered": 0.0, "percent_statements_covered_display": "0"}, "missing_lines": [87, 88, 89, 90, 91, 92], "excluded_lines": [], "start_line": 80}, "StructuredLogRecord.to_dict": {"executed_lines": [], "summary": {"covered_lines": 0, "num_statements": 6, "percent_covered": 0.0, "percent_covered_display": "0", "missing_lines": 6, "excluded_lines": 0, "percent_statements_covered": 0.0, "percent_statements_covered_display": "0"}, "missing_lines": [96, 104, 105, 108, 109, 111], "excluded_lines": [], "start_line": 94}, "StructuredLogRecord.to_json": {"executed_lines": [], "summary": {"covered_lines": 0, "num_statements": 1, "percent_covered": 0.0, "percent_covered_display": "0", "missing_lines": 1, "excluded_lines": 0, "percent_statements_covered": 0.0, "percent_statements_covered_display": "0"}, "missing_lines": [115], "excluded_lines": [], "start_line": 113}, "StructuredFormatter.__init__": {"executed_lines": [122, 123], "summary": {"covered_lines": 2, "num_statements": 2, "percent_covered": 100.0, "percent_covered_display": "100", "missing_lines": 0, "excluded_lines": 0, "percent_statements_covered": 100.0, "percent_statements_covered_display": "100"}, "missing_lines": [], "excluded_lines": [], "start_line": 121}, "StructuredFormatter.format": {"executed_lines": [], "summary": {"covered_lines": 0, "num_statements": 10, "percent_covered": 0.0, "percent_covered_display": "0", "missing_lines": 10, "excluded_lines": 0, "percent_statements_covered": 0.0, "percent_statements_covered_display": "0"}, "missing_lines": [127, 128, 129, 136, 139, 147, 148, 154, 155, 158], "excluded_lines": [], "start_line": 125}, "StructuredFormatter._format_readable": {"executed_lines": [], "summary": {"covered_lines": 0, "num_statements": 6, "percent_covered": 0.0, "percent_covered_display": "0", "missing_lines": 6, "excluded_lines": 0, "percent_statements_covered": 0.0, "percent_statements_covered_display": "0"}, "missing_lines": [162, 169, 170, 172, 173, 175], "excluded_lines": [], "start_line": 160}, "StructuredLogger.__init__": {"executed_lines": [186, 187, 190, 191, 192, 193], "summary": {"covered_lines": 6, "num_statements": 6, "percent_covered": 100.0, "percent_covered_display": "100", "missing_lines": 0, "excluded_lines": 0, "percent_statements_covered": 100.0, "percent_statements_covered_display": "100"}, "missing_lines": [], "excluded_lines": [], "start_line": 185}, "StructuredLogger._log": {"executed_lines": [], "summary": {"covered_lines": 0, "num_statements": 1, "percent_covered": 0.0, "percent_covered_display": "0", "missing_lines": 1, "excluded_lines": 0, "percent_statements_covered": 0.0, "percent_statements_covered_display": "0"}, "missing_lines": [197], "excluded_lines": [], "start_line": 195}, "StructuredLogger.debug": {"executed_lines": [], "summary": {"covered_lines": 0, "num_statements": 1, "percent_covered": 0.0, "percent_covered_display": "0", "missing_lines": 1, "excluded_lines": 0, "percent_statements_covered": 0.0, "percent_statements_covered_display": "0"}, "missing_lines": [201], "excluded_lines": [], "start_line": 199}, "StructuredLogger.info": {"executed_lines": [], "summary": {"covered_lines": 0, "num_statements": 1, "percent_covered": 0.0, "percent_covered_display": "0", "missing_lines": 1, "excluded_lines": 0, "percent_statements_covered": 0.0, "percent_statements_covered_display": "0"}, "missing_lines": [205], "excluded_lines": [], "start_line": 203}, "StructuredLogger.warning": {"executed_lines": [], "summary": {"covered_lines": 0, "num_statements": 1, "percent_covered": 0.0, "percent_covered_display": "0", "missing_lines": 1, "excluded_lines": 0, "percent_statements_covered": 0.0, "percent_statements_covered_display": "0"}, "missing_lines": [209], "excluded_lines": [], "start_line": 207}, "StructuredLogger.error": {"executed_lines": [], "summary": {"covered_lines": 0, "num_statements": 3, "percent_covered": 0.0, "percent_covered_display": "0", "missing_lines": 3, "excluded_lines": 0, "percent_statements_covered": 0.0, "percent_statements_covered_display": "0"}, "missing_lines": [213, 214, 215], "excluded_lines": [], "start_line": 211}, "StructuredLogger.critical": {"executed_lines": [], "summary": {"covered_lines": 0, "num_statements": 1, "percent_covered": 0.0, "percent_covered_display": "0", "missing_lines": 1, "excluded_lines": 0, "percent_statements_covered": 0.0, "percent_statements_covered_display": "0"}, "missing_lines": [219], "excluded_lines": [], "start_line": 217}, "StructuredLogger.performance": {"executed_lines": [], "summary": {"covered_lines": 0, "num_statements": 1, "percent_covered": 0.0, "percent_covered_display": "0", "missing_lines": 1, "excluded_lines": 0, "percent_statements_covered": 0.0, "percent_statements_covered_display": "0"}, "missing_lines": [231], "excluded_lines": [], "start_line": 223}, "StructuredLogger.audit": {"executed_lines": [], "summary": {"covered_lines": 0, "num_statements": 1, "percent_covered": 0.0, "percent_covered_display": "0", "missing_lines": 1, "excluded_lines": 0, "percent_statements_covered": 0.0, "percent_statements_covered_display": "0"}, "missing_lines": [257], "excluded_lines": [], "start_line": 240}, "StructuredLogger.api_request": {"executed_lines": [], "summary": {"covered_lines": 0, "num_statements": 1, "percent_covered": 0.0, "percent_covered_display": "0", "missing_lines": 1, "excluded_lines": 0, "percent_statements_covered": 0.0, "percent_statements_covered_display": "0"}, "missing_lines": [284], "excluded_lines": [], "start_line": 267}, "StructuredLogger.security": {"executed_lines": [], "summary": {"covered_lines": 0, "num_statements": 1, "percent_covered": 0.0, "percent_covered_display": "0", "missing_lines": 1, "excluded_lines": 0, "percent_statements_covered": 0.0, "percent_statements_covered_display": "0"}, "missing_lines": [308], "excluded_lines": [], "start_line": 295}, "get_logger": {"executed_lines": [333, 334, 335], "summary": {"covered_lines": 3, "num_statements": 3, "percent_covered": 100.0, "percent_covered_display": "100", "missing_lines": 0, "excluded_lines": 0, "percent_statements_covered": 100.0, "percent_statements_covered_display": "100"}, "missing_lines": [], "excluded_lines": [], "start_line": 322}, "log_performance": {"executed_lines": [], "summary": {"covered_lines": 0, "num_statements": 2, "percent_covered": 0.0, "percent_covered_display": "0", "missing_lines": 2, "excluded_lines": 1, "percent_statements_covered": 0.0, "percent_statements_covered_display": "0"}, "missing_lines": [349, 385], "excluded_lines": [341], "start_line": 340}, "log_performance.decorator": {"executed_lines": [], "summary": {"covered_lines": 0, "num_statements": 9, "percent_covered": 0.0, "percent_covered_display": "0", "missing_lines": 9, "excluded_lines": 0, "percent_statements_covered": 0.0, "percent_statements_covered_display": "0"}, "missing_lines": [350, 352, 353, 366, 367, 380, 381, 382, 383], "excluded_lines": [], "start_line": 349}, "log_performance.decorator.sync_wrapper": {"executed_lines": [], "summary": {"covered_lines": 0, "num_statements": 11, "percent_covered": 0.0, "percent_covered_display": "0", "missing_lines": 11, "excluded_lines": 0, "percent_statements_covered": 0.0, "percent_statements_covered_display": "0"}, "missing_lines": [354, 355, 356, 357, 358, 359, 360, 361, 362, 363, 364], "excluded_lines": [], "start_line": 353}, "log_performance.decorator.async_wrapper": {"executed_lines": [], "summary": {"covered_lines": 0, "num_statements": 11, "percent_covered": 0.0, "percent_covered_display": "0", "missing_lines": 11, "excluded_lines": 0, "percent_statements_covered": 0.0, "percent_statements_covered_display": "0"}, "missing_lines": [368, 369, 370, 371, 372, 373, 374, 375, 376, 377, 378], "excluded_lines": [], "start_line": 367}, "log_audit": {"executed_lines": [], "summary": {"covered_lines": 0, "num_statements": 3, "percent_covered": 0.0, "percent_covered_display": "0", "missing_lines": 3, "excluded_lines": 1, "percent_statements_covered": 0.0, "percent_statements_covered_display": "0"}, "missing_lines": [397, 398, 448], "excluded_lines": [389], "start_line": 388}, "log_audit.decorator": {"executed_lines": [], "summary": {"covered_lines": 0, "num_statements": 7, "percent_covered": 0.0, "percent_covered_display": "0", "missing_lines": 7, "excluded_lines": 0, "percent_statements_covered": 0.0, "percent_statements_covered_display": "0"}, "missing_lines": [399, 421, 422, 443, 444, 445, 446], "excluded_lines": [], "start_line": 397}, "log_audit.decorator.sync_wrapper": {"executed_lines": [], "summary": {"covered_lines": 0, "num_statements": 9, "percent_covered": 0.0, "percent_covered_display": "0", "missing_lines": 9, "excluded_lines": 0, "percent_statements_covered": 0.0, "percent_statements_covered_display": "0"}, "missing_lines": [400, 401, 402, 404, 405, 411, 412, 413, 419], "excluded_lines": [], "start_line": 399}, "log_audit.decorator.async_wrapper": {"executed_lines": [], "summary": {"covered_lines": 0, "num_statements": 9, "percent_covered": 0.0, "percent_covered_display": "0", "missing_lines": 9, "excluded_lines": 0, "percent_statements_covered": 0.0, "percent_statements_covered_display": "0"}, "missing_lines": [423, 424, 425, 426, 427, 433, 434, 435, 441], "excluded_lines": [], "start_line": 422}, "RequestLoggingMiddleware.__init__": {"executed_lines": [], "summary": {"covered_lines": 0, "num_statements": 2, "percent_covered": 0.0, "percent_covered_display": "0", "missing_lines": 2, "excluded_lines": 0, "percent_statements_covered": 0.0, "percent_statements_covered_display": "0"}, "missing_lines": [461, 462], "excluded_lines": [], "start_line": 460}, "RequestLoggingMiddleware.__call__": {"executed_lines": [], "summary": {"covered_lines": 0, "num_statements": 21, "percent_covered": 0.0, "percent_covered_display": "0", "missing_lines": 21, "excluded_lines": 0, "percent_statements_covered": 0.0, "percent_statements_covered_display": "0"}, "missing_lines": [465, 466, 467, 469, 470, 473, 474, 475, 478, 479, 482, 489, 491, 497, 498, 501, 502, 508, 509, 510, 518], "excluded_lines": [], "start_line": 464}, "RequestLoggingMiddleware.__call__.send_wrapper": {"executed_lines": [], "summary": {"covered_lines": 0, "num_statements": 3, "percent_covered": 0.0, "percent_covered_display": "0", "missing_lines": 3, "excluded_lines": 0, "percent_statements_covered": 0.0, "percent_statements_covered_display": "0"}, "missing_lines": [493, 494, 495], "excluded_lines": [], "start_line": 491}, "": {"executed_lines": [31, 32, 33, 34, 35, 36, 37, 38, 39, 43, 46, 53, 57, 63, 67, 72, 77, 80, 94, 113, 118, 121, 125, 160, 178, 185, 195, 199, 203, 207, 211, 217, 223, 240, 267, 295, 319, 322, 340, 388, 453, 460, 464, 523], "summary": {"covered_lines": 44, "num_statements": 44, "percent_covered": 100.0, "percent_covered_display": "100", "missing_lines": 0, "excluded_lines": 0, "percent_statements_covered": 100.0, "percent_statements_covered_display": "100"}, "missing_lines": [], "excluded_lines": [], "start_line": 1}}, "classes": {"LogContext": {"executed_lines": [], "summary": {"covered_lines": 0, "num_statements": 7, "percent_covered": 0.0, "percent_covered_display": "0", "missing_lines": 7, "excluded_lines": 0, "percent_statements_covered": 0.0, "percent_statements_covered_display": "0"}, "missing_lines": [54, 55, 58, 59, 60, 61, 64], "excluded_lines": [], "start_line": 46}, "StructuredLogRecord": {"executed_lines": [], "summary": {"covered_lines": 0, "num_statements": 13, "percent_covered": 0.0, "percent_covered_display": "0", "missing_lines": 13, "excluded_lines": 0, "percent_statements_covered": 0.0, "percent_statements_covered_display": "0"}, "missing_lines": [87, 88, 89, 90, 91, 92, 96, 104, 105, 108, 109, 111, 115], "excluded_lines": [], "start_line": 77}, "StructuredFormatter": {"executed_lines": [122, 123], "summary": {"covered_lines": 2, "num_statements": 18, "percent_covered": 11.11111111111111, "percent_covered_display": "11", "missing_lines": 16, "excluded_lines": 0, "percent_statements_covered": 11.11111111111111, "percent_statements_covered_display": "11"}, "missing_lines": [127, 128, 129, 136, 139, 147, 148, 154, 155, 158, 162, 169, 170, 172, 173, 175], "excluded_lines": [], "start_line": 118}, "StructuredLogger": {"executed_lines": [186, 187, 190, 191, 192, 193], "summary": {"covered_lines": 6, "num_statements": 18, "percent_covered": 33.333333333333336, "percent_covered_display": "33", "missing_lines": 12, "excluded_lines": 0, "percent_statements_covered": 33.333333333333336, "percent_statements_covered_display": "33"}, "missing_lines": [197, 201, 205, 209, 213, 214, 215, 219, 231, 257, 284, 308], "excluded_lines": [], "start_line": 178}, "RequestLoggingMiddleware": {"executed_lines": [], "summary": {"covered_lines": 0, "num_statements": 26, "percent_covered": 0.0, "percent_covered_display": "0", "missing_lines": 26, "excluded_lines": 0, "percent_statements_covered": 0.0, "percent_statements_covered_display": "0"}, "missing_lines": [461, 462, 465, 466, 467, 469, 470, 473, 474, 475, 478, 479, 482, 489, 491, 493, 494, 495, 497, 498, 501, 502, 508, 509, 510, 518], "excluded_lines": [], "start_line": 453}, "": {"executed_lines": [31, 32, 33, 34, 35, 36, 37, 38, 39, 43, 46, 53, 57, 63, 67, 72, 77, 80, 94, 113, 118, 121, 125, 160, 178, 185, 195, 199, 203, 207, 211, 217, 223, 240, 267, 295, 319, 322, 333, 334, 335, 340, 388, 453, 460, 464, 523], "summary": {"covered_lines": 47, "num_statements": 110, "percent_covered": 42.72727272727273, "percent_covered_display": "43", "missing_lines": 63, "excluded_lines": 2, "percent_statements_covered": 42.72727272727273, "percent_statements_covered_display": "43"}, "missing_lines": [69, 74, 349, 350, 352, 353, 354, 355, 356, 357, 358, 359, 360, 361, 362, 363, 364, 366, 367, 368, 369, 370, 371, 372, 373, 374, 375, 376, 377, 378, 380, 381, 382, 383, 385, 397, 398, 399, 400, 401, 402, 404, 405, 411, 412, 413, 419, 421, 422, 423, 424, 425, 426, 427, 433, 434, 435, 441, 443, 444, 445, 446, 448], "excluded_lines": [341, 389], "start_line": 1}}}}, "totals": {"covered_lines": 8452, "num_statements": 17329, "percent_covered": 48.77373189451209, "percent_covered_display": "49", "missing_lines": 8877, "excluded_lines": 6, "percent_statements_covered": 48.77373189451209, "percent_statements_covered_display": "49"}}